This file contains any messages produced by compilers while
running configure, to aid debugging if configure makes a mistake.

It was created by Innoket Core configure 2.1.0, which was
generated by GNU Autoconf 2.69.  Invocation command line was

  $ ./configure 

## --------- ##
## Platform. ##
## --------- ##

hostname = Akshays-MacBook-Pro.local
uname -m = x86_64
uname -r = 17.3.0
uname -s = Darwin
uname -v = Darwin Kernel Version 17.3.0: Thu Nov  9 18:09:22 PST 2017; root:xnu-4570.31.3~1/RELEASE_X86_64

/usr/bin/uname -p = i386
/bin/uname -X     = unknown

/bin/arch              = unknown
/usr/bin/arch -k       = unknown
/usr/convex/getsysinfo = unknown
/usr/bin/hostinfo      = Mach kernel version:
	 Darwin Kernel Version 17.3.0: Thu Nov  9 18:09:22 PST 2017; root:xnu-4570.31.3~1/RELEASE_X86_64
Kernel configured for up to 8 processors.
4 processors are physically available.
8 processors are logically available.
Processor type: x86_64h (Intel x86-64h Haswell)
Processors active: 0 1 2 3 4 5 6 7
Primary memory available: 6.00 gigabytes
Default processor set: 243 tasks, 1675 threads, 8 processors
Load average: 3.84, Mach factor: 4.15
/bin/machine           = unknown
/usr/bin/oslevel       = unknown
/bin/universe          = unknown

PATH: /usr/local/opt/qt@5.5/bin
PATH: /usr/local/opt/qt@5.5/bin
PATH: /usr/local/opt/qt/bin
PATH: /usr/local/opt/qt@5.5/bin
PATH: /usr/local/opt/qt/bin
PATH: /opt/local/bin
PATH: /opt/local/sbin
PATH: /usr/local/bin
PATH: /usr/bin
PATH: /bin
PATH: /usr/sbin
PATH: /sbin
PATH: /opt/X11/bin


## ----------- ##
## Core tests. ##
## ----------- ##

configure:2930: checking build system type
configure:2944: result: x86_64-apple-darwin17.3.0
configure:2964: checking host system type
configure:2977: result: x86_64-apple-darwin17.3.0
configure:3020: checking for a BSD-compatible install
configure:3088: result: /usr/bin/install -c
configure:3099: checking whether build environment is sane
configure:3154: result: yes
configure:3305: checking for a thread-safe mkdir -p
configure:3344: result: build-aux/install-sh -c -d
configure:3351: checking for gawk
configure:3381: result: no
configure:3351: checking for mawk
configure:3381: result: no
configure:3351: checking for nawk
configure:3381: result: no
configure:3351: checking for awk
configure:3367: found /usr/bin/awk
configure:3378: result: awk
configure:3389: checking whether make sets $(MAKE)
configure:3411: result: yes
configure:3440: checking whether make supports nested variables
configure:3457: result: yes
configure:3576: checking whether to enable maintainer-specific portions of Makefiles
configure:3585: result: yes
configure:3610: checking whether make supports nested variables
configure:3627: result: yes
configure:3702: checking for g++
configure:3718: found /usr/bin/g++
configure:3729: result: g++
configure:3756: checking for C++ compiler version
configure:3765: g++ --version >&5
Apple LLVM version 9.0.0 (clang-900.0.39.2)
Target: x86_64-apple-darwin17.3.0
Thread model: posix
InstalledDir: /Applications/Xcode.app/Contents/Developer/Toolchains/XcodeDefault.xctoolchain/usr/bin
Configured with: --prefix=/Applications/Xcode.app/Contents/Developer/usr --with-gxx-include-dir=/usr/include/c++/4.2.1
configure:3776: $? = 0
configure:3765: g++ -v >&5
Configured with: --prefix=/Applications/Xcode.app/Contents/Developer/usr --with-gxx-include-dir=/usr/include/c++/4.2.1
Apple LLVM version 9.0.0 (clang-900.0.39.2)
Target: x86_64-apple-darwin17.3.0
Thread model: posix
InstalledDir: /Applications/Xcode.app/Contents/Developer/Toolchains/XcodeDefault.xctoolchain/usr/bin
configure:3776: $? = 0
configure:3765: g++ -V >&5
clang: error: argument to '-V' is missing (expected 1 value)
clang: error: no input files
configure:3776: $? = 1
configure:3765: g++ -qversion >&5
clang: error: unknown argument: '-qversion'
clang: error: no input files
configure:3776: $? = 1
configure:3796: checking whether the C++ compiler works
configure:3818: g++    conftest.cpp  >&5
configure:3822: $? = 0
configure:3870: result: yes
configure:3873: checking for C++ compiler default output file name
configure:3875: result: a.out
configure:3881: checking for suffix of executables
configure:3888: g++ -o conftest    conftest.cpp  >&5
configure:3892: $? = 0
configure:3914: result: 
configure:3936: checking whether we are cross compiling
configure:3944: g++ -o conftest    conftest.cpp  >&5
configure:3948: $? = 0
configure:3955: ./conftest
configure:3959: $? = 0
configure:3974: result: no
configure:3979: checking for suffix of object files
configure:4001: g++ -c   conftest.cpp >&5
configure:4005: $? = 0
configure:4026: result: o
configure:4030: checking whether we are using the GNU C++ compiler
configure:4049: g++ -c   conftest.cpp >&5
configure:4049: $? = 0
configure:4058: result: yes
configure:4067: checking whether g++ accepts -g
configure:4087: g++ -c -g  conftest.cpp >&5
configure:4087: $? = 0
configure:4128: result: yes
configure:4154: checking whether make supports the include directive
configure:4169: make -f confmf.GNU && cat confinc.out
this is the am__doit target
configure:4172: $? = 0
configure:4191: result: yes (GNU style)
configure:4216: checking dependency style of g++
configure:4327: result: gcc3
configure:4356: checking whether g++ supports C++11 features by default
configure:4650: g++ -c -g -O2  conftest.cpp >&5
conftest.cpp:20:2: error: "This is not a C++11 compiler"
#error "This is not a C++11 compiler"
 ^
1 error generated.
configure:4650: $? = 1
configure: failed program was:
| /* confdefs.h */
| #define PACKAGE_NAME "Innoket Core"
| #define PACKAGE_TARNAME "innoket"
| #define PACKAGE_VERSION "2.1.0"
| #define PACKAGE_STRING "Innoket Core 2.1.0"
| #define PACKAGE_BUGREPORT "http://bit.innokets"
| #define PACKAGE_URL ""
| /* end confdefs.h.  */
| 
| 
| // If the compiler admits that it is not ready for C++11, why torture it?
| // Hopefully, this will speed up the test.
| 
| #ifndef __cplusplus
| 
| #error "This is not a C++ compiler"
| 
| #elif __cplusplus < 201103L
| 
| #error "This is not a C++11 compiler"
| 
| #else
| 
| namespace cxx11
| {
| 
|   namespace test_static_assert
|   {
| 
|     template <typename T>
|     struct check
|     {
|       static_assert(sizeof(int) <= sizeof(T), "not big enough");
|     };
| 
|   }
| 
|   namespace test_final_override
|   {
| 
|     struct Base
|     {
|       virtual void f() {}
|     };
| 
|     struct Derived : public Base
|     {
|       virtual void f() override {}
|     };
| 
|   }
| 
|   namespace test_double_right_angle_brackets
|   {
| 
|     template < typename T >
|     struct check {};
| 
|     typedef check<void> single_type;
|     typedef check<check<void>> double_type;
|     typedef check<check<check<void>>> triple_type;
|     typedef check<check<check<check<void>>>> quadruple_type;
| 
|   }
| 
|   namespace test_decltype
|   {
| 
|     int
|     f()
|     {
|       int a = 1;
|       decltype(a) b = 2;
|       return a + b;
|     }
| 
|   }
| 
|   namespace test_type_deduction
|   {
| 
|     template < typename T1, typename T2 >
|     struct is_same
|     {
|       static const bool value = false;
|     };
| 
|     template < typename T >
|     struct is_same<T, T>
|     {
|       static const bool value = true;
|     };
| 
|     template < typename T1, typename T2 >
|     auto
|     add(T1 a1, T2 a2) -> decltype(a1 + a2)
|     {
|       return a1 + a2;
|     }
| 
|     int
|     test(const int c, volatile int v)
|     {
|       static_assert(is_same<int, decltype(0)>::value == true, "");
|       static_assert(is_same<int, decltype(c)>::value == false, "");
|       static_assert(is_same<int, decltype(v)>::value == false, "");
|       auto ac = c;
|       auto av = v;
|       auto sumi = ac + av + 'x';
|       auto sumf = ac + av + 1.0;
|       static_assert(is_same<int, decltype(ac)>::value == true, "");
|       static_assert(is_same<int, decltype(av)>::value == true, "");
|       static_assert(is_same<int, decltype(sumi)>::value == true, "");
|       static_assert(is_same<int, decltype(sumf)>::value == false, "");
|       static_assert(is_same<int, decltype(add(c, v))>::value == true, "");
|       return (sumf > 0.0) ? sumi : add(c, v);
|     }
| 
|   }
| 
|   namespace test_noexcept
|   {
| 
|     int f() { return 0; }
|     int g() noexcept { return 0; }
| 
|     static_assert(noexcept(f()) == false, "");
|     static_assert(noexcept(g()) == true, "");
| 
|   }
| 
|   namespace test_constexpr
|   {
| 
|     template < typename CharT >
|     unsigned long constexpr
|     strlen_c_r(const CharT *const s, const unsigned long acc) noexcept
|     {
|       return *s ? strlen_c_r(s + 1, acc + 1) : acc;
|     }
| 
|     template < typename CharT >
|     unsigned long constexpr
|     strlen_c(const CharT *const s) noexcept
|     {
|       return strlen_c_r(s, 0UL);
|     }
| 
|     static_assert(strlen_c("") == 0UL, "");
|     static_assert(strlen_c("1") == 1UL, "");
|     static_assert(strlen_c("example") == 7UL, "");
|     static_assert(strlen_c("another\0example") == 7UL, "");
| 
|   }
| 
|   namespace test_rvalue_references
|   {
| 
|     template < int N >
|     struct answer
|     {
|       static constexpr int value = N;
|     };
| 
|     answer<1> f(int&)       { return answer<1>(); }
|     answer<2> f(const int&) { return answer<2>(); }
|     answer<3> f(int&&)      { return answer<3>(); }
| 
|     void
|     test()
|     {
|       int i = 0;
|       const int c = 0;
|       static_assert(decltype(f(i))::value == 1, "");
|       static_assert(decltype(f(c))::value == 2, "");
|       static_assert(decltype(f(0))::value == 3, "");
|     }
| 
|   }
| 
|   namespace test_uniform_initialization
|   {
| 
|     struct test
|     {
|       static const int zero {};
|       static const int one {1};
|     };
| 
|     static_assert(test::zero == 0, "");
|     static_assert(test::one == 1, "");
| 
|   }
| 
|   namespace test_lambdas
|   {
| 
|     void
|     test1()
|     {
|       auto lambda1 = [](){};
|       auto lambda2 = lambda1;
|       lambda1();
|       lambda2();
|     }
| 
|     int
|     test2()
|     {
|       auto a = [](int i, int j){ return i + j; }(1, 2);
|       auto b = []() -> int { return '0'; }();
|       auto c = [=](){ return a + b; }();
|       auto d = [&](){ return c; }();
|       auto e = [a, &b](int x) mutable {
|         const auto identity = [](int y){ return y; };
|         for (auto i = 0; i < a; ++i)
|           a += b--;
|         return x + identity(a + b);
|       }(0);
|       return a + b + c + d + e;
|     }
| 
|     int
|     test3()
|     {
|       const auto nullary = [](){ return 0; };
|       const auto unary = [](int x){ return x; };
|       using nullary_t = decltype(nullary);
|       using unary_t = decltype(unary);
|       const auto higher1st = [](nullary_t f){ return f(); };
|       const auto higher2nd = [unary](nullary_t f1){
|         return [unary, f1](unary_t f2){ return f2(unary(f1())); };
|       };
|       return higher1st(nullary) + higher2nd(nullary)(unary);
|     }
| 
|   }
| 
|   namespace test_variadic_templates
|   {
| 
|     template <int...>
|     struct sum;
| 
|     template <int N0, int... N1toN>
|     struct sum<N0, N1toN...>
|     {
|       static constexpr auto value = N0 + sum<N1toN...>::value;
|     };
| 
|     template <>
|     struct sum<>
|     {
|       static constexpr auto value = 0;
|     };
| 
|     static_assert(sum<>::value == 0, "");
|     static_assert(sum<1>::value == 1, "");
|     static_assert(sum<23>::value == 23, "");
|     static_assert(sum<1, 2>::value == 3, "");
|     static_assert(sum<5, 5, 11>::value == 21, "");
|     static_assert(sum<2, 3, 5, 7, 11, 13>::value == 41, "");
| 
|   }
| 
|   // http://stackoverflow.com/questions/13728184/template-aliases-and-sfinae
|   // Clang 3.1 fails with headers of libstd++ 4.8.3 when using std::function
|   // because of this.
|   namespace test_template_alias_sfinae
|   {
| 
|     struct foo {};
| 
|     template<typename T>
|     using member = typename T::member_type;
| 
|     template<typename T>
|     void func(...) {}
| 
|     template<typename T>
|     void func(member<T>*) {}
| 
|     void test();
| 
|     void test() { func<foo>(0); }
| 
|   }
| 
| }  // namespace cxx11
| 
| #endif  // __cplusplus >= 201103L
| 
| 
| 
configure:4657: result: no
configure:4668: checking whether g++ supports C++11 features with -std=c++11
configure:4964: g++ -std=c++11 -c -g -O2  conftest.cpp >&5
configure:4964: $? = 0
configure:4973: result: yes
configure:5119: checking for Objective C++ compiler version
configure:5128: g++ -std=c++11 --version >&5
Apple LLVM version 9.0.0 (clang-900.0.39.2)
Target: x86_64-apple-darwin17.3.0
Thread model: posix
InstalledDir: /Applications/Xcode.app/Contents/Developer/Toolchains/XcodeDefault.xctoolchain/usr/bin
configure:5139: $? = 0
configure:5128: g++ -std=c++11 -v >&5
Apple LLVM version 9.0.0 (clang-900.0.39.2)
Target: x86_64-apple-darwin17.3.0
Thread model: posix
InstalledDir: /Applications/Xcode.app/Contents/Developer/Toolchains/XcodeDefault.xctoolchain/usr/bin
clang: warning: argument unused during compilation: '-std=c++11' [-Wunused-command-line-argument]
configure:5139: $? = 0
configure:5128: g++ -std=c++11 -V >&5
clang: error: argument to '-V' is missing (expected 1 value)
clang: error: no input files
configure:5139: $? = 1
configure:5128: g++ -std=c++11 -qversion >&5
clang: error: unknown argument: '-qversion'
clang: error: no input files
configure:5139: $? = 1
configure:5143: checking whether we are using the GNU Objective C++ compiler
configure:5162: g++ -std=c++11 -c   conftest.mm >&5
configure:5162: $? = 0
configure:5171: result: yes
configure:5180: checking whether g++ -std=c++11 accepts -g
configure:5200: g++ -std=c++11 -c -g  conftest.mm >&5
configure:5200: $? = 0
configure:5241: result: yes
configure:5266: checking dependency style of g++ -std=c++11
configure:5375: result: gcc3
configure:5437: checking how to print strings
configure:5464: result: printf
configure:5533: checking for gcc
configure:5549: found /usr/bin/gcc
configure:5560: result: gcc
configure:5789: checking for C compiler version
configure:5798: gcc --version >&5
Apple LLVM version 9.0.0 (clang-900.0.39.2)
Target: x86_64-apple-darwin17.3.0
Thread model: posix
InstalledDir: /Applications/Xcode.app/Contents/Developer/Toolchains/XcodeDefault.xctoolchain/usr/bin
Configured with: --prefix=/Applications/Xcode.app/Contents/Developer/usr --with-gxx-include-dir=/usr/include/c++/4.2.1
configure:5809: $? = 0
configure:5798: gcc -v >&5
Configured with: --prefix=/Applications/Xcode.app/Contents/Developer/usr --with-gxx-include-dir=/usr/include/c++/4.2.1
Apple LLVM version 9.0.0 (clang-900.0.39.2)
Target: x86_64-apple-darwin17.3.0
Thread model: posix
InstalledDir: /Applications/Xcode.app/Contents/Developer/Toolchains/XcodeDefault.xctoolchain/usr/bin
configure:5809: $? = 0
configure:5798: gcc -V >&5
clang: error: argument to '-V' is missing (expected 1 value)
clang: error: no input files
configure:5809: $? = 1
configure:5798: gcc -qversion >&5
clang: error: unknown argument: '-qversion'
clang: error: no input files
configure:5809: $? = 1
configure:5813: checking whether we are using the GNU C compiler
configure:5832: gcc -c   conftest.c >&5
configure:5832: $? = 0
configure:5841: result: yes
configure:5850: checking whether gcc accepts -g
configure:5870: gcc -c -g  conftest.c >&5
configure:5870: $? = 0
configure:5911: result: yes
configure:5928: checking for gcc option to accept ISO C89
configure:5991: gcc  -c -g -O2  conftest.c >&5
configure:5991: $? = 0
configure:6004: result: none needed
configure:6029: checking whether gcc understands -c and -o together
configure:6051: gcc -c conftest.c -o conftest2.o
configure:6054: $? = 0
configure:6051: gcc -c conftest.c -o conftest2.o
configure:6054: $? = 0
configure:6066: result: yes
configure:6085: checking dependency style of gcc
configure:6196: result: gcc3
configure:6211: checking for a sed that does not truncate output
configure:6275: result: /usr/bin/sed
configure:6293: checking for grep that handles long lines and -e
configure:6351: result: /usr/bin/grep
configure:6356: checking for egrep
configure:6418: result: /usr/bin/grep -E
configure:6423: checking for fgrep
configure:6485: result: /usr/bin/grep -F
configure:6520: checking for ld used by gcc
configure:6587: result: /Applications/Xcode.app/Contents/Developer/Toolchains/XcodeDefault.xctoolchain/usr/bin/ld
configure:6594: checking if the linker (/Applications/Xcode.app/Contents/Developer/Toolchains/XcodeDefault.xctoolchain/usr/bin/ld) is GNU ld
configure:6609: result: no
configure:6621: checking for BSD- or MS-compatible name lister (nm)
configure:6675: result: /usr/bin/nm -B
configure:6805: checking the name lister (/usr/bin/nm -B) interface
configure:6812: gcc -c -g -O2  conftest.c >&5
configure:6815: /usr/bin/nm -B "conftest.o"
configure:6818: output
00000000000001cc S _some_variable
configure:6825: result: BSD nm
configure:6828: checking whether ln -s works
configure:6832: result: yes
configure:6840: checking the maximum length of command line arguments
configure:6971: result: 196608
configure:7019: checking how to convert x86_64-apple-darwin17.3.0 file names to x86_64-apple-darwin17.3.0 format
configure:7059: result: func_convert_file_noop
configure:7066: checking how to convert x86_64-apple-darwin17.3.0 file names to toolchain format
configure:7086: result: func_convert_file_noop
configure:7093: checking for /Applications/Xcode.app/Contents/Developer/Toolchains/XcodeDefault.xctoolchain/usr/bin/ld option to reload object files
configure:7100: result: -r
configure:7174: checking for objdump
configure:7190: found /usr/bin/objdump
configure:7201: result: objdump
configure:7233: checking how to recognize dependent libraries
configure:7433: result: pass_all
configure:7518: checking for dlltool
configure:7548: result: no
configure:7578: checking how to associate runtime and link libraries
configure:7605: result: printf %s\n
configure:7666: checking for ar
configure:7682: found /usr/bin/ar
configure:7693: result: ar
configure:7730: checking for archiver @FILE support
configure:7747: gcc -c -g -O2  conftest.c >&5
configure:7747: $? = 0
configure:7750: ar cru libconftest.a @conftest.lst >&5
ar: @conftest.lst: No such file or directory
configure:7753: $? = 1
configure:7773: result: no
configure:7831: checking for strip
configure:7847: found /usr/bin/strip
configure:7858: result: strip
configure:7930: checking for ranlib
configure:7946: found /usr/bin/ranlib
configure:7957: result: ranlib
configure:8059: checking command to parse /usr/bin/nm -B output from gcc object
configure:8212: gcc -c -g -O2  conftest.c >&5
configure:8215: $? = 0
configure:8219: /usr/bin/nm -B conftest.o \| sed -n -e 's/^.*[ ]\([BCDEGRST][BCDEGRST]*\)[ ][ ]*\([_A-Za-z][_A-Za-z0-9]*\)$/\1 \2 \2/p' | sed '/ __gnu_lto/d' \> conftest.nm
configure:8222: $? = 0
cannot find nm_test_var in conftest.nm
configure:8212: gcc -c -g -O2  conftest.c >&5
configure:8215: $? = 0
configure:8219: /usr/bin/nm -B conftest.o \| sed -n -e 's/^.*[ ]\([BCDEGRST][BCDEGRST]*\)[ ][ ]*_\([_A-Za-z][_A-Za-z0-9]*\)$/\1 _\2 \2/p' | sed '/ __gnu_lto/d' \> conftest.nm
configure:8222: $? = 0
configure:8288: gcc -o conftest -g -O2   conftest.c conftstm.o >&5
warning: (x86_64)  could not find object file symbol for symbol _main
configure:8291: $? = 0
configure:8329: result: ok
configure:8376: checking for sysroot
configure:8406: result: no
configure:8413: checking for a working dd
configure:8451: result: /bin/dd
configure:8455: checking how to truncate binary pipes
configure:8470: result: /bin/dd bs=4096 count=1
configure:8799: checking for mt
configure:8829: result: no
configure:8849: checking if : is a manifest tool
configure:8855: : '-?'
configure:8863: result: no
configure:8919: checking for dsymutil
configure:8935: found /usr/bin/dsymutil
configure:8946: result: dsymutil
configure:9011: checking for nmedit
configure:9027: found /usr/bin/nmedit
configure:9038: result: nmedit
configure:9103: checking for lipo
configure:9119: found /usr/bin/lipo
configure:9130: result: lipo
configure:9195: checking for otool
configure:9211: found /usr/bin/otool
configure:9222: result: otool
configure:9287: checking for otool64
configure:9317: result: no
configure:9362: checking for -single_module linker flag
gcc -g -O2  -o libconftest.dylib -dynamiclib -Wl,-single_module conftest.c
configure:9395: result: yes
configure:9398: checking for -exported_symbols_list linker flag
configure:9418: gcc -o conftest -g -O2   -Wl,-exported_symbols_list,conftest.sym conftest.c  >&5
configure:9418: $? = 0
configure:9428: result: yes
configure:9431: checking for -force_load linker flag
gcc -g -O2 -c -o conftest.o conftest.c
ar cru libconftest.a conftest.o
ranlib libconftest.a
gcc -g -O2  -o conftest conftest.c -Wl,-force_load,./libconftest.a
configure:9463: result: yes
configure:9540: checking how to run the C preprocessor
configure:9571: gcc -E  conftest.c
configure:9571: $? = 0
configure:9585: gcc -E  conftest.c
conftest.c:10:10: fatal error: 'ac_nonexistent.h' file not found
#include <ac_nonexistent.h>
         ^~~~~~~~~~~~~~~~~~
1 error generated.
configure:9585: $? = 1
configure: failed program was:
| /* confdefs.h */
| #define PACKAGE_NAME "Innoket Core"
| #define PACKAGE_TARNAME "innoket"
| #define PACKAGE_VERSION "2.1.0"
| #define PACKAGE_STRING "Innoket Core 2.1.0"
| #define PACKAGE_BUGREPORT "http://bit.innokets"
| #define PACKAGE_URL ""
| #define HAVE_CXX11 1
| /* end confdefs.h.  */
| #include <ac_nonexistent.h>
configure:9610: result: gcc -E
configure:9630: gcc -E  conftest.c
configure:9630: $? = 0
configure:9644: gcc -E  conftest.c
conftest.c:10:10: fatal error: 'ac_nonexistent.h' file not found
#include <ac_nonexistent.h>
         ^~~~~~~~~~~~~~~~~~
1 error generated.
configure:9644: $? = 1
configure: failed program was:
| /* confdefs.h */
| #define PACKAGE_NAME "Innoket Core"
| #define PACKAGE_TARNAME "innoket"
| #define PACKAGE_VERSION "2.1.0"
| #define PACKAGE_STRING "Innoket Core 2.1.0"
| #define PACKAGE_BUGREPORT "http://bit.innokets"
| #define PACKAGE_URL ""
| #define HAVE_CXX11 1
| /* end confdefs.h.  */
| #include <ac_nonexistent.h>
configure:9673: checking for ANSI C header files
configure:9693: gcc -c -g -O2  conftest.c >&5
configure:9693: $? = 0
configure:9766: gcc -o conftest -g -O2   conftest.c  >&5
configure:9766: $? = 0
configure:9766: ./conftest
configure:9766: $? = 0
configure:9777: result: yes
configure:9790: checking for sys/types.h
configure:9790: gcc -c -g -O2  conftest.c >&5
configure:9790: $? = 0
configure:9790: result: yes
configure:9790: checking for sys/stat.h
configure:9790: gcc -c -g -O2  conftest.c >&5
configure:9790: $? = 0
configure:9790: result: yes
configure:9790: checking for stdlib.h
configure:9790: gcc -c -g -O2  conftest.c >&5
configure:9790: $? = 0
configure:9790: result: yes
configure:9790: checking for string.h
configure:9790: gcc -c -g -O2  conftest.c >&5
configure:9790: $? = 0
configure:9790: result: yes
configure:9790: checking for memory.h
configure:9790: gcc -c -g -O2  conftest.c >&5
configure:9790: $? = 0
configure:9790: result: yes
configure:9790: checking for strings.h
configure:9790: gcc -c -g -O2  conftest.c >&5
configure:9790: $? = 0
configure:9790: result: yes
configure:9790: checking for inttypes.h
configure:9790: gcc -c -g -O2  conftest.c >&5
configure:9790: $? = 0
configure:9790: result: yes
configure:9790: checking for stdint.h
configure:9790: gcc -c -g -O2  conftest.c >&5
configure:9790: $? = 0
configure:9790: result: yes
configure:9790: checking for unistd.h
configure:9790: gcc -c -g -O2  conftest.c >&5
configure:9790: $? = 0
configure:9790: result: yes
configure:9804: checking for dlfcn.h
configure:9804: gcc -c -g -O2  conftest.c >&5
configure:9804: $? = 0
configure:9804: result: yes
configure:10069: checking for objdir
configure:10084: result: .libs
configure:10348: checking if gcc supports -fno-rtti -fno-exceptions
configure:10366: gcc -c -g -O2  -fno-rtti -fno-exceptions conftest.c >&5
configure:10370: $? = 0
configure:10383: result: yes
configure:10741: checking for gcc option to produce PIC
configure:10748: result: -fno-common -DPIC
configure:10756: checking if gcc PIC flag -fno-common -DPIC works
configure:10774: gcc -c -g -O2  -fno-common -DPIC -DPIC conftest.c >&5
configure:10778: $? = 0
configure:10791: result: yes
configure:10820: checking if gcc static flag -static works
configure:10848: result: no
configure:10863: checking if gcc supports -c -o file.o
configure:10884: gcc -c -g -O2  -o out/conftest2.o conftest.c >&5
configure:10888: $? = 0
configure:10910: result: yes
configure:10918: checking if gcc supports -c -o file.o
configure:10965: result: yes
configure:10998: checking whether the gcc linker (/Applications/Xcode.app/Contents/Developer/Toolchains/XcodeDefault.xctoolchain/usr/bin/ld) supports shared libraries
configure:12257: result: yes
configure:12497: checking dynamic linker characteristics
configure:13315: result: darwin17.3.0 dyld
configure:13437: checking how to hardcode library paths into programs
configure:13462: result: immediate
configure:14010: checking whether stripping libraries is possible
configure:14024: result: yes
configure:14050: checking if libtool supports shared libraries
configure:14052: result: yes
configure:14055: checking whether to build shared libraries
configure:14080: result: yes
configure:14083: checking whether to build static libraries
configure:14087: result: yes
configure:14110: checking how to run the C++ preprocessor
configure:14137: g++ -std=c++11 -E  conftest.cpp
configure:14137: $? = 0
configure:14151: g++ -std=c++11 -E  conftest.cpp
conftest.cpp:22:10: fatal error: 'ac_nonexistent.h' file not found
#include <ac_nonexistent.h>
         ^~~~~~~~~~~~~~~~~~
1 error generated.
configure:14151: $? = 1
configure: failed program was:
| /* confdefs.h */
| #define PACKAGE_NAME "Innoket Core"
| #define PACKAGE_TARNAME "innoket"
| #define PACKAGE_VERSION "2.1.0"
| #define PACKAGE_STRING "Innoket Core 2.1.0"
| #define PACKAGE_BUGREPORT "http://bit.innokets"
| #define PACKAGE_URL ""
| #define HAVE_CXX11 1
| #define STDC_HEADERS 1
| #define HAVE_SYS_TYPES_H 1
| #define HAVE_SYS_STAT_H 1
| #define HAVE_STDLIB_H 1
| #define HAVE_STRING_H 1
| #define HAVE_MEMORY_H 1
| #define HAVE_STRINGS_H 1
| #define HAVE_INTTYPES_H 1
| #define HAVE_STDINT_H 1
| #define HAVE_UNISTD_H 1
| #define HAVE_DLFCN_H 1
| #define LT_OBJDIR ".libs/"
| /* end confdefs.h.  */
| #include <ac_nonexistent.h>
configure:14176: result: g++ -std=c++11 -E
configure:14196: g++ -std=c++11 -E  conftest.cpp
configure:14196: $? = 0
configure:14210: g++ -std=c++11 -E  conftest.cpp
conftest.cpp:22:10: fatal error: 'ac_nonexistent.h' file not found
#include <ac_nonexistent.h>
         ^~~~~~~~~~~~~~~~~~
1 error generated.
configure:14210: $? = 1
configure: failed program was:
| /* confdefs.h */
| #define PACKAGE_NAME "Innoket Core"
| #define PACKAGE_TARNAME "innoket"
| #define PACKAGE_VERSION "2.1.0"
| #define PACKAGE_STRING "Innoket Core 2.1.0"
| #define PACKAGE_BUGREPORT "http://bit.innokets"
| #define PACKAGE_URL ""
| #define HAVE_CXX11 1
| #define STDC_HEADERS 1
| #define HAVE_SYS_TYPES_H 1
| #define HAVE_SYS_STAT_H 1
| #define HAVE_STDLIB_H 1
| #define HAVE_STRING_H 1
| #define HAVE_MEMORY_H 1
| #define HAVE_STRINGS_H 1
| #define HAVE_INTTYPES_H 1
| #define HAVE_STDINT_H 1
| #define HAVE_UNISTD_H 1
| #define HAVE_DLFCN_H 1
| #define LT_OBJDIR ".libs/"
| /* end confdefs.h.  */
| #include <ac_nonexistent.h>
configure:14372: checking for ld used by g++ -std=c++11
configure:14439: result: /Applications/Xcode.app/Contents/Developer/Toolchains/XcodeDefault.xctoolchain/usr/bin/ld
configure:14446: checking if the linker (/Applications/Xcode.app/Contents/Developer/Toolchains/XcodeDefault.xctoolchain/usr/bin/ld) is GNU ld
configure:14461: result: no
configure:14516: checking whether the g++ -std=c++11 linker (/Applications/Xcode.app/Contents/Developer/Toolchains/XcodeDefault.xctoolchain/usr/bin/ld) supports shared libraries
configure:15589: result: yes
configure:15625: g++ -std=c++11 -c -g -O2  conftest.cpp >&5
configure:15628: $? = 0
configure:16109: checking for g++ -std=c++11 option to produce PIC
configure:16116: result: -fno-common -DPIC
configure:16124: checking if g++ -std=c++11 PIC flag -fno-common -DPIC works
configure:16142: g++ -std=c++11 -c -g -O2  -fno-common -DPIC -DPIC conftest.cpp >&5
configure:16146: $? = 0
configure:16159: result: yes
configure:16182: checking if g++ -std=c++11 static flag -static works
configure:16210: result: no
configure:16222: checking if g++ -std=c++11 supports -c -o file.o
configure:16243: g++ -std=c++11 -c -g -O2  -o out/conftest2.o conftest.cpp >&5
configure:16247: $? = 0
configure:16269: result: yes
configure:16274: checking if g++ -std=c++11 supports -c -o file.o
configure:16321: result: yes
configure:16351: checking whether the g++ -std=c++11 linker (/Applications/Xcode.app/Contents/Developer/Toolchains/XcodeDefault.xctoolchain/usr/bin/ld) supports shared libraries
configure:16391: result: yes
configure:16532: checking dynamic linker characteristics
configure:17277: result: darwin17.3.0 dyld
configure:17342: checking how to hardcode library paths into programs
configure:17367: result: immediate
configure:17475: checking for ar
configure:17493: found /usr/bin/ar
configure:17505: result: /usr/bin/ar
configure:17573: checking for ranlib
configure:17591: found /usr/bin/ranlib
configure:17603: result: /usr/bin/ranlib
configure:17671: checking for strip
configure:17689: found /usr/bin/strip
configure:17701: result: /usr/bin/strip
configure:17769: checking for gcov
configure:17787: found /usr/bin/gcov
configure:17799: result: /usr/bin/gcov
configure:17823: checking for lcov
configure:17856: result: no
configure:17863: checking for java
configure:17881: found /usr/bin/java
configure:17893: result: /usr/bin/java
configure:17905: checking for python3
configure:17923: found /usr/local/bin/python3
configure:17935: result: /usr/local/bin/python3
configure:17948: checking for genhtml
configure:17981: result: no
configure:17988: checking for git
configure:18006: found /usr/bin/git
configure:18018: result: /usr/bin/git
configure:18028: checking for ccache
configure:18061: result: no
configure:18068: checking for xgettext
configure:18086: found /opt/local/bin/xgettext
configure:18098: result: /opt/local/bin/xgettext
configure:18108: checking for hexdump
configure:18126: found /usr/bin/hexdump
configure:18138: result: /usr/bin/hexdump
configure:18192: checking for readelf
configure:18225: result: no
configure:18290: checking for c++filt
configure:18308: found /usr/bin/c++filt
configure:18320: result: /usr/bin/c++filt
configure:18388: checking for objcopy
configure:18421: result: no
configure:18589: checking for pkg-config
configure:18607: found /usr/local/bin/pkg-config
configure:18619: result: /usr/local/bin/pkg-config
configure:18644: checking pkg-config is at least version 0.9.0
configure:18647: result: yes
configure:19830: checking for port
configure:19846: found /opt/local/bin/port
configure:19857: result: port
configure:19878: checking for rsvg-convert
configure:19896: found /usr/local/bin/rsvg-convert
configure:19908: result: /usr/local/bin/rsvg-convert
configure:19922: checking for brew
configure:19938: found /usr/local/bin/brew
configure:19949: result: brew
configure:20367: checking whether the linker accepts -Wl,-headerpad_max_install_names
configure:20386: g++ -std=c++11 -o conftest -g -O2 -Wall -Wextra -Wformat -Wformat-security -Wno-unused-parameter  -DBOOST_SPIRIT_THREADSAFE -DHAVE_BUILD_INFO -D__STDC_FORMAT_MACROS -isystem /opt/local/include -I/opt/local/include/db48 -I/usr/local/opt/berkeley-db@4/include   -Wl,-headerpad_max_install_names conftest.cpp  -L/opt/local/lib -L/opt/local/lib/db48 -L/usr/local/opt/berkeley-db@4/lib >&5
configure:20386: $? = 0
configure:20395: result: yes
configure:20482: checking whether byte ordering is bigendian
configure:20497: g++ -std=c++11 -c -g -O2 -Wall -Wextra -Wformat -Wformat-security -Wno-unused-parameter  -DBOOST_SPIRIT_THREADSAFE -DHAVE_BUILD_INFO -D__STDC_FORMAT_MACROS -isystem /opt/local/include -I/opt/local/include/db48 -I/usr/local/opt/berkeley-db@4/include -DMAC_OSX conftest.cpp >&5
configure:20497: $? = 0
configure:20542: g++ -std=c++11 -c -g -O2 -Wall -Wextra -Wformat -Wformat-security -Wno-unused-parameter  -DBOOST_SPIRIT_THREADSAFE -DHAVE_BUILD_INFO -D__STDC_FORMAT_MACROS -isystem /opt/local/include -I/opt/local/include/db48 -I/usr/local/opt/berkeley-db@4/include -DMAC_OSX conftest.cpp >&5
configure:20542: $? = 0
configure:20560: g++ -std=c++11 -c -g -O2 -Wall -Wextra -Wformat -Wformat-security -Wno-unused-parameter  -DBOOST_SPIRIT_THREADSAFE -DHAVE_BUILD_INFO -D__STDC_FORMAT_MACROS -isystem /opt/local/include -I/opt/local/include/db48 -I/usr/local/opt/berkeley-db@4/include -DMAC_OSX conftest.cpp >&5
conftest.cpp:29:11: error: expected ';' after expression
                 not big endian
                        ^
                        ;
conftest.cpp:29:8: error: use of undeclared identifier 'big'
                 not big endian
                     ^
conftest.cpp:29:12: error: use of undeclared identifier 'endian'
                 not big endian
                         ^
3 errors generated.
configure:20560: $? = 1
configure: failed program was:
| /* confdefs.h */
| #define PACKAGE_NAME "Innoket Core"
| #define PACKAGE_TARNAME "innoket"
| #define PACKAGE_VERSION "2.1.0"
| #define PACKAGE_STRING "Innoket Core 2.1.0"
| #define PACKAGE_BUGREPORT "http://bit.innokets"
| #define PACKAGE_URL ""
| #define HAVE_CXX11 1
| #define STDC_HEADERS 1
| #define HAVE_SYS_TYPES_H 1
| #define HAVE_SYS_STAT_H 1
| #define HAVE_STDLIB_H 1
| #define HAVE_STRING_H 1
| #define HAVE_MEMORY_H 1
| #define HAVE_STRINGS_H 1
| #define HAVE_INTTYPES_H 1
| #define HAVE_STDINT_H 1
| #define HAVE_UNISTD_H 1
| #define HAVE_DLFCN_H 1
| #define LT_OBJDIR ".libs/"
| /* end confdefs.h.  */
| #include <sys/types.h>
| 		#include <sys/param.h>
| 
| int
| main ()
| {
| #if BYTE_ORDER != BIG_ENDIAN
| 		 not big endian
| 		#endif
| 
|   ;
|   return 0;
| }
configure:20688: result: no
configure:20818: checking if compiler needs -Werror to reject unknown flags
configure:20834: gcc -c -g -O2 -Werror -Wunknown-warning-option -Wsizeof-array-argument  -DBOOST_SPIRIT_THREADSAFE -DHAVE_BUILD_INFO -D__STDC_FORMAT_MACROS -isystem /opt/local/include -I/opt/local/include/db48 -I/usr/local/opt/berkeley-db@4/include -DMAC_OSX conftest.c >&5
configure:20834: $? = 0
configure:20835: result: yes
configure:20855: checking whether pthreads work with -pthread
configure:20943: gcc -o conftest -g -O2 -pthread -Werror  -DBOOST_SPIRIT_THREADSAFE -DHAVE_BUILD_INFO -D__STDC_FORMAT_MACROS -isystem /opt/local/include -I/opt/local/include/db48 -I/usr/local/opt/berkeley-db@4/include -DMAC_OSX  -Wl,-headerpad_max_install_names conftest.c   -L/opt/local/lib -L/opt/local/lib/db48 -L/usr/local/opt/berkeley-db@4/lib >&5
configure:20943: $? = 0
configure:20952: result: yes
configure:20971: checking for joinable pthread attribute
configure:20986: gcc -o conftest -g -O2 -pthread  -DBOOST_SPIRIT_THREADSAFE -DHAVE_BUILD_INFO -D__STDC_FORMAT_MACROS -isystem /opt/local/include -I/opt/local/include/db48 -I/usr/local/opt/berkeley-db@4/include -DMAC_OSX  -Wl,-headerpad_max_install_names conftest.c   -L/opt/local/lib -L/opt/local/lib/db48 -L/usr/local/opt/berkeley-db@4/lib >&5
configure:20986: $? = 0
configure:20992: result: PTHREAD_CREATE_JOINABLE
configure:21002: checking if more special flags are required for pthreads
configure:21017: result: -D_THREAD_SAFE
configure:21023: checking for PTHREAD_PRIO_INHERIT
configure:21040: gcc -o conftest -g -O2 -pthread  -DBOOST_SPIRIT_THREADSAFE -DHAVE_BUILD_INFO -D__STDC_FORMAT_MACROS -isystem /opt/local/include -I/opt/local/include/db48 -I/usr/local/opt/berkeley-db@4/include -DMAC_OSX  -Wl,-headerpad_max_install_names conftest.c   -L/opt/local/lib -L/opt/local/lib/db48 -L/usr/local/opt/berkeley-db@4/lib >&5
configure:21040: $? = 0
configure:21049: result: yes
configure:21159: checking for special C compiler options needed for large files
configure:21204: result: no
configure:21210: checking for _FILE_OFFSET_BITS value needed for large files
configure:21235: g++ -std=c++11 -c -g -O2 -Wall -Wextra -Wformat -Wformat-security -Wno-unused-parameter  -DBOOST_SPIRIT_THREADSAFE -DHAVE_BUILD_INFO -D__STDC_FORMAT_MACROS -isystem /opt/local/include -I/opt/local/include/db48 -I/usr/local/opt/berkeley-db@4/include -DMAC_OSX conftest.cpp >&5
configure:21235: $? = 0
configure:21267: result: no
configure:21353: checking whether strerror_r is declared
configure:21353: g++ -std=c++11 -c -g -O2 -Wall -Wextra -Wformat -Wformat-security -Wno-unused-parameter  -DBOOST_SPIRIT_THREADSAFE -DHAVE_BUILD_INFO -D__STDC_FORMAT_MACROS -isystem /opt/local/include -I/opt/local/include/db48 -I/usr/local/opt/berkeley-db@4/include -DMAC_OSX conftest.cpp >&5
configure:21353: $? = 0
configure:21353: result: yes
configure:21366: checking for strerror_r
configure:21366: g++ -std=c++11 -o conftest -g -O2 -Wall -Wextra -Wformat -Wformat-security -Wno-unused-parameter  -DBOOST_SPIRIT_THREADSAFE -DHAVE_BUILD_INFO -D__STDC_FORMAT_MACROS -isystem /opt/local/include -I/opt/local/include/db48 -I/usr/local/opt/berkeley-db@4/include -DMAC_OSX  -Wl,-headerpad_max_install_names conftest.cpp  -L/opt/local/lib -L/opt/local/lib/db48 -L/usr/local/opt/berkeley-db@4/lib >&5
configure:21366: $? = 0
configure:21366: result: yes
configure:21375: checking whether strerror_r returns char *
configure:21399: g++ -std=c++11 -c -g -O2 -Wall -Wextra -Wformat -Wformat-security -Wno-unused-parameter  -DBOOST_SPIRIT_THREADSAFE -DHAVE_BUILD_INFO -D__STDC_FORMAT_MACROS -isystem /opt/local/include -I/opt/local/include/db48 -I/usr/local/opt/berkeley-db@4/include -DMAC_OSX conftest.cpp >&5
conftest.cpp:64:13: error: indirection requires pointer operand ('int' invalid)
          char x = *strerror_r (0, buf, sizeof buf);
                   ^~~~~~~~~~~~~~~~~~~~~~~~~~~~~~~~
conftest.cpp:65:10: error: cannot initialize a variable of type 'char *' with an rvalue of type 'int'
          char *p = strerror_r (0, buf, sizeof buf);
                ^   ~~~~~~~~~~~~~~~~~~~~~~~~~~~~~~~
2 errors generated.
configure:21399: $? = 1
configure: failed program was:
| /* confdefs.h */
| #define PACKAGE_NAME "Innoket Core"
| #define PACKAGE_TARNAME "innoket"
| #define PACKAGE_VERSION "2.1.0"
| #define PACKAGE_STRING "Innoket Core 2.1.0"
| #define PACKAGE_BUGREPORT "http://bit.innokets"
| #define PACKAGE_URL ""
| #define HAVE_CXX11 1
| #define STDC_HEADERS 1
| #define HAVE_SYS_TYPES_H 1
| #define HAVE_SYS_STAT_H 1
| #define HAVE_STDLIB_H 1
| #define HAVE_STRING_H 1
| #define HAVE_MEMORY_H 1
| #define HAVE_STRINGS_H 1
| #define HAVE_INTTYPES_H 1
| #define HAVE_STDINT_H 1
| #define HAVE_UNISTD_H 1
| #define HAVE_DLFCN_H 1
| #define LT_OBJDIR ".libs/"
| #define HAVE_PTHREAD_PRIO_INHERIT 1
| #define HAVE_PTHREAD 1
| #define HAVE_DECL_STRERROR_R 1
| #define HAVE_STRERROR_R 1
| /* end confdefs.h.  */
| #include <stdio.h>
| #ifdef HAVE_SYS_TYPES_H
| # include <sys/types.h>
| #endif
| #ifdef HAVE_SYS_STAT_H
| # include <sys/stat.h>
| #endif
| #ifdef STDC_HEADERS
| # include <stdlib.h>
| # include <stddef.h>
| #else
| # ifdef HAVE_STDLIB_H
| #  include <stdlib.h>
| # endif
| #endif
| #ifdef HAVE_STRING_H
| # if !defined STDC_HEADERS && defined HAVE_MEMORY_H
| #  include <memory.h>
| # endif
| # include <string.h>
| #endif
| #ifdef HAVE_STRINGS_H
| # include <strings.h>
| #endif
| #ifdef HAVE_INTTYPES_H
| # include <inttypes.h>
| #endif
| #ifdef HAVE_STDINT_H
| # include <stdint.h>
| #endif
| #ifdef HAVE_UNISTD_H
| # include <unistd.h>
| #endif
| int
| main ()
| {
| 
| 	  char buf[100];
| 	  char x = *strerror_r (0, buf, sizeof buf);
| 	  char *p = strerror_r (0, buf, sizeof buf);
| 	  return !p || x;
| 
|   ;
|   return 0;
| }
configure:21437: result: no
configure:21458: checking whether the linker accepts -Wl,--large-address-aware
configure:21477: g++ -std=c++11 -o conftest -g -O2 -Wall -Wextra -Wformat -Wformat-security -Wno-unused-parameter  -DBOOST_SPIRIT_THREADSAFE -DHAVE_BUILD_INFO -D__STDC_FORMAT_MACROS -isystem /opt/local/include -I/opt/local/include/db48 -I/usr/local/opt/berkeley-db@4/include -DMAC_OSX  -Wl,-headerpad_max_install_names  -Wl,--large-address-aware conftest.cpp  -L/opt/local/lib -L/opt/local/lib/db48 -L/usr/local/opt/berkeley-db@4/lib >&5
ld: unknown option: --large-address-aware
clang: error: linker command failed with exit code 1 (use -v to see invocation)
configure:21477: $? = 1
configure: failed program was:
| /* confdefs.h */
| #define PACKAGE_NAME "Innoket Core"
| #define PACKAGE_TARNAME "innoket"
| #define PACKAGE_VERSION "2.1.0"
| #define PACKAGE_STRING "Innoket Core 2.1.0"
| #define PACKAGE_BUGREPORT "http://bit.innokets"
| #define PACKAGE_URL ""
| #define HAVE_CXX11 1
| #define STDC_HEADERS 1
| #define HAVE_SYS_TYPES_H 1
| #define HAVE_SYS_STAT_H 1
| #define HAVE_STDLIB_H 1
| #define HAVE_STRING_H 1
| #define HAVE_MEMORY_H 1
| #define HAVE_STRINGS_H 1
| #define HAVE_INTTYPES_H 1
| #define HAVE_STDINT_H 1
| #define HAVE_UNISTD_H 1
| #define HAVE_DLFCN_H 1
| #define LT_OBJDIR ".libs/"
| #define HAVE_PTHREAD_PRIO_INHERIT 1
| #define HAVE_PTHREAD 1
| #define HAVE_DECL_STRERROR_R 1
| #define HAVE_STRERROR_R 1
| /* end confdefs.h.  */
| 
| int
| main ()
| {
| 
|   ;
|   return 0;
| }
configure:21486: result: no
configure:21498: checking for __attribute__((visibility))
configure:21520: g++ -std=c++11 -o conftest -g -O2 -Wall -Wextra -Wformat -Wformat-security -Wno-unused-parameter  -DBOOST_SPIRIT_THREADSAFE -DHAVE_BUILD_INFO -D__STDC_FORMAT_MACROS -isystem /opt/local/include -I/opt/local/include/db48 -I/usr/local/opt/berkeley-db@4/include -DMAC_OSX  -Wl,-headerpad_max_install_names conftest.cpp  -L/opt/local/lib -L/opt/local/lib/db48 -L/usr/local/opt/berkeley-db@4/lib >&5
configure:21520: $? = 0
configure:21533: result: yes
configure:21549: checking for __attribute__((dllexport))
configure:21570: g++ -std=c++11 -o conftest -g -O2 -Wall -Wextra -Wformat -Wformat-security -Wno-unused-parameter  -DBOOST_SPIRIT_THREADSAFE -DHAVE_BUILD_INFO -D__STDC_FORMAT_MACROS -isystem /opt/local/include -I/opt/local/include/db48 -I/usr/local/opt/berkeley-db@4/include -DMAC_OSX  -Wl,-headerpad_max_install_names conftest.cpp  -L/opt/local/lib -L/opt/local/lib/db48 -L/usr/local/opt/berkeley-db@4/lib >&5
conftest.cpp:29:36: warning: unknown attribute 'dllexport' ignored [-Wunknown-attributes]
                    __attribute__((dllexport)) int foo( void ) { return 0; }
                                   ^
1 warning generated.
configure:21570: $? = 0
configure:21583: result: no
configure:21599: checking for __attribute__((dllimport))
configure:21620: g++ -std=c++11 -o conftest -g -O2 -Wall -Wextra -Wformat -Wformat-security -Wno-unused-parameter  -DBOOST_SPIRIT_THREADSAFE -DHAVE_BUILD_INFO -D__STDC_FORMAT_MACROS -isystem /opt/local/include -I/opt/local/include/db48 -I/usr/local/opt/berkeley-db@4/include -DMAC_OSX  -Wl,-headerpad_max_install_names conftest.cpp  -L/opt/local/lib -L/opt/local/lib/db48 -L/usr/local/opt/berkeley-db@4/lib >&5
conftest.cpp:29:52: warning: unknown attribute 'dllimport' ignored [-Wunknown-attributes]
                    int foo( void ) __attribute__((dllimport));
                                                   ^
1 warning generated.
configure:21620: $? = 0
configure:21633: result: no
configure:21686: checking whether C++ compiler accepts -Wstack-protector
configure:21705: g++ -std=c++11 -c -g -O2 -Wall -Wextra -Wformat -Wformat-security -Wno-unused-parameter  -Wstack-protector  -DBOOST_SPIRIT_THREADSAFE -DHAVE_BUILD_INFO -D__STDC_FORMAT_MACROS -isystem /opt/local/include -I/opt/local/include/db48 -I/usr/local/opt/berkeley-db@4/include -DMAC_OSX conftest.cpp >&5
configure:21705: $? = 0
configure:21713: result: yes
configure:21721: checking whether C++ compiler accepts -fstack-protector-all
configure:21740: g++ -std=c++11 -c -g -O2 -Wall -Wextra -Wformat -Wformat-security -Wno-unused-parameter  -fstack-protector-all  -DBOOST_SPIRIT_THREADSAFE -DHAVE_BUILD_INFO -D__STDC_FORMAT_MACROS -isystem /opt/local/include -I/opt/local/include/db48 -I/usr/local/opt/berkeley-db@4/include -DMAC_OSX conftest.cpp >&5
configure:21740: $? = 0
configure:21748: result: yes
configure:21758: checking whether C++ preprocessor accepts -D_FORTIFY_SOURCE=2
configure:21777: g++ -std=c++11 -E  -DBOOST_SPIRIT_THREADSAFE -DHAVE_BUILD_INFO -D__STDC_FORMAT_MACROS -isystem /opt/local/include -I/opt/local/include/db48 -I/usr/local/opt/berkeley-db@4/include -DMAC_OSX  -D_FORTIFY_SOURCE=2 conftest.cpp
configure:21777: $? = 0
configure:21785: result: yes
configure:21789: checking whether C++ preprocessor accepts -U_FORTIFY_SOURCE
configure:21808: g++ -std=c++11 -E  -DBOOST_SPIRIT_THREADSAFE -DHAVE_BUILD_INFO -D__STDC_FORMAT_MACROS -isystem /opt/local/include -I/opt/local/include/db48 -I/usr/local/opt/berkeley-db@4/include -DMAC_OSX  -U_FORTIFY_SOURCE conftest.cpp
configure:21808: $? = 0
configure:21816: result: yes
configure:21833: checking whether the linker accepts -Wl,--dynamicbase
configure:21852: g++ -std=c++11 -o conftest -g -O2 -Wall -Wextra -Wformat -Wformat-security -Wno-unused-parameter  -DBOOST_SPIRIT_THREADSAFE -DHAVE_BUILD_INFO -D__STDC_FORMAT_MACROS -isystem /opt/local/include -I/opt/local/include/db48 -I/usr/local/opt/berkeley-db@4/include -DMAC_OSX  -Wl,-headerpad_max_install_names  -Wl,--dynamicbase conftest.cpp  -L/opt/local/lib -L/opt/local/lib/db48 -L/usr/local/opt/berkeley-db@4/lib >&5
ld: unknown option: --dynamicbase
clang: error: linker command failed with exit code 1 (use -v to see invocation)
configure:21852: $? = 1
configure: failed program was:
| /* confdefs.h */
| #define PACKAGE_NAME "Innoket Core"
| #define PACKAGE_TARNAME "innoket"
| #define PACKAGE_VERSION "2.1.0"
| #define PACKAGE_STRING "Innoket Core 2.1.0"
| #define PACKAGE_BUGREPORT "http://bit.innokets"
| #define PACKAGE_URL ""
| #define HAVE_CXX11 1
| #define STDC_HEADERS 1
| #define HAVE_SYS_TYPES_H 1
| #define HAVE_SYS_STAT_H 1
| #define HAVE_STDLIB_H 1
| #define HAVE_STRING_H 1
| #define HAVE_MEMORY_H 1
| #define HAVE_STRINGS_H 1
| #define HAVE_INTTYPES_H 1
| #define HAVE_STDINT_H 1
| #define HAVE_UNISTD_H 1
| #define HAVE_DLFCN_H 1
| #define LT_OBJDIR ".libs/"
| #define HAVE_PTHREAD_PRIO_INHERIT 1
| #define HAVE_PTHREAD 1
| #define HAVE_DECL_STRERROR_R 1
| #define HAVE_STRERROR_R 1
| #define HAVE_FUNC_ATTRIBUTE_VISIBILITY 1
| /* end confdefs.h.  */
| 
| int
| main ()
| {
| 
|   ;
|   return 0;
| }
configure:21861: result: no
configure:21869: checking whether the linker accepts -Wl,--nxcompat
configure:21888: g++ -std=c++11 -o conftest -g -O2 -Wall -Wextra -Wformat -Wformat-security -Wno-unused-parameter  -DBOOST_SPIRIT_THREADSAFE -DHAVE_BUILD_INFO -D__STDC_FORMAT_MACROS -isystem /opt/local/include -I/opt/local/include/db48 -I/usr/local/opt/berkeley-db@4/include -DMAC_OSX  -Wl,-headerpad_max_install_names  -Wl,--nxcompat conftest.cpp  -L/opt/local/lib -L/opt/local/lib/db48 -L/usr/local/opt/berkeley-db@4/lib >&5
ld: unknown option: --nxcompat
clang: error: linker command failed with exit code 1 (use -v to see invocation)
configure:21888: $? = 1
configure: failed program was:
| /* confdefs.h */
| #define PACKAGE_NAME "Innoket Core"
| #define PACKAGE_TARNAME "innoket"
| #define PACKAGE_VERSION "2.1.0"
| #define PACKAGE_STRING "Innoket Core 2.1.0"
| #define PACKAGE_BUGREPORT "http://bit.innokets"
| #define PACKAGE_URL ""
| #define HAVE_CXX11 1
| #define STDC_HEADERS 1
| #define HAVE_SYS_TYPES_H 1
| #define HAVE_SYS_STAT_H 1
| #define HAVE_STDLIB_H 1
| #define HAVE_STRING_H 1
| #define HAVE_MEMORY_H 1
| #define HAVE_STRINGS_H 1
| #define HAVE_INTTYPES_H 1
| #define HAVE_STDINT_H 1
| #define HAVE_UNISTD_H 1
| #define HAVE_DLFCN_H 1
| #define LT_OBJDIR ".libs/"
| #define HAVE_PTHREAD_PRIO_INHERIT 1
| #define HAVE_PTHREAD 1
| #define HAVE_DECL_STRERROR_R 1
| #define HAVE_STRERROR_R 1
| #define HAVE_FUNC_ATTRIBUTE_VISIBILITY 1
| /* end confdefs.h.  */
| 
| int
| main ()
| {
| 
|   ;
|   return 0;
| }
configure:21897: result: no
configure:21905: checking whether the linker accepts -Wl,-z,relro
configure:21924: g++ -std=c++11 -o conftest -g -O2 -Wall -Wextra -Wformat -Wformat-security -Wno-unused-parameter  -DBOOST_SPIRIT_THREADSAFE -DHAVE_BUILD_INFO -D__STDC_FORMAT_MACROS -isystem /opt/local/include -I/opt/local/include/db48 -I/usr/local/opt/berkeley-db@4/include -DMAC_OSX  -Wl,-headerpad_max_install_names  -Wl,-z,relro conftest.cpp  -L/opt/local/lib -L/opt/local/lib/db48 -L/usr/local/opt/berkeley-db@4/lib >&5
ld: unknown option: -z
clang: error: linker command failed with exit code 1 (use -v to see invocation)
configure:21924: $? = 1
configure: failed program was:
| /* confdefs.h */
| #define PACKAGE_NAME "Innoket Core"
| #define PACKAGE_TARNAME "innoket"
| #define PACKAGE_VERSION "2.1.0"
| #define PACKAGE_STRING "Innoket Core 2.1.0"
| #define PACKAGE_BUGREPORT "http://bit.innokets"
| #define PACKAGE_URL ""
| #define HAVE_CXX11 1
| #define STDC_HEADERS 1
| #define HAVE_SYS_TYPES_H 1
| #define HAVE_SYS_STAT_H 1
| #define HAVE_STDLIB_H 1
| #define HAVE_STRING_H 1
| #define HAVE_MEMORY_H 1
| #define HAVE_STRINGS_H 1
| #define HAVE_INTTYPES_H 1
| #define HAVE_STDINT_H 1
| #define HAVE_UNISTD_H 1
| #define HAVE_DLFCN_H 1
| #define LT_OBJDIR ".libs/"
| #define HAVE_PTHREAD_PRIO_INHERIT 1
| #define HAVE_PTHREAD 1
| #define HAVE_DECL_STRERROR_R 1
| #define HAVE_STRERROR_R 1
| #define HAVE_FUNC_ATTRIBUTE_VISIBILITY 1
| /* end confdefs.h.  */
| 
| int
| main ()
| {
| 
|   ;
|   return 0;
| }
configure:21933: result: no
configure:21941: checking whether the linker accepts -Wl,-z,now
configure:21960: g++ -std=c++11 -o conftest -g -O2 -Wall -Wextra -Wformat -Wformat-security -Wno-unused-parameter  -DBOOST_SPIRIT_THREADSAFE -DHAVE_BUILD_INFO -D__STDC_FORMAT_MACROS -isystem /opt/local/include -I/opt/local/include/db48 -I/usr/local/opt/berkeley-db@4/include -DMAC_OSX  -Wl,-headerpad_max_install_names  -Wl,-z,now conftest.cpp  -L/opt/local/lib -L/opt/local/lib/db48 -L/usr/local/opt/berkeley-db@4/lib >&5
ld: unknown option: -z
clang: error: linker command failed with exit code 1 (use -v to see invocation)
configure:21960: $? = 1
configure: failed program was:
| /* confdefs.h */
| #define PACKAGE_NAME "Innoket Core"
| #define PACKAGE_TARNAME "innoket"
| #define PACKAGE_VERSION "2.1.0"
| #define PACKAGE_STRING "Innoket Core 2.1.0"
| #define PACKAGE_BUGREPORT "http://bit.innokets"
| #define PACKAGE_URL ""
| #define HAVE_CXX11 1
| #define STDC_HEADERS 1
| #define HAVE_SYS_TYPES_H 1
| #define HAVE_SYS_STAT_H 1
| #define HAVE_STDLIB_H 1
| #define HAVE_STRING_H 1
| #define HAVE_MEMORY_H 1
| #define HAVE_STRINGS_H 1
| #define HAVE_INTTYPES_H 1
| #define HAVE_STDINT_H 1
| #define HAVE_UNISTD_H 1
| #define HAVE_DLFCN_H 1
| #define LT_OBJDIR ".libs/"
| #define HAVE_PTHREAD_PRIO_INHERIT 1
| #define HAVE_PTHREAD 1
| #define HAVE_DECL_STRERROR_R 1
| #define HAVE_STRERROR_R 1
| #define HAVE_FUNC_ATTRIBUTE_VISIBILITY 1
| /* end confdefs.h.  */
| 
| int
| main ()
| {
| 
|   ;
|   return 0;
| }
configure:21969: result: no
configure:21980: checking whether C++ compiler accepts -fPIC
configure:21999: g++ -std=c++11 -c -g -O2 -Wall -Wextra -Wformat -Wformat-security -Wno-unused-parameter  -fPIC  -DBOOST_SPIRIT_THREADSAFE -DHAVE_BUILD_INFO -D__STDC_FORMAT_MACROS -isystem /opt/local/include -I/opt/local/include/db48 -I/usr/local/opt/berkeley-db@4/include -DMAC_OSX conftest.cpp >&5
configure:21999: $? = 0
configure:22007: result: yes
configure:22015: checking whether the linker accepts -pic
configure:22034: g++ -std=c++11 -o conftest -g -O2 -Wall -Wextra -Wformat -Wformat-security -Wno-unused-parameter  -DBOOST_SPIRIT_THREADSAFE -DHAVE_BUILD_INFO -D__STDC_FORMAT_MACROS -isystem /opt/local/include -I/opt/local/include/db48 -I/usr/local/opt/berkeley-db@4/include -DMAC_OSX  -Wl,-headerpad_max_install_names  -pic conftest.cpp  -L/opt/local/lib -L/opt/local/lib/db48 -L/usr/local/opt/berkeley-db@4/lib >&5
clang: error: unknown argument: '-pic'
configure:22034: $? = 1
configure: failed program was:
| /* confdefs.h */
| #define PACKAGE_NAME "Innoket Core"
| #define PACKAGE_TARNAME "innoket"
| #define PACKAGE_VERSION "2.1.0"
| #define PACKAGE_STRING "Innoket Core 2.1.0"
| #define PACKAGE_BUGREPORT "http://bit.innokets"
| #define PACKAGE_URL ""
| #define HAVE_CXX11 1
| #define STDC_HEADERS 1
| #define HAVE_SYS_TYPES_H 1
| #define HAVE_SYS_STAT_H 1
| #define HAVE_STDLIB_H 1
| #define HAVE_STRING_H 1
| #define HAVE_MEMORY_H 1
| #define HAVE_STRINGS_H 1
| #define HAVE_INTTYPES_H 1
| #define HAVE_STDINT_H 1
| #define HAVE_UNISTD_H 1
| #define HAVE_DLFCN_H 1
| #define LT_OBJDIR ".libs/"
| #define HAVE_PTHREAD_PRIO_INHERIT 1
| #define HAVE_PTHREAD 1
| #define HAVE_DECL_STRERROR_R 1
| #define HAVE_STRERROR_R 1
| #define HAVE_FUNC_ATTRIBUTE_VISIBILITY 1
| /* end confdefs.h.  */
| 
| int
| main ()
| {
| 
|   ;
|   return 0;
| }
configure:22043: result: no
configure:22106: checking whether the linker accepts -Wl,-dead_strip
configure:22125: g++ -std=c++11 -o conftest -g -O2 -Wall -Wextra -Wformat -Wformat-security -Wno-unused-parameter  -Wstack-protector -fstack-protector-all -fPIC  -DBOOST_SPIRIT_THREADSAFE -DHAVE_BUILD_INFO -D__STDC_FORMAT_MACROS -isystem /opt/local/include -I/opt/local/include/db48 -I/usr/local/opt/berkeley-db@4/include -DMAC_OSX  -U_FORTIFY_SOURCE -D_FORTIFY_SOURCE=2  -Wl,-headerpad_max_install_names   -Wl,-dead_strip conftest.cpp  -L/opt/local/lib -L/opt/local/lib/db48 -L/usr/local/opt/berkeley-db@4/lib >&5
configure:22125: $? = 0
configure:376594: result: yes
configure:22147: checking endian.h usability
configure:22147: g++ -std=c++11 -c -g -O2 -Wall -Wextra -Wformat -Wformat-security -Wno-unused-parameter  -Wstack-protector -fstack-protector-all -fPIC  -DBOOST_SPIRIT_THREADSAFE -DHAVE_BUILD_INFO -D__STDC_FORMAT_MACROS -isystem /opt/local/include -I/opt/local/include/db48 -I/usr/local/opt/berkeley-db@4/include -DMAC_OSX  -U_FORTIFY_SOURCE -D_FORTIFY_SOURCE=2 conftest.cpp >&5
conftest.cpp:60:10: fatal error: 'endian.h' file not found
#include <endian.h>
         ^~~~~~~~~~
1 error generated.
configure:22147: $? = 1
configure: failed program was:
| /* confdefs.h */
| #define PACKAGE_NAME "Innoket Core"
| #define PACKAGE_TARNAME "innoket"
| #define PACKAGE_VERSION "2.1.0"
| #define PACKAGE_STRING "Innoket Core 2.1.0"
| #define PACKAGE_BUGREPORT "http://bit.innokets"
| #define PACKAGE_URL ""
| #define HAVE_CXX11 1
| #define STDC_HEADERS 1
| #define HAVE_SYS_TYPES_H 1
| #define HAVE_SYS_STAT_H 1
| #define HAVE_STDLIB_H 1
| #define HAVE_STRING_H 1
| #define HAVE_MEMORY_H 1
| #define HAVE_STRINGS_H 1
| #define HAVE_INTTYPES_H 1
| #define HAVE_STDINT_H 1
| #define HAVE_UNISTD_H 1
| #define HAVE_DLFCN_H 1
| #define LT_OBJDIR ".libs/"
| #define HAVE_PTHREAD_PRIO_INHERIT 1
| #define HAVE_PTHREAD 1
| #define HAVE_DECL_STRERROR_R 1
| #define HAVE_STRERROR_R 1
| #define HAVE_FUNC_ATTRIBUTE_VISIBILITY 1
| /* end confdefs.h.  */
| #include <stdio.h>
| #ifdef HAVE_SYS_TYPES_H
| # include <sys/types.h>
| #endif
| #ifdef HAVE_SYS_STAT_H
| # include <sys/stat.h>
| #endif
| #ifdef STDC_HEADERS
| # include <stdlib.h>
| # include <stddef.h>
| #else
| # ifdef HAVE_STDLIB_H
| #  include <stdlib.h>
| # endif
| #endif
| #ifdef HAVE_STRING_H
| # if !defined STDC_HEADERS && defined HAVE_MEMORY_H
| #  include <memory.h>
| # endif
| # include <string.h>
| #endif
| #ifdef HAVE_STRINGS_H
| # include <strings.h>
| #endif
| #ifdef HAVE_INTTYPES_H
| # include <inttypes.h>
| #endif
| #ifdef HAVE_STDINT_H
| # include <stdint.h>
| #endif
| #ifdef HAVE_UNISTD_H
| # include <unistd.h>
| #endif
| #include <endian.h>
configure:22147: result: no
configure:22147: checking endian.h presence
configure:22147: g++ -std=c++11 -E  -DBOOST_SPIRIT_THREADSAFE -DHAVE_BUILD_INFO -D__STDC_FORMAT_MACROS -isystem /opt/local/include -I/opt/local/include/db48 -I/usr/local/opt/berkeley-db@4/include -DMAC_OSX  -U_FORTIFY_SOURCE -D_FORTIFY_SOURCE=2 conftest.cpp
conftest.cpp:27:10: fatal error: 'endian.h' file not found
#include <endian.h>
         ^~~~~~~~~~
1 error generated.
configure:22147: $? = 1
configure: failed program was:
| /* confdefs.h */
| #define PACKAGE_NAME "Innoket Core"
| #define PACKAGE_TARNAME "innoket"
| #define PACKAGE_VERSION "2.1.0"
| #define PACKAGE_STRING "Innoket Core 2.1.0"
| #define PACKAGE_BUGREPORT "http://bit.innokets"
| #define PACKAGE_URL ""
| #define HAVE_CXX11 1
| #define STDC_HEADERS 1
| #define HAVE_SYS_TYPES_H 1
| #define HAVE_SYS_STAT_H 1
| #define HAVE_STDLIB_H 1
| #define HAVE_STRING_H 1
| #define HAVE_MEMORY_H 1
| #define HAVE_STRINGS_H 1
| #define HAVE_INTTYPES_H 1
| #define HAVE_STDINT_H 1
| #define HAVE_UNISTD_H 1
| #define HAVE_DLFCN_H 1
| #define LT_OBJDIR ".libs/"
| #define HAVE_PTHREAD_PRIO_INHERIT 1
| #define HAVE_PTHREAD 1
| #define HAVE_DECL_STRERROR_R 1
| #define HAVE_STRERROR_R 1
| #define HAVE_FUNC_ATTRIBUTE_VISIBILITY 1
| /* end confdefs.h.  */
| #include <endian.h>
configure:22147: result: no
configure:22147: checking for endian.h
configure:22147: result: no
configure:22147: checking stdio.h usability
configure:22147: g++ -std=c++11 -c -g -O2 -Wall -Wextra -Wformat -Wformat-security -Wno-unused-parameter  -Wstack-protector -fstack-protector-all -fPIC  -DBOOST_SPIRIT_THREADSAFE -DHAVE_BUILD_INFO -D__STDC_FORMAT_MACROS -isystem /opt/local/include -I/opt/local/include/db48 -I/usr/local/opt/berkeley-db@4/include -DMAC_OSX  -U_FORTIFY_SOURCE -D_FORTIFY_SOURCE=2 conftest.cpp >&5
configure:22147: $? = 0
configure:22147: result: yes
configure:22147: checking stdio.h presence
configure:22147: g++ -std=c++11 -E  -DBOOST_SPIRIT_THREADSAFE -DHAVE_BUILD_INFO -D__STDC_FORMAT_MACROS -isystem /opt/local/include -I/opt/local/include/db48 -I/usr/local/opt/berkeley-db@4/include -DMAC_OSX  -U_FORTIFY_SOURCE -D_FORTIFY_SOURCE=2 conftest.cpp
configure:22147: $? = 0
configure:22147: result: yes
configure:22147: checking for stdio.h
configure:22147: result: yes
configure:22147: checking for stdlib.h
configure:22147: result: yes
configure:22147: checking for unistd.h
configure:22147: result: yes
configure:22147: checking for strings.h
configure:22147: result: yes
configure:22147: checking for sys/types.h
configure:22147: result: yes
configure:22147: checking for sys/stat.h
configure:22147: result: yes
configure:22147: checking sys/select.h usability
configure:22147: g++ -std=c++11 -c -g -O2 -Wall -Wextra -Wformat -Wformat-security -Wno-unused-parameter  -Wstack-protector -fstack-protector-all -fPIC  -DBOOST_SPIRIT_THREADSAFE -DHAVE_BUILD_INFO -D__STDC_FORMAT_MACROS -isystem /opt/local/include -I/opt/local/include/db48 -I/usr/local/opt/berkeley-db@4/include -DMAC_OSX  -U_FORTIFY_SOURCE -D_FORTIFY_SOURCE=2 conftest.cpp >&5
configure:22147: $? = 0
configure:22147: result: yes
configure:22147: checking sys/select.h presence
configure:22147: g++ -std=c++11 -E  -DBOOST_SPIRIT_THREADSAFE -DHAVE_BUILD_INFO -D__STDC_FORMAT_MACROS -isystem /opt/local/include -I/opt/local/include/db48 -I/usr/local/opt/berkeley-db@4/include -DMAC_OSX  -U_FORTIFY_SOURCE -D_FORTIFY_SOURCE=2 conftest.cpp
configure:22147: $? = 0
configure:22147: result: yes
configure:22147: checking for sys/select.h
configure:22147: result: yes
configure:22147: checking sys/prctl.h usability
configure:22147: g++ -std=c++11 -c -g -O2 -Wall -Wextra -Wformat -Wformat-security -Wno-unused-parameter  -Wstack-protector -fstack-protector-all -fPIC  -DBOOST_SPIRIT_THREADSAFE -DHAVE_BUILD_INFO -D__STDC_FORMAT_MACROS -isystem /opt/local/include -I/opt/local/include/db48 -I/usr/local/opt/berkeley-db@4/include -DMAC_OSX  -U_FORTIFY_SOURCE -D_FORTIFY_SOURCE=2 conftest.cpp >&5
conftest.cpp:67:10: fatal error: 'sys/prctl.h' file not found
#include <sys/prctl.h>
         ^~~~~~~~~~~~~
1 error generated.
configure:22147: $? = 1
configure: failed program was:
| /* confdefs.h */
| #define PACKAGE_NAME "Innoket Core"
| #define PACKAGE_TARNAME "innoket"
| #define PACKAGE_VERSION "2.1.0"
| #define PACKAGE_STRING "Innoket Core 2.1.0"
| #define PACKAGE_BUGREPORT "http://bit.innokets"
| #define PACKAGE_URL ""
| #define HAVE_CXX11 1
| #define STDC_HEADERS 1
| #define HAVE_SYS_TYPES_H 1
| #define HAVE_SYS_STAT_H 1
| #define HAVE_STDLIB_H 1
| #define HAVE_STRING_H 1
| #define HAVE_MEMORY_H 1
| #define HAVE_STRINGS_H 1
| #define HAVE_INTTYPES_H 1
| #define HAVE_STDINT_H 1
| #define HAVE_UNISTD_H 1
| #define HAVE_DLFCN_H 1
| #define LT_OBJDIR ".libs/"
| #define HAVE_PTHREAD_PRIO_INHERIT 1
| #define HAVE_PTHREAD 1
| #define HAVE_DECL_STRERROR_R 1
| #define HAVE_STRERROR_R 1
| #define HAVE_FUNC_ATTRIBUTE_VISIBILITY 1
| #define HAVE_STDIO_H 1
| #define HAVE_STDLIB_H 1
| #define HAVE_UNISTD_H 1
| #define HAVE_STRINGS_H 1
| #define HAVE_SYS_TYPES_H 1
| #define HAVE_SYS_STAT_H 1
| #define HAVE_SYS_SELECT_H 1
| /* end confdefs.h.  */
| #include <stdio.h>
| #ifdef HAVE_SYS_TYPES_H
| # include <sys/types.h>
| #endif
| #ifdef HAVE_SYS_STAT_H
| # include <sys/stat.h>
| #endif
| #ifdef STDC_HEADERS
| # include <stdlib.h>
| # include <stddef.h>
| #else
| # ifdef HAVE_STDLIB_H
| #  include <stdlib.h>
| # endif
| #endif
| #ifdef HAVE_STRING_H
| # if !defined STDC_HEADERS && defined HAVE_MEMORY_H
| #  include <memory.h>
| # endif
| # include <string.h>
| #endif
| #ifdef HAVE_STRINGS_H
| # include <strings.h>
| #endif
| #ifdef HAVE_INTTYPES_H
| # include <inttypes.h>
| #endif
| #ifdef HAVE_STDINT_H
| # include <stdint.h>
| #endif
| #ifdef HAVE_UNISTD_H
| # include <unistd.h>
| #endif
| #include <sys/prctl.h>
configure:22147: result: no
configure:22147: checking sys/prctl.h presence
configure:22147: g++ -std=c++11 -E  -DBOOST_SPIRIT_THREADSAFE -DHAVE_BUILD_INFO -D__STDC_FORMAT_MACROS -isystem /opt/local/include -I/opt/local/include/db48 -I/usr/local/opt/berkeley-db@4/include -DMAC_OSX  -U_FORTIFY_SOURCE -D_FORTIFY_SOURCE=2 conftest.cpp
conftest.cpp:34:10: fatal error: 'sys/prctl.h' file not found
#include <sys/prctl.h>
         ^~~~~~~~~~~~~
1 error generated.
configure:22147: $? = 1
configure: failed program was:
| /* confdefs.h */
| #define PACKAGE_NAME "Innoket Core"
| #define PACKAGE_TARNAME "innoket"
| #define PACKAGE_VERSION "2.1.0"
| #define PACKAGE_STRING "Innoket Core 2.1.0"
| #define PACKAGE_BUGREPORT "http://bit.innokets"
| #define PACKAGE_URL ""
| #define HAVE_CXX11 1
| #define STDC_HEADERS 1
| #define HAVE_SYS_TYPES_H 1
| #define HAVE_SYS_STAT_H 1
| #define HAVE_STDLIB_H 1
| #define HAVE_STRING_H 1
| #define HAVE_MEMORY_H 1
| #define HAVE_STRINGS_H 1
| #define HAVE_INTTYPES_H 1
| #define HAVE_STDINT_H 1
| #define HAVE_UNISTD_H 1
| #define HAVE_DLFCN_H 1
| #define LT_OBJDIR ".libs/"
| #define HAVE_PTHREAD_PRIO_INHERIT 1
| #define HAVE_PTHREAD 1
| #define HAVE_DECL_STRERROR_R 1
| #define HAVE_STRERROR_R 1
| #define HAVE_FUNC_ATTRIBUTE_VISIBILITY 1
| #define HAVE_STDIO_H 1
| #define HAVE_STDLIB_H 1
| #define HAVE_UNISTD_H 1
| #define HAVE_STRINGS_H 1
| #define HAVE_SYS_TYPES_H 1
| #define HAVE_SYS_STAT_H 1
| #define HAVE_SYS_SELECT_H 1
| /* end confdefs.h.  */
| #include <sys/prctl.h>
configure:22147: result: no
configure:22147: checking for sys/prctl.h
configure:22147: result: no
configure:22157: checking for library containing getaddrinfo_a
configure:22188: g++ -std=c++11 -o conftest -g -O2 -Wall -Wextra -Wformat -Wformat-security -Wno-unused-parameter  -Wstack-protector -fstack-protector-all -fPIC  -DBOOST_SPIRIT_THREADSAFE -DHAVE_BUILD_INFO -D__STDC_FORMAT_MACROS -isystem /opt/local/include -I/opt/local/include/db48 -I/usr/local/opt/berkeley-db@4/include -DMAC_OSX  -U_FORTIFY_SOURCE -D_FORTIFY_SOURCE=2  -Wl,-headerpad_max_install_names  -Wl,-dead_strip conftest.cpp  -L/opt/local/lib -L/opt/local/lib/db48 -L/usr/local/opt/berkeley-db@4/lib >&5
Undefined symbols for architecture x86_64:
  "_getaddrinfo_a", referenced from:
      _main in conftest-ae0570.o
ld: symbol(s) not found for architecture x86_64
clang: error: linker command failed with exit code 1 (use -v to see invocation)
configure:22188: $? = 1
configure: failed program was:
| /* confdefs.h */
| #define PACKAGE_NAME "Innoket Core"
| #define PACKAGE_TARNAME "innoket"
| #define PACKAGE_VERSION "2.1.0"
| #define PACKAGE_STRING "Innoket Core 2.1.0"
| #define PACKAGE_BUGREPORT "http://bit.innokets"
| #define PACKAGE_URL ""
| #define HAVE_CXX11 1
| #define STDC_HEADERS 1
| #define HAVE_SYS_TYPES_H 1
| #define HAVE_SYS_STAT_H 1
| #define HAVE_STDLIB_H 1
| #define HAVE_STRING_H 1
| #define HAVE_MEMORY_H 1
| #define HAVE_STRINGS_H 1
| #define HAVE_INTTYPES_H 1
| #define HAVE_STDINT_H 1
| #define HAVE_UNISTD_H 1
| #define HAVE_DLFCN_H 1
| #define LT_OBJDIR ".libs/"
| #define HAVE_PTHREAD_PRIO_INHERIT 1
| #define HAVE_PTHREAD 1
| #define HAVE_DECL_STRERROR_R 1
| #define HAVE_STRERROR_R 1
| #define HAVE_FUNC_ATTRIBUTE_VISIBILITY 1
| #define HAVE_STDIO_H 1
| #define HAVE_STDLIB_H 1
| #define HAVE_UNISTD_H 1
| #define HAVE_STRINGS_H 1
| #define HAVE_SYS_TYPES_H 1
| #define HAVE_SYS_STAT_H 1
| #define HAVE_SYS_SELECT_H 1
| /* end confdefs.h.  */
| 
| /* Override any GCC internal prototype to avoid an error.
|    Use char because int might match the return type of a GCC
|    builtin and then its argument prototype would still apply.  */
| #ifdef __cplusplus
| extern "C"
| #endif
| char getaddrinfo_a ();
| int
| main ()
| {
| return getaddrinfo_a ();
|   ;
|   return 0;
| }
configure:22188: g++ -std=c++11 -o conftest -g -O2 -Wall -Wextra -Wformat -Wformat-security -Wno-unused-parameter  -Wstack-protector -fstack-protector-all -fPIC  -DBOOST_SPIRIT_THREADSAFE -DHAVE_BUILD_INFO -D__STDC_FORMAT_MACROS -isystem /opt/local/include -I/opt/local/include/db48 -I/usr/local/opt/berkeley-db@4/include -DMAC_OSX  -U_FORTIFY_SOURCE -D_FORTIFY_SOURCE=2  -Wl,-headerpad_max_install_names  -Wl,-dead_strip conftest.cpp -lanl   -L/opt/local/lib -L/opt/local/lib/db48 -L/usr/local/opt/berkeley-db@4/lib >&5
ld: library not found for -lanl
clang: error: linker command failed with exit code 1 (use -v to see invocation)
configure:22188: $? = 1
configure: failed program was:
| /* confdefs.h */
| #define PACKAGE_NAME "Innoket Core"
| #define PACKAGE_TARNAME "innoket"
| #define PACKAGE_VERSION "2.1.0"
| #define PACKAGE_STRING "Innoket Core 2.1.0"
| #define PACKAGE_BUGREPORT "http://bit.innokets"
| #define PACKAGE_URL ""
| #define HAVE_CXX11 1
| #define STDC_HEADERS 1
| #define HAVE_SYS_TYPES_H 1
| #define HAVE_SYS_STAT_H 1
| #define HAVE_STDLIB_H 1
| #define HAVE_STRING_H 1
| #define HAVE_MEMORY_H 1
| #define HAVE_STRINGS_H 1
| #define HAVE_INTTYPES_H 1
| #define HAVE_STDINT_H 1
| #define HAVE_UNISTD_H 1
| #define HAVE_DLFCN_H 1
| #define LT_OBJDIR ".libs/"
| #define HAVE_PTHREAD_PRIO_INHERIT 1
| #define HAVE_PTHREAD 1
| #define HAVE_DECL_STRERROR_R 1
| #define HAVE_STRERROR_R 1
| #define HAVE_FUNC_ATTRIBUTE_VISIBILITY 1
| #define HAVE_STDIO_H 1
| #define HAVE_STDLIB_H 1
| #define HAVE_UNISTD_H 1
| #define HAVE_STRINGS_H 1
| #define HAVE_SYS_TYPES_H 1
| #define HAVE_SYS_STAT_H 1
| #define HAVE_SYS_SELECT_H 1
| /* end confdefs.h.  */
| 
| /* Override any GCC internal prototype to avoid an error.
|    Use char because int might match the return type of a GCC
|    builtin and then its argument prototype would still apply.  */
| #ifdef __cplusplus
| extern "C"
| #endif
| char getaddrinfo_a ();
| int
| main ()
| {
| return getaddrinfo_a ();
|   ;
|   return 0;
| }
configure:22205: result: no
configure:22215: checking for library containing inet_pton
configure:22246: g++ -std=c++11 -o conftest -g -O2 -Wall -Wextra -Wformat -Wformat-security -Wno-unused-parameter  -Wstack-protector -fstack-protector-all -fPIC  -DBOOST_SPIRIT_THREADSAFE -DHAVE_BUILD_INFO -D__STDC_FORMAT_MACROS -isystem /opt/local/include -I/opt/local/include/db48 -I/usr/local/opt/berkeley-db@4/include -DMAC_OSX  -U_FORTIFY_SOURCE -D_FORTIFY_SOURCE=2  -Wl,-headerpad_max_install_names  -Wl,-dead_strip conftest.cpp  -L/opt/local/lib -L/opt/local/lib/db48 -L/usr/local/opt/berkeley-db@4/lib >&5
configure:22246: $? = 0
configure:22263: result: none required
configure:22274: checking whether strnlen is declared
configure:22274: g++ -std=c++11 -c -g -O2 -Wall -Wextra -Wformat -Wformat-security -Wno-unused-parameter  -Wstack-protector -fstack-protector-all -fPIC  -DBOOST_SPIRIT_THREADSAFE -DHAVE_BUILD_INFO -D__STDC_FORMAT_MACROS -isystem /opt/local/include -I/opt/local/include/db48 -I/usr/local/opt/berkeley-db@4/include -DMAC_OSX  -U_FORTIFY_SOURCE -D_FORTIFY_SOURCE=2 conftest.cpp >&5
configure:22274: $? = 0
configure:22274: result: yes
configure:22286: checking whether le32toh is declared
configure:22286: g++ -std=c++11 -c -g -O2 -Wall -Wextra -Wformat -Wformat-security -Wno-unused-parameter  -Wstack-protector -fstack-protector-all -fPIC  -DBOOST_SPIRIT_THREADSAFE -DHAVE_BUILD_INFO -D__STDC_FORMAT_MACROS -isystem /opt/local/include -I/opt/local/include/db48 -I/usr/local/opt/berkeley-db@4/include -DMAC_OSX  -U_FORTIFY_SOURCE -D_FORTIFY_SOURCE=2 conftest.cpp >&5
conftest.cpp:45:10: error: use of undeclared identifier 'le32toh'
  (void) le32toh;
         ^
1 error generated.
configure:22286: $? = 1
configure: failed program was:
| /* confdefs.h */
| #define PACKAGE_NAME "Innoket Core"
| #define PACKAGE_TARNAME "innoket"
| #define PACKAGE_VERSION "2.1.0"
| #define PACKAGE_STRING "Innoket Core 2.1.0"
| #define PACKAGE_BUGREPORT "http://bit.innokets"
| #define PACKAGE_URL ""
| #define HAVE_CXX11 1
| #define STDC_HEADERS 1
| #define HAVE_SYS_TYPES_H 1
| #define HAVE_SYS_STAT_H 1
| #define HAVE_STDLIB_H 1
| #define HAVE_STRING_H 1
| #define HAVE_MEMORY_H 1
| #define HAVE_STRINGS_H 1
| #define HAVE_INTTYPES_H 1
| #define HAVE_STDINT_H 1
| #define HAVE_UNISTD_H 1
| #define HAVE_DLFCN_H 1
| #define LT_OBJDIR ".libs/"
| #define HAVE_PTHREAD_PRIO_INHERIT 1
| #define HAVE_PTHREAD 1
| #define HAVE_DECL_STRERROR_R 1
| #define HAVE_STRERROR_R 1
| #define HAVE_FUNC_ATTRIBUTE_VISIBILITY 1
| #define HAVE_STDIO_H 1
| #define HAVE_STDLIB_H 1
| #define HAVE_UNISTD_H 1
| #define HAVE_STRINGS_H 1
| #define HAVE_SYS_TYPES_H 1
| #define HAVE_SYS_STAT_H 1
| #define HAVE_SYS_SELECT_H 1
| #define HAVE_INET_PTON 1
| #define HAVE_DECL_STRNLEN 1
| /* end confdefs.h.  */
| #if HAVE_ENDIAN_H
|                  #include <endian.h>
|                  #endif
| 
| int
| main ()
| {
| #ifndef le32toh
| #ifdef __cplusplus
|   (void) le32toh;
| #else
|   (void) le32toh;
| #endif
| #endif
| 
|   ;
|   return 0;
| }
configure:22286: result: no
configure:22299: checking whether le64toh is declared
configure:22299: g++ -std=c++11 -c -g -O2 -Wall -Wextra -Wformat -Wformat-security -Wno-unused-parameter  -Wstack-protector -fstack-protector-all -fPIC  -DBOOST_SPIRIT_THREADSAFE -DHAVE_BUILD_INFO -D__STDC_FORMAT_MACROS -isystem /opt/local/include -I/opt/local/include/db48 -I/usr/local/opt/berkeley-db@4/include -DMAC_OSX  -U_FORTIFY_SOURCE -D_FORTIFY_SOURCE=2 conftest.cpp >&5
conftest.cpp:46:10: error: use of undeclared identifier 'le64toh'
  (void) le64toh;
         ^
1 error generated.
configure:22299: $? = 1
configure: failed program was:
| /* confdefs.h */
| #define PACKAGE_NAME "Innoket Core"
| #define PACKAGE_TARNAME "innoket"
| #define PACKAGE_VERSION "2.1.0"
| #define PACKAGE_STRING "Innoket Core 2.1.0"
| #define PACKAGE_BUGREPORT "http://bit.innokets"
| #define PACKAGE_URL ""
| #define HAVE_CXX11 1
| #define STDC_HEADERS 1
| #define HAVE_SYS_TYPES_H 1
| #define HAVE_SYS_STAT_H 1
| #define HAVE_STDLIB_H 1
| #define HAVE_STRING_H 1
| #define HAVE_MEMORY_H 1
| #define HAVE_STRINGS_H 1
| #define HAVE_INTTYPES_H 1
| #define HAVE_STDINT_H 1
| #define HAVE_UNISTD_H 1
| #define HAVE_DLFCN_H 1
| #define LT_OBJDIR ".libs/"
| #define HAVE_PTHREAD_PRIO_INHERIT 1
| #define HAVE_PTHREAD 1
| #define HAVE_DECL_STRERROR_R 1
| #define HAVE_STRERROR_R 1
| #define HAVE_FUNC_ATTRIBUTE_VISIBILITY 1
| #define HAVE_STDIO_H 1
| #define HAVE_STDLIB_H 1
| #define HAVE_UNISTD_H 1
| #define HAVE_STRINGS_H 1
| #define HAVE_SYS_TYPES_H 1
| #define HAVE_SYS_STAT_H 1
| #define HAVE_SYS_SELECT_H 1
| #define HAVE_INET_PTON 1
| #define HAVE_DECL_STRNLEN 1
| #define HAVE_DECL_LE32TOH 0
| /* end confdefs.h.  */
| #if HAVE_ENDIAN_H
|                  #include <endian.h>
|                  #endif
| 
| int
| main ()
| {
| #ifndef le64toh
| #ifdef __cplusplus
|   (void) le64toh;
| #else
|   (void) le64toh;
| #endif
| #endif
| 
|   ;
|   return 0;
| }
configure:22299: result: no
configure:22312: checking whether htole32 is declared
configure:22312: g++ -std=c++11 -c -g -O2 -Wall -Wextra -Wformat -Wformat-security -Wno-unused-parameter  -Wstack-protector -fstack-protector-all -fPIC  -DBOOST_SPIRIT_THREADSAFE -DHAVE_BUILD_INFO -D__STDC_FORMAT_MACROS -isystem /opt/local/include -I/opt/local/include/db48 -I/usr/local/opt/berkeley-db@4/include -DMAC_OSX  -U_FORTIFY_SOURCE -D_FORTIFY_SOURCE=2 conftest.cpp >&5
conftest.cpp:47:10: error: use of undeclared identifier 'htole32'
  (void) htole32;
         ^
1 error generated.
configure:22312: $? = 1
configure: failed program was:
| /* confdefs.h */
| #define PACKAGE_NAME "Innoket Core"
| #define PACKAGE_TARNAME "innoket"
| #define PACKAGE_VERSION "2.1.0"
| #define PACKAGE_STRING "Innoket Core 2.1.0"
| #define PACKAGE_BUGREPORT "http://bit.innokets"
| #define PACKAGE_URL ""
| #define HAVE_CXX11 1
| #define STDC_HEADERS 1
| #define HAVE_SYS_TYPES_H 1
| #define HAVE_SYS_STAT_H 1
| #define HAVE_STDLIB_H 1
| #define HAVE_STRING_H 1
| #define HAVE_MEMORY_H 1
| #define HAVE_STRINGS_H 1
| #define HAVE_INTTYPES_H 1
| #define HAVE_STDINT_H 1
| #define HAVE_UNISTD_H 1
| #define HAVE_DLFCN_H 1
| #define LT_OBJDIR ".libs/"
| #define HAVE_PTHREAD_PRIO_INHERIT 1
| #define HAVE_PTHREAD 1
| #define HAVE_DECL_STRERROR_R 1
| #define HAVE_STRERROR_R 1
| #define HAVE_FUNC_ATTRIBUTE_VISIBILITY 1
| #define HAVE_STDIO_H 1
| #define HAVE_STDLIB_H 1
| #define HAVE_UNISTD_H 1
| #define HAVE_STRINGS_H 1
| #define HAVE_SYS_TYPES_H 1
| #define HAVE_SYS_STAT_H 1
| #define HAVE_SYS_SELECT_H 1
| #define HAVE_INET_PTON 1
| #define HAVE_DECL_STRNLEN 1
| #define HAVE_DECL_LE32TOH 0
| #define HAVE_DECL_LE64TOH 0
| /* end confdefs.h.  */
| #if HAVE_ENDIAN_H
|                  #include <endian.h>
|                  #endif
| 
| int
| main ()
| {
| #ifndef htole32
| #ifdef __cplusplus
|   (void) htole32;
| #else
|   (void) htole32;
| #endif
| #endif
| 
|   ;
|   return 0;
| }
configure:22312: result: no
configure:22325: checking whether htole64 is declared
configure:22325: g++ -std=c++11 -c -g -O2 -Wall -Wextra -Wformat -Wformat-security -Wno-unused-parameter  -Wstack-protector -fstack-protector-all -fPIC  -DBOOST_SPIRIT_THREADSAFE -DHAVE_BUILD_INFO -D__STDC_FORMAT_MACROS -isystem /opt/local/include -I/opt/local/include/db48 -I/usr/local/opt/berkeley-db@4/include -DMAC_OSX  -U_FORTIFY_SOURCE -D_FORTIFY_SOURCE=2 conftest.cpp >&5
conftest.cpp:48:10: error: use of undeclared identifier 'htole64'
  (void) htole64;
         ^
1 error generated.
configure:22325: $? = 1
configure: failed program was:
| /* confdefs.h */
| #define PACKAGE_NAME "Innoket Core"
| #define PACKAGE_TARNAME "innoket"
| #define PACKAGE_VERSION "2.1.0"
| #define PACKAGE_STRING "Innoket Core 2.1.0"
| #define PACKAGE_BUGREPORT "http://bit.innokets"
| #define PACKAGE_URL ""
| #define HAVE_CXX11 1
| #define STDC_HEADERS 1
| #define HAVE_SYS_TYPES_H 1
| #define HAVE_SYS_STAT_H 1
| #define HAVE_STDLIB_H 1
| #define HAVE_STRING_H 1
| #define HAVE_MEMORY_H 1
| #define HAVE_STRINGS_H 1
| #define HAVE_INTTYPES_H 1
| #define HAVE_STDINT_H 1
| #define HAVE_UNISTD_H 1
| #define HAVE_DLFCN_H 1
| #define LT_OBJDIR ".libs/"
| #define HAVE_PTHREAD_PRIO_INHERIT 1
| #define HAVE_PTHREAD 1
| #define HAVE_DECL_STRERROR_R 1
| #define HAVE_STRERROR_R 1
| #define HAVE_FUNC_ATTRIBUTE_VISIBILITY 1
| #define HAVE_STDIO_H 1
| #define HAVE_STDLIB_H 1
| #define HAVE_UNISTD_H 1
| #define HAVE_STRINGS_H 1
| #define HAVE_SYS_TYPES_H 1
| #define HAVE_SYS_STAT_H 1
| #define HAVE_SYS_SELECT_H 1
| #define HAVE_INET_PTON 1
| #define HAVE_DECL_STRNLEN 1
| #define HAVE_DECL_LE32TOH 0
| #define HAVE_DECL_LE64TOH 0
| #define HAVE_DECL_HTOLE32 0
| /* end confdefs.h.  */
| #if HAVE_ENDIAN_H
|                  #include <endian.h>
|                  #endif
| 
| int
| main ()
| {
| #ifndef htole64
| #ifdef __cplusplus
|   (void) htole64;
| #else
|   (void) htole64;
| #endif
| #endif
| 
|   ;
|   return 0;
| }
configure:22325: result: no
configure:22338: checking whether be32toh is declared
configure:22338: g++ -std=c++11 -c -g -O2 -Wall -Wextra -Wformat -Wformat-security -Wno-unused-parameter  -Wstack-protector -fstack-protector-all -fPIC  -DBOOST_SPIRIT_THREADSAFE -DHAVE_BUILD_INFO -D__STDC_FORMAT_MACROS -isystem /opt/local/include -I/opt/local/include/db48 -I/usr/local/opt/berkeley-db@4/include -DMAC_OSX  -U_FORTIFY_SOURCE -D_FORTIFY_SOURCE=2 conftest.cpp >&5
conftest.cpp:49:10: error: use of undeclared identifier 'be32toh'
  (void) be32toh;
         ^
1 error generated.
configure:22338: $? = 1
configure: failed program was:
| /* confdefs.h */
| #define PACKAGE_NAME "Innoket Core"
| #define PACKAGE_TARNAME "innoket"
| #define PACKAGE_VERSION "2.1.0"
| #define PACKAGE_STRING "Innoket Core 2.1.0"
| #define PACKAGE_BUGREPORT "http://bit.innokets"
| #define PACKAGE_URL ""
| #define HAVE_CXX11 1
| #define STDC_HEADERS 1
| #define HAVE_SYS_TYPES_H 1
| #define HAVE_SYS_STAT_H 1
| #define HAVE_STDLIB_H 1
| #define HAVE_STRING_H 1
| #define HAVE_MEMORY_H 1
| #define HAVE_STRINGS_H 1
| #define HAVE_INTTYPES_H 1
| #define HAVE_STDINT_H 1
| #define HAVE_UNISTD_H 1
| #define HAVE_DLFCN_H 1
| #define LT_OBJDIR ".libs/"
| #define HAVE_PTHREAD_PRIO_INHERIT 1
| #define HAVE_PTHREAD 1
| #define HAVE_DECL_STRERROR_R 1
| #define HAVE_STRERROR_R 1
| #define HAVE_FUNC_ATTRIBUTE_VISIBILITY 1
| #define HAVE_STDIO_H 1
| #define HAVE_STDLIB_H 1
| #define HAVE_UNISTD_H 1
| #define HAVE_STRINGS_H 1
| #define HAVE_SYS_TYPES_H 1
| #define HAVE_SYS_STAT_H 1
| #define HAVE_SYS_SELECT_H 1
| #define HAVE_INET_PTON 1
| #define HAVE_DECL_STRNLEN 1
| #define HAVE_DECL_LE32TOH 0
| #define HAVE_DECL_LE64TOH 0
| #define HAVE_DECL_HTOLE32 0
| #define HAVE_DECL_HTOLE64 0
| /* end confdefs.h.  */
| #if HAVE_ENDIAN_H
|                  #include <endian.h>
|                  #endif
| 
| int
| main ()
| {
| #ifndef be32toh
| #ifdef __cplusplus
|   (void) be32toh;
| #else
|   (void) be32toh;
| #endif
| #endif
| 
|   ;
|   return 0;
| }
configure:22338: result: no
configure:22351: checking whether be64toh is declared
configure:22351: g++ -std=c++11 -c -g -O2 -Wall -Wextra -Wformat -Wformat-security -Wno-unused-parameter  -Wstack-protector -fstack-protector-all -fPIC  -DBOOST_SPIRIT_THREADSAFE -DHAVE_BUILD_INFO -D__STDC_FORMAT_MACROS -isystem /opt/local/include -I/opt/local/include/db48 -I/usr/local/opt/berkeley-db@4/include -DMAC_OSX  -U_FORTIFY_SOURCE -D_FORTIFY_SOURCE=2 conftest.cpp >&5
conftest.cpp:50:10: error: use of undeclared identifier 'be64toh'
  (void) be64toh;
         ^
1 error generated.
configure:22351: $? = 1
configure: failed program was:
| /* confdefs.h */
| #define PACKAGE_NAME "Innoket Core"
| #define PACKAGE_TARNAME "innoket"
| #define PACKAGE_VERSION "2.1.0"
| #define PACKAGE_STRING "Innoket Core 2.1.0"
| #define PACKAGE_BUGREPORT "http://bit.innokets"
| #define PACKAGE_URL ""
| #define HAVE_CXX11 1
| #define STDC_HEADERS 1
| #define HAVE_SYS_TYPES_H 1
| #define HAVE_SYS_STAT_H 1
| #define HAVE_STDLIB_H 1
| #define HAVE_STRING_H 1
| #define HAVE_MEMORY_H 1
| #define HAVE_STRINGS_H 1
| #define HAVE_INTTYPES_H 1
| #define HAVE_STDINT_H 1
| #define HAVE_UNISTD_H 1
| #define HAVE_DLFCN_H 1
| #define LT_OBJDIR ".libs/"
| #define HAVE_PTHREAD_PRIO_INHERIT 1
| #define HAVE_PTHREAD 1
| #define HAVE_DECL_STRERROR_R 1
| #define HAVE_STRERROR_R 1
| #define HAVE_FUNC_ATTRIBUTE_VISIBILITY 1
| #define HAVE_STDIO_H 1
| #define HAVE_STDLIB_H 1
| #define HAVE_UNISTD_H 1
| #define HAVE_STRINGS_H 1
| #define HAVE_SYS_TYPES_H 1
| #define HAVE_SYS_STAT_H 1
| #define HAVE_SYS_SELECT_H 1
| #define HAVE_INET_PTON 1
| #define HAVE_DECL_STRNLEN 1
| #define HAVE_DECL_LE32TOH 0
| #define HAVE_DECL_LE64TOH 0
| #define HAVE_DECL_HTOLE32 0
| #define HAVE_DECL_HTOLE64 0
| #define HAVE_DECL_BE32TOH 0
| /* end confdefs.h.  */
| #if HAVE_ENDIAN_H
|                  #include <endian.h>
|                  #endif
| 
| int
| main ()
| {
| #ifndef be64toh
| #ifdef __cplusplus
|   (void) be64toh;
| #else
|   (void) be64toh;
| #endif
| #endif
| 
|   ;
|   return 0;
| }
configure:22351: result: no
configure:22364: checking whether htobe32 is declared
configure:22364: g++ -std=c++11 -c -g -O2 -Wall -Wextra -Wformat -Wformat-security -Wno-unused-parameter  -Wstack-protector -fstack-protector-all -fPIC  -DBOOST_SPIRIT_THREADSAFE -DHAVE_BUILD_INFO -D__STDC_FORMAT_MACROS -isystem /opt/local/include -I/opt/local/include/db48 -I/usr/local/opt/berkeley-db@4/include -DMAC_OSX  -U_FORTIFY_SOURCE -D_FORTIFY_SOURCE=2 conftest.cpp >&5
conftest.cpp:51:10: error: use of undeclared identifier 'htobe32'
  (void) htobe32;
         ^
1 error generated.
configure:22364: $? = 1
configure: failed program was:
| /* confdefs.h */
| #define PACKAGE_NAME "Innoket Core"
| #define PACKAGE_TARNAME "innoket"
| #define PACKAGE_VERSION "2.1.0"
| #define PACKAGE_STRING "Innoket Core 2.1.0"
| #define PACKAGE_BUGREPORT "http://bit.innokets"
| #define PACKAGE_URL ""
| #define HAVE_CXX11 1
| #define STDC_HEADERS 1
| #define HAVE_SYS_TYPES_H 1
| #define HAVE_SYS_STAT_H 1
| #define HAVE_STDLIB_H 1
| #define HAVE_STRING_H 1
| #define HAVE_MEMORY_H 1
| #define HAVE_STRINGS_H 1
| #define HAVE_INTTYPES_H 1
| #define HAVE_STDINT_H 1
| #define HAVE_UNISTD_H 1
| #define HAVE_DLFCN_H 1
| #define LT_OBJDIR ".libs/"
| #define HAVE_PTHREAD_PRIO_INHERIT 1
| #define HAVE_PTHREAD 1
| #define HAVE_DECL_STRERROR_R 1
| #define HAVE_STRERROR_R 1
| #define HAVE_FUNC_ATTRIBUTE_VISIBILITY 1
| #define HAVE_STDIO_H 1
| #define HAVE_STDLIB_H 1
| #define HAVE_UNISTD_H 1
| #define HAVE_STRINGS_H 1
| #define HAVE_SYS_TYPES_H 1
| #define HAVE_SYS_STAT_H 1
| #define HAVE_SYS_SELECT_H 1
| #define HAVE_INET_PTON 1
| #define HAVE_DECL_STRNLEN 1
| #define HAVE_DECL_LE32TOH 0
| #define HAVE_DECL_LE64TOH 0
| #define HAVE_DECL_HTOLE32 0
| #define HAVE_DECL_HTOLE64 0
| #define HAVE_DECL_BE32TOH 0
| #define HAVE_DECL_BE64TOH 0
| /* end confdefs.h.  */
| #if HAVE_ENDIAN_H
|                  #include <endian.h>
|                  #endif
| 
| int
| main ()
| {
| #ifndef htobe32
| #ifdef __cplusplus
|   (void) htobe32;
| #else
|   (void) htobe32;
| #endif
| #endif
| 
|   ;
|   return 0;
| }
configure:22364: result: no
configure:22377: checking whether htobe64 is declared
configure:22377: g++ -std=c++11 -c -g -O2 -Wall -Wextra -Wformat -Wformat-security -Wno-unused-parameter  -Wstack-protector -fstack-protector-all -fPIC  -DBOOST_SPIRIT_THREADSAFE -DHAVE_BUILD_INFO -D__STDC_FORMAT_MACROS -isystem /opt/local/include -I/opt/local/include/db48 -I/usr/local/opt/berkeley-db@4/include -DMAC_OSX  -U_FORTIFY_SOURCE -D_FORTIFY_SOURCE=2 conftest.cpp >&5
conftest.cpp:52:10: error: use of undeclared identifier 'htobe64'
  (void) htobe64;
         ^
1 error generated.
configure:22377: $? = 1
configure: failed program was:
| /* confdefs.h */
| #define PACKAGE_NAME "Innoket Core"
| #define PACKAGE_TARNAME "innoket"
| #define PACKAGE_VERSION "2.1.0"
| #define PACKAGE_STRING "Innoket Core 2.1.0"
| #define PACKAGE_BUGREPORT "http://bit.innokets"
| #define PACKAGE_URL ""
| #define HAVE_CXX11 1
| #define STDC_HEADERS 1
| #define HAVE_SYS_TYPES_H 1
| #define HAVE_SYS_STAT_H 1
| #define HAVE_STDLIB_H 1
| #define HAVE_STRING_H 1
| #define HAVE_MEMORY_H 1
| #define HAVE_STRINGS_H 1
| #define HAVE_INTTYPES_H 1
| #define HAVE_STDINT_H 1
| #define HAVE_UNISTD_H 1
| #define HAVE_DLFCN_H 1
| #define LT_OBJDIR ".libs/"
| #define HAVE_PTHREAD_PRIO_INHERIT 1
| #define HAVE_PTHREAD 1
| #define HAVE_DECL_STRERROR_R 1
| #define HAVE_STRERROR_R 1
| #define HAVE_FUNC_ATTRIBUTE_VISIBILITY 1
| #define HAVE_STDIO_H 1
| #define HAVE_STDLIB_H 1
| #define HAVE_UNISTD_H 1
| #define HAVE_STRINGS_H 1
| #define HAVE_SYS_TYPES_H 1
| #define HAVE_SYS_STAT_H 1
| #define HAVE_SYS_SELECT_H 1
| #define HAVE_INET_PTON 1
| #define HAVE_DECL_STRNLEN 1
| #define HAVE_DECL_LE32TOH 0
| #define HAVE_DECL_LE64TOH 0
| #define HAVE_DECL_HTOLE32 0
| #define HAVE_DECL_HTOLE64 0
| #define HAVE_DECL_BE32TOH 0
| #define HAVE_DECL_BE64TOH 0
| #define HAVE_DECL_HTOBE32 0
| /* end confdefs.h.  */
| #if HAVE_ENDIAN_H
|                  #include <endian.h>
|                  #endif
| 
| int
| main ()
| {
| #ifndef htobe64
| #ifdef __cplusplus
|   (void) htobe64;
| #else
|   (void) htobe64;
| #endif
| #endif
| 
|   ;
|   return 0;
| }
configure:22377: result: no
configure:22392: checking for MSG_NOSIGNAL
configure:22405: g++ -std=c++11 -c -g -O2 -Wall -Wextra -Wformat -Wformat-security -Wno-unused-parameter  -Wstack-protector -fstack-protector-all -fPIC  -DBOOST_SPIRIT_THREADSAFE -DHAVE_BUILD_INFO -D__STDC_FORMAT_MACROS -isystem /opt/local/include -I/opt/local/include/db48 -I/usr/local/opt/berkeley-db@4/include -DMAC_OSX  -U_FORTIFY_SOURCE -D_FORTIFY_SOURCE=2 conftest.cpp >&5
conftest.cpp:48:10: error: use of undeclared identifier 'MSG_NOSIGNAL'
 int f = MSG_NOSIGNAL;
         ^
1 error generated.
configure:22405: $? = 1
configure: failed program was:
| /* confdefs.h */
| #define PACKAGE_NAME "Innoket Core"
| #define PACKAGE_TARNAME "innoket"
| #define PACKAGE_VERSION "2.1.0"
| #define PACKAGE_STRING "Innoket Core 2.1.0"
| #define PACKAGE_BUGREPORT "http://bit.innokets"
| #define PACKAGE_URL ""
| #define HAVE_CXX11 1
| #define STDC_HEADERS 1
| #define HAVE_SYS_TYPES_H 1
| #define HAVE_SYS_STAT_H 1
| #define HAVE_STDLIB_H 1
| #define HAVE_STRING_H 1
| #define HAVE_MEMORY_H 1
| #define HAVE_STRINGS_H 1
| #define HAVE_INTTYPES_H 1
| #define HAVE_STDINT_H 1
| #define HAVE_UNISTD_H 1
| #define HAVE_DLFCN_H 1
| #define LT_OBJDIR ".libs/"
| #define HAVE_PTHREAD_PRIO_INHERIT 1
| #define HAVE_PTHREAD 1
| #define HAVE_DECL_STRERROR_R 1
| #define HAVE_STRERROR_R 1
| #define HAVE_FUNC_ATTRIBUTE_VISIBILITY 1
| #define HAVE_STDIO_H 1
| #define HAVE_STDLIB_H 1
| #define HAVE_UNISTD_H 1
| #define HAVE_STRINGS_H 1
| #define HAVE_SYS_TYPES_H 1
| #define HAVE_SYS_STAT_H 1
| #define HAVE_SYS_SELECT_H 1
| #define HAVE_INET_PTON 1
| #define HAVE_DECL_STRNLEN 1
| #define HAVE_DECL_LE32TOH 0
| #define HAVE_DECL_LE64TOH 0
| #define HAVE_DECL_HTOLE32 0
| #define HAVE_DECL_HTOLE64 0
| #define HAVE_DECL_BE32TOH 0
| #define HAVE_DECL_BE64TOH 0
| #define HAVE_DECL_HTOBE32 0
| #define HAVE_DECL_HTOBE64 0
| /* end confdefs.h.  */
| #include <sys/socket.h>
| int
| main ()
| {
|  int f = MSG_NOSIGNAL;
|   ;
|   return 0;
| }
configure:22411: result: no
configure:22417: checking for library containing clock_gettime
configure:22448: g++ -std=c++11 -o conftest -g -O2 -Wall -Wextra -Wformat -Wformat-security -Wno-unused-parameter  -Wstack-protector -fstack-protector-all -fPIC  -DBOOST_SPIRIT_THREADSAFE -DHAVE_BUILD_INFO -D__STDC_FORMAT_MACROS -isystem /opt/local/include -I/opt/local/include/db48 -I/usr/local/opt/berkeley-db@4/include -DMAC_OSX  -U_FORTIFY_SOURCE -D_FORTIFY_SOURCE=2  -Wl,-headerpad_max_install_names  -Wl,-dead_strip conftest.cpp  -L/opt/local/lib -L/opt/local/lib/db48 -L/usr/local/opt/berkeley-db@4/lib >&5
configure:22448: $? = 0
configure:22465: result: none required
configure:22474: checking for visibility attribute
configure:22483: g++ -std=c++11 -o conftest -g -O2 -Wall -Wextra -Wformat -Wformat-security -Wno-unused-parameter  -Wstack-protector -fstack-protector-all -fPIC  -DBOOST_SPIRIT_THREADSAFE -DHAVE_BUILD_INFO -D__STDC_FORMAT_MACROS -isystem /opt/local/include -I/opt/local/include/db48 -I/usr/local/opt/berkeley-db@4/include -DMAC_OSX  -U_FORTIFY_SOURCE -D_FORTIFY_SOURCE=2  -Wl,-headerpad_max_install_names  -Wl,-dead_strip conftest.cpp  -L/opt/local/lib -L/opt/local/lib/db48 -L/usr/local/opt/berkeley-db@4/lib >&5
configure:22483: $? = 0
configure:22488: result: yes
configure:22508: checking whether C++ compiler accepts -fvisibility=hidden
configure:22527: g++ -std=c++11 -c -g -O2 -Wall -Wextra -Wformat -Wformat-security -Wno-unused-parameter  -Wstack-protector -fstack-protector-all -fPIC  -fvisibility=hidden  -DBOOST_SPIRIT_THREADSAFE -DHAVE_BUILD_INFO -D__STDC_FORMAT_MACROS -isystem /opt/local/include -I/opt/local/include/db48 -I/usr/local/opt/berkeley-db@4/include -DMAC_OSX  -U_FORTIFY_SOURCE -D_FORTIFY_SOURCE=2 conftest.cpp >&5
configure:22527: $? = 0
configure:22535: result: yes
configure:22569: checking for Berkeley DB C++ headers
configure:22600: g++ -std=c++11 -c -g -O2 -Wall -Wextra -Wformat -Wformat-security -Wno-unused-parameter  -Wstack-protector -fstack-protector-all -fPIC  -DBOOST_SPIRIT_THREADSAFE -DHAVE_BUILD_INFO -D__STDC_FORMAT_MACROS -isystem /opt/local/include -I/opt/local/include/db48 -I/usr/local/opt/berkeley-db@4/include -DMAC_OSX  -U_FORTIFY_SOURCE -D_FORTIFY_SOURCE=2 conftest.cpp >&5
conftest.cpp:46:16: fatal error: 'bdb4.8/db_cxx.h' file not found
      #include <bdb4.8/db_cxx.h>
               ^~~~~~~~~~~~~~~~~
1 error generated.
configure:22600: $? = 1
configure: failed program was:
| /* confdefs.h */
| #define PACKAGE_NAME "Innoket Core"
| #define PACKAGE_TARNAME "innoket"
| #define PACKAGE_VERSION "2.1.0"
| #define PACKAGE_STRING "Innoket Core 2.1.0"
| #define PACKAGE_BUGREPORT "http://bit.innokets"
| #define PACKAGE_URL ""
| #define HAVE_CXX11 1
| #define STDC_HEADERS 1
| #define HAVE_SYS_TYPES_H 1
| #define HAVE_SYS_STAT_H 1
| #define HAVE_STDLIB_H 1
| #define HAVE_STRING_H 1
| #define HAVE_MEMORY_H 1
| #define HAVE_STRINGS_H 1
| #define HAVE_INTTYPES_H 1
| #define HAVE_STDINT_H 1
| #define HAVE_UNISTD_H 1
| #define HAVE_DLFCN_H 1
| #define LT_OBJDIR ".libs/"
| #define HAVE_PTHREAD_PRIO_INHERIT 1
| #define HAVE_PTHREAD 1
| #define HAVE_DECL_STRERROR_R 1
| #define HAVE_STRERROR_R 1
| #define HAVE_FUNC_ATTRIBUTE_VISIBILITY 1
| #define HAVE_STDIO_H 1
| #define HAVE_STDLIB_H 1
| #define HAVE_UNISTD_H 1
| #define HAVE_STRINGS_H 1
| #define HAVE_SYS_TYPES_H 1
| #define HAVE_SYS_STAT_H 1
| #define HAVE_SYS_SELECT_H 1
| #define HAVE_INET_PTON 1
| #define HAVE_DECL_STRNLEN 1
| #define HAVE_DECL_LE32TOH 0
| #define HAVE_DECL_LE64TOH 0
| #define HAVE_DECL_HTOLE32 0
| #define HAVE_DECL_HTOLE64 0
| #define HAVE_DECL_BE32TOH 0
| #define HAVE_DECL_BE64TOH 0
| #define HAVE_DECL_HTOBE32 0
| #define HAVE_DECL_HTOBE64 0
| #define HAVE_VISIBILITY_ATTRIBUTE 1
| /* end confdefs.h.  */
| 
|       #include <bdb4.8/db_cxx.h>
| 
| int
| main ()
| {
| 
|       #if !((DB_VERSION_MAJOR == 4 && DB_VERSION_MINOR >= 8) || DB_VERSION_MAJOR > 4)
|         #error "failed to find bdb 4.8+"
|       #endif
| 
|   ;
|   return 0;
| }
configure:22600: g++ -std=c++11 -c -g -O2 -Wall -Wextra -Wformat -Wformat-security -Wno-unused-parameter  -Wstack-protector -fstack-protector-all -fPIC  -DBOOST_SPIRIT_THREADSAFE -DHAVE_BUILD_INFO -D__STDC_FORMAT_MACROS -isystem /opt/local/include -I/opt/local/include/db48 -I/usr/local/opt/berkeley-db@4/include -DMAC_OSX  -U_FORTIFY_SOURCE -D_FORTIFY_SOURCE=2 conftest.cpp >&5
conftest.cpp:46:16: fatal error: 'libdb4.8/db_cxx.h' file not found
      #include <libdb4.8/db_cxx.h>
               ^~~~~~~~~~~~~~~~~~~
1 error generated.
configure:22600: $? = 1
configure: failed program was:
| /* confdefs.h */
| #define PACKAGE_NAME "Innoket Core"
| #define PACKAGE_TARNAME "innoket"
| #define PACKAGE_VERSION "2.1.0"
| #define PACKAGE_STRING "Innoket Core 2.1.0"
| #define PACKAGE_BUGREPORT "http://bit.innokets"
| #define PACKAGE_URL ""
| #define HAVE_CXX11 1
| #define STDC_HEADERS 1
| #define HAVE_SYS_TYPES_H 1
| #define HAVE_SYS_STAT_H 1
| #define HAVE_STDLIB_H 1
| #define HAVE_STRING_H 1
| #define HAVE_MEMORY_H 1
| #define HAVE_STRINGS_H 1
| #define HAVE_INTTYPES_H 1
| #define HAVE_STDINT_H 1
| #define HAVE_UNISTD_H 1
| #define HAVE_DLFCN_H 1
| #define LT_OBJDIR ".libs/"
| #define HAVE_PTHREAD_PRIO_INHERIT 1
| #define HAVE_PTHREAD 1
| #define HAVE_DECL_STRERROR_R 1
| #define HAVE_STRERROR_R 1
| #define HAVE_FUNC_ATTRIBUTE_VISIBILITY 1
| #define HAVE_STDIO_H 1
| #define HAVE_STDLIB_H 1
| #define HAVE_UNISTD_H 1
| #define HAVE_STRINGS_H 1
| #define HAVE_SYS_TYPES_H 1
| #define HAVE_SYS_STAT_H 1
| #define HAVE_SYS_SELECT_H 1
| #define HAVE_INET_PTON 1
| #define HAVE_DECL_STRNLEN 1
| #define HAVE_DECL_LE32TOH 0
| #define HAVE_DECL_LE64TOH 0
| #define HAVE_DECL_HTOLE32 0
| #define HAVE_DECL_HTOLE64 0
| #define HAVE_DECL_BE32TOH 0
| #define HAVE_DECL_BE64TOH 0
| #define HAVE_DECL_HTOBE32 0
| #define HAVE_DECL_HTOBE64 0
| #define HAVE_VISIBILITY_ATTRIBUTE 1
| /* end confdefs.h.  */
| 
|       #include <libdb4.8/db_cxx.h>
| 
| int
| main ()
| {
| 
|       #if !((DB_VERSION_MAJOR == 4 && DB_VERSION_MINOR >= 8) || DB_VERSION_MAJOR > 4)
|         #error "failed to find bdb 4.8+"
|       #endif
| 
|   ;
|   return 0;
| }
configure:22600: g++ -std=c++11 -c -g -O2 -Wall -Wextra -Wformat -Wformat-security -Wno-unused-parameter  -Wstack-protector -fstack-protector-all -fPIC  -DBOOST_SPIRIT_THREADSAFE -DHAVE_BUILD_INFO -D__STDC_FORMAT_MACROS -isystem /opt/local/include -I/opt/local/include/db48 -I/usr/local/opt/berkeley-db@4/include -DMAC_OSX  -U_FORTIFY_SOURCE -D_FORTIFY_SOURCE=2 conftest.cpp >&5
conftest.cpp:46:16: fatal error: 'db4.8/db_cxx.h' file not found
      #include <db4.8/db_cxx.h>
               ^~~~~~~~~~~~~~~~
1 error generated.
configure:22600: $? = 1
configure: failed program was:
| /* confdefs.h */
| #define PACKAGE_NAME "Innoket Core"
| #define PACKAGE_TARNAME "innoket"
| #define PACKAGE_VERSION "2.1.0"
| #define PACKAGE_STRING "Innoket Core 2.1.0"
| #define PACKAGE_BUGREPORT "http://bit.innokets"
| #define PACKAGE_URL ""
| #define HAVE_CXX11 1
| #define STDC_HEADERS 1
| #define HAVE_SYS_TYPES_H 1
| #define HAVE_SYS_STAT_H 1
| #define HAVE_STDLIB_H 1
| #define HAVE_STRING_H 1
| #define HAVE_MEMORY_H 1
| #define HAVE_STRINGS_H 1
| #define HAVE_INTTYPES_H 1
| #define HAVE_STDINT_H 1
| #define HAVE_UNISTD_H 1
| #define HAVE_DLFCN_H 1
| #define LT_OBJDIR ".libs/"
| #define HAVE_PTHREAD_PRIO_INHERIT 1
| #define HAVE_PTHREAD 1
| #define HAVE_DECL_STRERROR_R 1
| #define HAVE_STRERROR_R 1
| #define HAVE_FUNC_ATTRIBUTE_VISIBILITY 1
| #define HAVE_STDIO_H 1
| #define HAVE_STDLIB_H 1
| #define HAVE_UNISTD_H 1
| #define HAVE_STRINGS_H 1
| #define HAVE_SYS_TYPES_H 1
| #define HAVE_SYS_STAT_H 1
| #define HAVE_SYS_SELECT_H 1
| #define HAVE_INET_PTON 1
| #define HAVE_DECL_STRNLEN 1
| #define HAVE_DECL_LE32TOH 0
| #define HAVE_DECL_LE64TOH 0
| #define HAVE_DECL_HTOLE32 0
| #define HAVE_DECL_HTOLE64 0
| #define HAVE_DECL_BE32TOH 0
| #define HAVE_DECL_BE64TOH 0
| #define HAVE_DECL_HTOBE32 0
| #define HAVE_DECL_HTOBE64 0
| #define HAVE_VISIBILITY_ATTRIBUTE 1
| /* end confdefs.h.  */
| 
|       #include <db4.8/db_cxx.h>
| 
| int
| main ()
| {
| 
|       #if !((DB_VERSION_MAJOR == 4 && DB_VERSION_MINOR >= 8) || DB_VERSION_MAJOR > 4)
|         #error "failed to find bdb 4.8+"
|       #endif
| 
|   ;
|   return 0;
| }
configure:22600: g++ -std=c++11 -c -g -O2 -Wall -Wextra -Wformat -Wformat-security -Wno-unused-parameter  -Wstack-protector -fstack-protector-all -fPIC  -DBOOST_SPIRIT_THREADSAFE -DHAVE_BUILD_INFO -D__STDC_FORMAT_MACROS -isystem /opt/local/include -I/opt/local/include/db48 -I/usr/local/opt/berkeley-db@4/include -DMAC_OSX  -U_FORTIFY_SOURCE -D_FORTIFY_SOURCE=2 conftest.cpp >&5
conftest.cpp:46:16: fatal error: 'bdb48/db_cxx.h' file not found
      #include <bdb48/db_cxx.h>
               ^~~~~~~~~~~~~~~~
1 error generated.
configure:22600: $? = 1
configure: failed program was:
| /* confdefs.h */
| #define PACKAGE_NAME "Innoket Core"
| #define PACKAGE_TARNAME "innoket"
| #define PACKAGE_VERSION "2.1.0"
| #define PACKAGE_STRING "Innoket Core 2.1.0"
| #define PACKAGE_BUGREPORT "http://bit.innokets"
| #define PACKAGE_URL ""
| #define HAVE_CXX11 1
| #define STDC_HEADERS 1
| #define HAVE_SYS_TYPES_H 1
| #define HAVE_SYS_STAT_H 1
| #define HAVE_STDLIB_H 1
| #define HAVE_STRING_H 1
| #define HAVE_MEMORY_H 1
| #define HAVE_STRINGS_H 1
| #define HAVE_INTTYPES_H 1
| #define HAVE_STDINT_H 1
| #define HAVE_UNISTD_H 1
| #define HAVE_DLFCN_H 1
| #define LT_OBJDIR ".libs/"
| #define HAVE_PTHREAD_PRIO_INHERIT 1
| #define HAVE_PTHREAD 1
| #define HAVE_DECL_STRERROR_R 1
| #define HAVE_STRERROR_R 1
| #define HAVE_FUNC_ATTRIBUTE_VISIBILITY 1
| #define HAVE_STDIO_H 1
| #define HAVE_STDLIB_H 1
| #define HAVE_UNISTD_H 1
| #define HAVE_STRINGS_H 1
| #define HAVE_SYS_TYPES_H 1
| #define HAVE_SYS_STAT_H 1
| #define HAVE_SYS_SELECT_H 1
| #define HAVE_INET_PTON 1
| #define HAVE_DECL_STRNLEN 1
| #define HAVE_DECL_LE32TOH 0
| #define HAVE_DECL_LE64TOH 0
| #define HAVE_DECL_HTOLE32 0
| #define HAVE_DECL_HTOLE64 0
| #define HAVE_DECL_BE32TOH 0
| #define HAVE_DECL_BE64TOH 0
| #define HAVE_DECL_HTOBE32 0
| #define HAVE_DECL_HTOBE64 0
| #define HAVE_VISIBILITY_ATTRIBUTE 1
| /* end confdefs.h.  */
| 
|       #include <bdb48/db_cxx.h>
| 
| int
| main ()
| {
| 
|       #if !((DB_VERSION_MAJOR == 4 && DB_VERSION_MINOR >= 8) || DB_VERSION_MAJOR > 4)
|         #error "failed to find bdb 4.8+"
|       #endif
| 
|   ;
|   return 0;
| }
configure:22600: g++ -std=c++11 -c -g -O2 -Wall -Wextra -Wformat -Wformat-security -Wno-unused-parameter  -Wstack-protector -fstack-protector-all -fPIC  -DBOOST_SPIRIT_THREADSAFE -DHAVE_BUILD_INFO -D__STDC_FORMAT_MACROS -isystem /opt/local/include -I/opt/local/include/db48 -I/usr/local/opt/berkeley-db@4/include -DMAC_OSX  -U_FORTIFY_SOURCE -D_FORTIFY_SOURCE=2 conftest.cpp >&5
conftest.cpp:46:16: fatal error: 'libdb48/db_cxx.h' file not found
      #include <libdb48/db_cxx.h>
               ^~~~~~~~~~~~~~~~~~
1 error generated.
configure:22600: $? = 1
configure: failed program was:
| /* confdefs.h */
| #define PACKAGE_NAME "Innoket Core"
| #define PACKAGE_TARNAME "innoket"
| #define PACKAGE_VERSION "2.1.0"
| #define PACKAGE_STRING "Innoket Core 2.1.0"
| #define PACKAGE_BUGREPORT "http://bit.innokets"
| #define PACKAGE_URL ""
| #define HAVE_CXX11 1
| #define STDC_HEADERS 1
| #define HAVE_SYS_TYPES_H 1
| #define HAVE_SYS_STAT_H 1
| #define HAVE_STDLIB_H 1
| #define HAVE_STRING_H 1
| #define HAVE_MEMORY_H 1
| #define HAVE_STRINGS_H 1
| #define HAVE_INTTYPES_H 1
| #define HAVE_STDINT_H 1
| #define HAVE_UNISTD_H 1
| #define HAVE_DLFCN_H 1
| #define LT_OBJDIR ".libs/"
| #define HAVE_PTHREAD_PRIO_INHERIT 1
| #define HAVE_PTHREAD 1
| #define HAVE_DECL_STRERROR_R 1
| #define HAVE_STRERROR_R 1
| #define HAVE_FUNC_ATTRIBUTE_VISIBILITY 1
| #define HAVE_STDIO_H 1
| #define HAVE_STDLIB_H 1
| #define HAVE_UNISTD_H 1
| #define HAVE_STRINGS_H 1
| #define HAVE_SYS_TYPES_H 1
| #define HAVE_SYS_STAT_H 1
| #define HAVE_SYS_SELECT_H 1
| #define HAVE_INET_PTON 1
| #define HAVE_DECL_STRNLEN 1
| #define HAVE_DECL_LE32TOH 0
| #define HAVE_DECL_LE64TOH 0
| #define HAVE_DECL_HTOLE32 0
| #define HAVE_DECL_HTOLE64 0
| #define HAVE_DECL_BE32TOH 0
| #define HAVE_DECL_BE64TOH 0
| #define HAVE_DECL_HTOBE32 0
| #define HAVE_DECL_HTOBE64 0
| #define HAVE_VISIBILITY_ATTRIBUTE 1
| /* end confdefs.h.  */
| 
|       #include <libdb48/db_cxx.h>
| 
| int
| main ()
| {
| 
|       #if !((DB_VERSION_MAJOR == 4 && DB_VERSION_MINOR >= 8) || DB_VERSION_MAJOR > 4)
|         #error "failed to find bdb 4.8+"
|       #endif
| 
|   ;
|   return 0;
| }
configure:22600: g++ -std=c++11 -c -g -O2 -Wall -Wextra -Wformat -Wformat-security -Wno-unused-parameter  -Wstack-protector -fstack-protector-all -fPIC  -DBOOST_SPIRIT_THREADSAFE -DHAVE_BUILD_INFO -D__STDC_FORMAT_MACROS -isystem /opt/local/include -I/opt/local/include/db48 -I/usr/local/opt/berkeley-db@4/include -DMAC_OSX  -U_FORTIFY_SOURCE -D_FORTIFY_SOURCE=2 conftest.cpp >&5
configure:22600: $? = 0
configure:22629: g++ -std=c++11 -c -g -O2 -Wall -Wextra -Wformat -Wformat-security -Wno-unused-parameter  -Wstack-protector -fstack-protector-all -fPIC  -DBOOST_SPIRIT_THREADSAFE -DHAVE_BUILD_INFO -D__STDC_FORMAT_MACROS -isystem /opt/local/include -I/opt/local/include/db48 -I/usr/local/opt/berkeley-db@4/include -DMAC_OSX  -U_FORTIFY_SOURCE -D_FORTIFY_SOURCE=2 conftest.cpp >&5
configure:22629: $? = 0
configure:22677: result: /opt/local/include/db48/
configure:22691: checking for main in -ldb_cxx-4.8
configure:22710: g++ -std=c++11 -o conftest -g -O2 -Wall -Wextra -Wformat -Wformat-security -Wno-unused-parameter  -Wstack-protector -fstack-protector-all -fPIC  -DBOOST_SPIRIT_THREADSAFE -DHAVE_BUILD_INFO -D__STDC_FORMAT_MACROS -isystem /opt/local/include -I/opt/local/include/db48 -I/usr/local/opt/berkeley-db@4/include -DMAC_OSX  -U_FORTIFY_SOURCE -D_FORTIFY_SOURCE=2  -Wl,-headerpad_max_install_names  -Wl,-dead_strip conftest.cpp -ldb_cxx-4.8   -L/opt/local/lib -L/opt/local/lib/db48 -L/usr/local/opt/berkeley-db@4/lib >&5
conftest.cpp:49:1: warning: all paths through this function will call itself [-Winfinite-recursion]
{
^
1 warning generated.
configure:22710: $? = 0
configure:22720: result: yes
configure:22741: checking miniupnpc/miniwget.h usability
configure:22741: g++ -std=c++11 -c -g -O2 -Wall -Wextra -Wformat -Wformat-security -Wno-unused-parameter  -Wstack-protector -fstack-protector-all -fPIC  -DBOOST_SPIRIT_THREADSAFE -DHAVE_BUILD_INFO -D__STDC_FORMAT_MACROS -isystem /opt/local/include -I/opt/local/include/db48 -I/usr/local/opt/berkeley-db@4/include -DMAC_OSX  -U_FORTIFY_SOURCE -D_FORTIFY_SOURCE=2 conftest.cpp >&5
configure:22741: $? = 0
configure:22741: result: yes
configure:22741: checking miniupnpc/miniwget.h presence
configure:22741: g++ -std=c++11 -E  -DBOOST_SPIRIT_THREADSAFE -DHAVE_BUILD_INFO -D__STDC_FORMAT_MACROS -isystem /opt/local/include -I/opt/local/include/db48 -I/usr/local/opt/berkeley-db@4/include -DMAC_OSX  -U_FORTIFY_SOURCE -D_FORTIFY_SOURCE=2 conftest.cpp
configure:22741: $? = 0
configure:22741: result: yes
configure:22741: checking for miniupnpc/miniwget.h
configure:22741: result: yes
configure:22746: checking for main in -lminiupnpc
configure:22765: g++ -std=c++11 -o conftest -g -O2 -Wall -Wextra -Wformat -Wformat-security -Wno-unused-parameter  -Wstack-protector -fstack-protector-all -fPIC  -DBOOST_SPIRIT_THREADSAFE -DHAVE_BUILD_INFO -D__STDC_FORMAT_MACROS -isystem /opt/local/include -I/opt/local/include/db48 -I/usr/local/opt/berkeley-db@4/include -DMAC_OSX  -U_FORTIFY_SOURCE -D_FORTIFY_SOURCE=2  -Wl,-headerpad_max_install_names  -Wl,-dead_strip conftest.cpp -lminiupnpc   -L/opt/local/lib -L/opt/local/lib/db48 -L/usr/local/opt/berkeley-db@4/lib >&5
conftest.cpp:50:1: warning: all paths through this function will call itself [-Winfinite-recursion]
{
^
1 warning generated.
configure:22765: $? = 0
configure:22774: result: yes
configure:22741: checking miniupnpc/miniupnpc.h usability
configure:22741: g++ -std=c++11 -c -g -O2 -Wall -Wextra -Wformat -Wformat-security -Wno-unused-parameter  -Wstack-protector -fstack-protector-all -fPIC  -DBOOST_SPIRIT_THREADSAFE -DHAVE_BUILD_INFO -D__STDC_FORMAT_MACROS -isystem /opt/local/include -I/opt/local/include/db48 -I/usr/local/opt/berkeley-db@4/include -DMAC_OSX  -U_FORTIFY_SOURCE -D_FORTIFY_SOURCE=2 conftest.cpp >&5
configure:22741: $? = 0
configure:22741: result: yes
configure:22741: checking miniupnpc/miniupnpc.h presence
configure:22741: g++ -std=c++11 -E  -DBOOST_SPIRIT_THREADSAFE -DHAVE_BUILD_INFO -D__STDC_FORMAT_MACROS -isystem /opt/local/include -I/opt/local/include/db48 -I/usr/local/opt/berkeley-db@4/include -DMAC_OSX  -U_FORTIFY_SOURCE -D_FORTIFY_SOURCE=2 conftest.cpp
configure:22741: $? = 0
configure:22741: result: yes
configure:22741: checking for miniupnpc/miniupnpc.h
configure:22741: result: yes
configure:22746: checking for main in -lminiupnpc
configure:22774: result: yes
configure:22741: checking miniupnpc/upnpcommands.h usability
configure:22741: g++ -std=c++11 -c -g -O2 -Wall -Wextra -Wformat -Wformat-security -Wno-unused-parameter  -Wstack-protector -fstack-protector-all -fPIC  -DBOOST_SPIRIT_THREADSAFE -DHAVE_BUILD_INFO -D__STDC_FORMAT_MACROS -isystem /opt/local/include -I/opt/local/include/db48 -I/usr/local/opt/berkeley-db@4/include -DMAC_OSX  -U_FORTIFY_SOURCE -D_FORTIFY_SOURCE=2 conftest.cpp >&5
configure:22741: $? = 0
configure:22741: result: yes
configure:22741: checking miniupnpc/upnpcommands.h presence
configure:22741: g++ -std=c++11 -E  -DBOOST_SPIRIT_THREADSAFE -DHAVE_BUILD_INFO -D__STDC_FORMAT_MACROS -isystem /opt/local/include -I/opt/local/include/db48 -I/usr/local/opt/berkeley-db@4/include -DMAC_OSX  -U_FORTIFY_SOURCE -D_FORTIFY_SOURCE=2 conftest.cpp
configure:22741: $? = 0
configure:22741: result: yes
configure:22741: checking for miniupnpc/upnpcommands.h
configure:22741: result: yes
configure:22746: checking for main in -lminiupnpc
configure:22774: result: yes
configure:22741: checking miniupnpc/upnperrors.h usability
configure:22741: g++ -std=c++11 -c -g -O2 -Wall -Wextra -Wformat -Wformat-security -Wno-unused-parameter  -Wstack-protector -fstack-protector-all -fPIC  -DBOOST_SPIRIT_THREADSAFE -DHAVE_BUILD_INFO -D__STDC_FORMAT_MACROS -isystem /opt/local/include -I/opt/local/include/db48 -I/usr/local/opt/berkeley-db@4/include -DMAC_OSX  -U_FORTIFY_SOURCE -D_FORTIFY_SOURCE=2 conftest.cpp >&5
configure:22741: $? = 0
configure:22741: result: yes
configure:22741: checking miniupnpc/upnperrors.h presence
configure:22741: g++ -std=c++11 -E  -DBOOST_SPIRIT_THREADSAFE -DHAVE_BUILD_INFO -D__STDC_FORMAT_MACROS -isystem /opt/local/include -I/opt/local/include/db48 -I/usr/local/opt/berkeley-db@4/include -DMAC_OSX  -U_FORTIFY_SOURCE -D_FORTIFY_SOURCE=2 conftest.cpp
configure:22741: $? = 0
configure:22741: result: yes
configure:22741: checking for miniupnpc/upnperrors.h
configure:22741: result: yes
configure:22746: checking for main in -lminiupnpc
configure:22774: result: yes
configure:22884: checking for QT
configure:22891: $PKG_CONFIG --exists --print-errors "$qt5_modules"
configure:22894: $? = 0
configure:22908: $PKG_CONFIG --exists --print-errors "$qt5_modules"
configure:22911: $? = 0
configure:22949: result: yes
configure:23201: checking for QT_TEST
configure:23208: $PKG_CONFIG --exists --print-errors "${QT_LIB_PREFIX}Test"
configure:23211: $? = 0
configure:23225: $PKG_CONFIG --exists --print-errors "${QT_LIB_PREFIX}Test"
configure:23228: $? = 0
configure:23266: result: yes
configure:23273: checking for QT_DBUS
configure:23280: $PKG_CONFIG --exists --print-errors "${QT_LIB_PREFIX}DBus"
configure:23283: $? = 0
configure:23297: $PKG_CONFIG --exists --print-errors "${QT_LIB_PREFIX}DBus"
configure:23300: $? = 0
configure:23338: result: yes
configure:24275: checking for static Qt
configure:24298: g++ -std=c++11 -c  -g -O2 -Wall -Wextra -Wformat -Wformat-security -Wno-unused-parameter  -Wstack-protector -fstack-protector-all -fPIC -I/usr/local/Cellar/qt@5.5/5.5.1_1/include/QtNetwork -I/usr/local/Cellar/qt@5.5/5.5.1_1/include -I/usr/local/Cellar/qt@5.5/5.5.1_1/include/QtWidgets -I/usr/local/Cellar/qt@5.5/5.5.1_1/include -I/usr/local/Cellar/qt@5.5/5.5.1_1/include/QtGui -I/usr/local/Cellar/qt@5.5/5.5.1_1/include -I/usr/local/Cellar/qt@5.5/5.5.1_1/include/QtCore -I/usr/local/Cellar/qt@5.5/5.5.1_1/include  -DBOOST_SPIRIT_THREADSAFE -DHAVE_BUILD_INFO -D__STDC_FORMAT_MACROS -isystem /opt/local/include -I/opt/local/include/db48 -I/usr/local/opt/berkeley-db@4/include -DMAC_OSX  -U_FORTIFY_SOURCE -D_FORTIFY_SOURCE=2 conftest.cpp >&5
conftest.cpp:57:7: error: unknown type name 'choke'
      choke me
      ^
1 error generated.
configure:24298: $? = 1
configure: failed program was:
| /* confdefs.h */
| #define PACKAGE_NAME "Innoket Core"
| #define PACKAGE_TARNAME "innoket"
| #define PACKAGE_VERSION "2.1.0"
| #define PACKAGE_STRING "Innoket Core 2.1.0"
| #define PACKAGE_BUGREPORT "http://bit.innokets"
| #define PACKAGE_URL ""
| #define HAVE_CXX11 1
| #define STDC_HEADERS 1
| #define HAVE_SYS_TYPES_H 1
| #define HAVE_SYS_STAT_H 1
| #define HAVE_STDLIB_H 1
| #define HAVE_STRING_H 1
| #define HAVE_MEMORY_H 1
| #define HAVE_STRINGS_H 1
| #define HAVE_INTTYPES_H 1
| #define HAVE_STDINT_H 1
| #define HAVE_UNISTD_H 1
| #define HAVE_DLFCN_H 1
| #define LT_OBJDIR ".libs/"
| #define HAVE_PTHREAD_PRIO_INHERIT 1
| #define HAVE_PTHREAD 1
| #define HAVE_DECL_STRERROR_R 1
| #define HAVE_STRERROR_R 1
| #define HAVE_FUNC_ATTRIBUTE_VISIBILITY 1
| #define HAVE_STDIO_H 1
| #define HAVE_STDLIB_H 1
| #define HAVE_UNISTD_H 1
| #define HAVE_STRINGS_H 1
| #define HAVE_SYS_TYPES_H 1
| #define HAVE_SYS_STAT_H 1
| #define HAVE_SYS_SELECT_H 1
| #define HAVE_INET_PTON 1
| #define HAVE_DECL_STRNLEN 1
| #define HAVE_DECL_LE32TOH 0
| #define HAVE_DECL_LE64TOH 0
| #define HAVE_DECL_HTOLE32 0
| #define HAVE_DECL_HTOLE64 0
| #define HAVE_DECL_BE32TOH 0
| #define HAVE_DECL_BE64TOH 0
| #define HAVE_DECL_HTOBE32 0
| #define HAVE_DECL_HTOBE64 0
| #define HAVE_VISIBILITY_ATTRIBUTE 1
| #define HAVE_MINIUPNPC_MINIWGET_H 1
| #define HAVE_MINIUPNPC_MINIUPNPC_H 1
| #define HAVE_MINIUPNPC_UPNPCOMMANDS_H 1
| #define HAVE_MINIUPNPC_UPNPERRORS_H 1
| /* end confdefs.h.  */
| #include <QtCore>
| int
| main ()
| {
| 
|       #if defined(QT_STATIC)
|       return 0;
|       #else
|       choke me
|       #endif
| 
|   ;
|   return 0;
| }
configure:24306: result: no
configure:25027: checking whether -fPIE can be used with this Qt config
configure:25048: g++ -std=c++11 -c  -g -O2 -Wall -Wextra -Wformat -Wformat-security -Wno-unused-parameter  -Wstack-protector -fstack-protector-all -fPIC -I/usr/local/Cellar/qt@5.5/5.5.1_1/include/QtNetwork -I/usr/local/Cellar/qt@5.5/5.5.1_1/include -I/usr/local/Cellar/qt@5.5/5.5.1_1/include/QtWidgets -I/usr/local/Cellar/qt@5.5/5.5.1_1/include -I/usr/local/Cellar/qt@5.5/5.5.1_1/include/QtGui -I/usr/local/Cellar/qt@5.5/5.5.1_1/include -I/usr/local/Cellar/qt@5.5/5.5.1_1/include/QtCore -I/usr/local/Cellar/qt@5.5/5.5.1_1/include  -DBOOST_SPIRIT_THREADSAFE -DHAVE_BUILD_INFO -D__STDC_FORMAT_MACROS -isystem /opt/local/include -I/opt/local/include/db48 -I/usr/local/opt/berkeley-db@4/include -DMAC_OSX  -U_FORTIFY_SOURCE -D_FORTIFY_SOURCE=2 -DHAVE_QT5 conftest.cpp >&5
configure:25048: $? = 0
configure:25049: result: yes
configure:25117: checking for moc-qt5
configure:25150: result: no
configure:25117: checking for moc5
configure:25150: result: no
configure:25117: checking for moc
configure:25135: found /usr/local/Cellar/qt@5.5/5.5.1_1/bin/moc
configure:25147: result: /usr/local/Cellar/qt@5.5/5.5.1_1/bin/moc
configure:25236: checking for uic-qt5
configure:25269: result: no
configure:25236: checking for uic5
configure:25269: result: no
configure:25236: checking for uic
configure:25254: found /usr/local/Cellar/qt@5.5/5.5.1_1/bin/uic
configure:25266: result: /usr/local/Cellar/qt@5.5/5.5.1_1/bin/uic
configure:25355: checking for rcc-qt5
configure:25388: result: no
configure:25355: checking for rcc5
configure:25388: result: no
configure:25355: checking for rcc
configure:25373: found /usr/local/Cellar/qt@5.5/5.5.1_1/bin/rcc
configure:25385: result: /usr/local/Cellar/qt@5.5/5.5.1_1/bin/rcc
configure:25474: checking for lrelease-qt5
configure:25507: result: no
configure:25474: checking for lrelease5
configure:25507: result: no
configure:25474: checking for lrelease
configure:25492: found /usr/local/Cellar/qt@5.5/5.5.1_1/bin/lrelease
configure:25504: result: /usr/local/Cellar/qt@5.5/5.5.1_1/bin/lrelease
configure:25593: checking for lupdate-qt5
configure:25626: result: no
configure:25593: checking for lupdate5
configure:25626: result: no
configure:25593: checking for lupdate
configure:25611: found /usr/local/Cellar/qt@5.5/5.5.1_1/bin/lupdate
configure:25623: result: /usr/local/Cellar/qt@5.5/5.5.1_1/bin/lupdate
configure:25713: checking whether the linker accepts -framework Foundation -framework ApplicationServices -framework AppKit
configure:25732: g++ -std=c++11 -o conftest -g -O2 -Wall -Wextra -Wformat -Wformat-security -Wno-unused-parameter  -Wstack-protector -fstack-protector-all -fPIC  -DBOOST_SPIRIT_THREADSAFE -DHAVE_BUILD_INFO -D__STDC_FORMAT_MACROS -isystem /opt/local/include -I/opt/local/include/db48 -I/usr/local/opt/berkeley-db@4/include -DMAC_OSX  -U_FORTIFY_SOURCE -D_FORTIFY_SOURCE=2 -DHAVE_QT5  -Wl,-headerpad_max_install_names  -Wl,-dead_strip  -framework Foundation -framework ApplicationServices -framework AppKit conftest.cpp  -L/opt/local/lib -L/opt/local/lib/db48 -L/usr/local/opt/berkeley-db@4/lib >&5
configure:25732: $? = 0
configure:25742: result: yes
configure:25808: checking whether to build Innoket Core GUI
configure:25838: result: yes (Qt5)
configure:25861: checking if the trading dialog should be enabled
configure:25864: result: yes
configure:25928: checking for boostlib >= 1.20.0
configure:26013: g++ -std=c++11 -c -g -O2 -Wall -Wextra -Wformat -Wformat-security -Wno-unused-parameter  -Wstack-protector -fstack-protector-all -fPIC  -DBOOST_SPIRIT_THREADSAFE -DHAVE_BUILD_INFO -D__STDC_FORMAT_MACROS -isystem /opt/local/include -I/opt/local/include/db48 -I/usr/local/opt/berkeley-db@4/include -DMAC_OSX  -U_FORTIFY_SOURCE -D_FORTIFY_SOURCE=2 -DHAVE_QT5 -I/opt/local/include conftest.cpp >&5
configure:26013: $? = 0
configure:26015: result: yes
configure:26199: checking whether the Boost::System library is available
configure:26223: g++ -std=c++11 -c -g -O2 -Wall -Wextra -Wformat -Wformat-security -Wno-unused-parameter  -Wstack-protector -fstack-protector-all -fPIC  -DBOOST_SPIRIT_THREADSAFE -DHAVE_BUILD_INFO -D__STDC_FORMAT_MACROS -isystem /opt/local/include -I/opt/local/include/db48 -I/usr/local/opt/berkeley-db@4/include -DMAC_OSX  -U_FORTIFY_SOURCE -D_FORTIFY_SOURCE=2 -DHAVE_QT5 -I/opt/local/include conftest.cpp >&5
conftest.cpp:55:1: warning: expression result unused [-Wunused-value]
boost::system::system_category
^~~~~~~~~~~~~~~~~~~~~~~~~~~~~~
1 warning generated.
configure:26223: $? = 0
configure:26238: result: yes
configure:26254: checking for exit in -lboost_system-mt
configure:26279: g++ -std=c++11 -o conftest -g -O2 -Wall -Wextra -Wformat -Wformat-security -Wno-unused-parameter  -Wstack-protector -fstack-protector-all -fPIC  -DBOOST_SPIRIT_THREADSAFE -DHAVE_BUILD_INFO -D__STDC_FORMAT_MACROS -isystem /opt/local/include -I/opt/local/include/db48 -I/usr/local/opt/berkeley-db@4/include -DMAC_OSX  -U_FORTIFY_SOURCE -D_FORTIFY_SOURCE=2 -DHAVE_QT5 -I/opt/local/include  -Wl,-headerpad_max_install_names  -Wl,-dead_strip -L/opt/local/lib conftest.cpp -lboost_system-mt   -L/opt/local/lib -L/opt/local/lib/db48 -L/usr/local/opt/berkeley-db@4/lib >&5
configure:26279: $? = 0
configure:26289: result: yes
configure:26444: checking whether the Boost::Filesystem library is available
configure:26468: g++ -std=c++11 -c -g -O2 -Wall -Wextra -Wformat -Wformat-security -Wno-unused-parameter  -Wstack-protector -fstack-protector-all -fPIC  -DBOOST_SPIRIT_THREADSAFE -DHAVE_BUILD_INFO -D__STDC_FORMAT_MACROS -isystem /opt/local/include -I/opt/local/include/db48 -I/usr/local/opt/berkeley-db@4/include -DMAC_OSX  -U_FORTIFY_SOURCE -D_FORTIFY_SOURCE=2 -DHAVE_QT5 -I/opt/local/include conftest.cpp >&5
configure:26468: $? = 0
configure:26482: result: yes
configure:26494: checking for exit in -lboost_filesystem-mt
configure:26519: g++ -std=c++11 -o conftest -g -O2 -Wall -Wextra -Wformat -Wformat-security -Wno-unused-parameter  -Wstack-protector -fstack-protector-all -fPIC  -DBOOST_SPIRIT_THREADSAFE -DHAVE_BUILD_INFO -D__STDC_FORMAT_MACROS -isystem /opt/local/include -I/opt/local/include/db48 -I/usr/local/opt/berkeley-db@4/include -DMAC_OSX  -U_FORTIFY_SOURCE -D_FORTIFY_SOURCE=2 -DHAVE_QT5 -I/opt/local/include  -Wl,-headerpad_max_install_names  -Wl,-dead_strip -L/opt/local/lib conftest.cpp -lboost_filesystem-mt   -L/opt/local/lib -L/opt/local/lib/db48 -L/usr/local/opt/berkeley-db@4/lib -lboost_system-mt >&5
configure:26519: $? = 0
configure:26529: result: yes
configure:26679: checking whether the Boost::Program_Options library is available
configure:26703: g++ -std=c++11 -c -g -O2 -Wall -Wextra -Wformat -Wformat-security -Wno-unused-parameter  -Wstack-protector -fstack-protector-all -fPIC  -DBOOST_SPIRIT_THREADSAFE -DHAVE_BUILD_INFO -D__STDC_FORMAT_MACROS -isystem /opt/local/include -I/opt/local/include/db48 -I/usr/local/opt/berkeley-db@4/include -DMAC_OSX  -U_FORTIFY_SOURCE -D_FORTIFY_SOURCE=2 -DHAVE_QT5 -I/opt/local/include conftest.cpp >&5
configure:26703: $? = 0
configure:26717: result: yes
configure:26729: checking for exit in -lboost_program_options-mt
configure:26754: g++ -std=c++11 -o conftest -g -O2 -Wall -Wextra -Wformat -Wformat-security -Wno-unused-parameter  -Wstack-protector -fstack-protector-all -fPIC  -DBOOST_SPIRIT_THREADSAFE -DHAVE_BUILD_INFO -D__STDC_FORMAT_MACROS -isystem /opt/local/include -I/opt/local/include/db48 -I/usr/local/opt/berkeley-db@4/include -DMAC_OSX  -U_FORTIFY_SOURCE -D_FORTIFY_SOURCE=2 -DHAVE_QT5 -I/opt/local/include  -Wl,-headerpad_max_install_names  -Wl,-dead_strip -L/opt/local/lib conftest.cpp -lboost_program_options-mt   -L/opt/local/lib -L/opt/local/lib/db48 -L/usr/local/opt/berkeley-db@4/lib >&5
configure:26754: $? = 0
configure:26764: result: yes
configure:26907: checking whether the Boost::Thread library is available
configure:26939: g++ -std=c++11 -c -pthread -g -O2 -Wall -Wextra -Wformat -Wformat-security -Wno-unused-parameter  -Wstack-protector -fstack-protector-all -fPIC  -DBOOST_SPIRIT_THREADSAFE -DHAVE_BUILD_INFO -D__STDC_FORMAT_MACROS -isystem /opt/local/include -I/opt/local/include/db48 -I/usr/local/opt/berkeley-db@4/include -DMAC_OSX  -U_FORTIFY_SOURCE -D_FORTIFY_SOURCE=2 -DHAVE_QT5 -I/opt/local/include conftest.cpp >&5
configure:26939: $? = 0
configure:26954: result: yes
configure:26984: checking for exit in -lboost_thread-mt
configure:27009: g++ -std=c++11 -o conftest -g -O2 -Wall -Wextra -Wformat -Wformat-security -Wno-unused-parameter  -Wstack-protector -fstack-protector-all -fPIC  -DBOOST_SPIRIT_THREADSAFE -DHAVE_BUILD_INFO -D__STDC_FORMAT_MACROS -isystem /opt/local/include -I/opt/local/include/db48 -I/usr/local/opt/berkeley-db@4/include -DMAC_OSX  -U_FORTIFY_SOURCE -D_FORTIFY_SOURCE=2 -DHAVE_QT5 -I/opt/local/include  -Wl,-headerpad_max_install_names  -Wl,-dead_strip -L/opt/local/lib conftest.cpp -lboost_thread-mt   -L/opt/local/lib -L/opt/local/lib/db48 -L/usr/local/opt/berkeley-db@4/lib >&5
configure:27009: $? = 0
configure:27019: result: yes
configure:27179: checking whether the Boost::Chrono library is available
configure:27203: g++ -std=c++11 -c -g -O2 -Wall -Wextra -Wformat -Wformat-security -Wno-unused-parameter  -Wstack-protector -fstack-protector-all -fPIC  -DBOOST_SPIRIT_THREADSAFE -DHAVE_BUILD_INFO -D__STDC_FORMAT_MACROS -isystem /opt/local/include -I/opt/local/include/db48 -I/usr/local/opt/berkeley-db@4/include -DMAC_OSX  -U_FORTIFY_SOURCE -D_FORTIFY_SOURCE=2 -DHAVE_QT5 -pthread -I/opt/local/include conftest.cpp >&5
configure:27203: $? = 0
configure:27218: result: yes
configure:27234: checking for exit in -lboost_chrono-mt
configure:27259: g++ -std=c++11 -o conftest -g -O2 -Wall -Wextra -Wformat -Wformat-security -Wno-unused-parameter  -Wstack-protector -fstack-protector-all -fPIC  -DBOOST_SPIRIT_THREADSAFE -DHAVE_BUILD_INFO -D__STDC_FORMAT_MACROS -isystem /opt/local/include -I/opt/local/include/db48 -I/usr/local/opt/berkeley-db@4/include -DMAC_OSX  -U_FORTIFY_SOURCE -D_FORTIFY_SOURCE=2 -DHAVE_QT5 -pthread -I/opt/local/include  -Wl,-headerpad_max_install_names  -Wl,-dead_strip -L/opt/local/lib conftest.cpp -lboost_chrono-mt   -L/opt/local/lib -L/opt/local/lib/db48 -L/usr/local/opt/berkeley-db@4/lib >&5
configure:27259: $? = 0
configure:27269: result: yes
configure:27392: checking for working boost reduced exports
configure:27415: g++ -std=c++11 -E -pthread -I/opt/local/include  -DBOOST_SPIRIT_THREADSAFE -DHAVE_BUILD_INFO -D__STDC_FORMAT_MACROS -isystem /opt/local/include -I/opt/local/include/db48 -I/usr/local/opt/berkeley-db@4/include -DMAC_OSX  -U_FORTIFY_SOURCE -D_FORTIFY_SOURCE=2 -DHAVE_QT5 conftest.cpp
configure:27415: $? = 0
configure:27417: result: yes
configure:27445: checking whether the linker accepts -Wl,--exclude-libs,ALL
configure:27464: g++ -std=c++11 -o conftest -g -O2 -Wall -Wextra -Wformat -Wformat-security -Wno-unused-parameter  -Wstack-protector -fstack-protector-all -fPIC -fvisibility=hidden  -DBOOST_SPIRIT_THREADSAFE -DHAVE_BUILD_INFO -D__STDC_FORMAT_MACROS -isystem /opt/local/include -I/opt/local/include/db48 -I/usr/local/opt/berkeley-db@4/include -DMAC_OSX  -U_FORTIFY_SOURCE -D_FORTIFY_SOURCE=2 -DHAVE_QT5  -Wl,-headerpad_max_install_names  -Wl,-dead_strip  -Wl,--exclude-libs,ALL conftest.cpp  -L/opt/local/lib -L/opt/local/lib/db48 -L/usr/local/opt/berkeley-db@4/lib >&5
ld: unknown option: --exclude-libs
clang: error: linker command failed with exit code 1 (use -v to see invocation)
configure:27464: $? = 1
configure: failed program was:
| /* confdefs.h */
| #define PACKAGE_NAME "Innoket Core"
| #define PACKAGE_TARNAME "innoket"
| #define PACKAGE_VERSION "2.1.0"
| #define PACKAGE_STRING "Innoket Core 2.1.0"
| #define PACKAGE_BUGREPORT "http://bit.innokets"
| #define PACKAGE_URL ""
| #define HAVE_CXX11 1
| #define STDC_HEADERS 1
| #define HAVE_SYS_TYPES_H 1
| #define HAVE_SYS_STAT_H 1
| #define HAVE_STDLIB_H 1
| #define HAVE_STRING_H 1
| #define HAVE_MEMORY_H 1
| #define HAVE_STRINGS_H 1
| #define HAVE_INTTYPES_H 1
| #define HAVE_STDINT_H 1
| #define HAVE_UNISTD_H 1
| #define HAVE_DLFCN_H 1
| #define LT_OBJDIR ".libs/"
| #define HAVE_PTHREAD_PRIO_INHERIT 1
| #define HAVE_PTHREAD 1
| #define HAVE_DECL_STRERROR_R 1
| #define HAVE_STRERROR_R 1
| #define HAVE_FUNC_ATTRIBUTE_VISIBILITY 1
| #define HAVE_STDIO_H 1
| #define HAVE_STDLIB_H 1
| #define HAVE_UNISTD_H 1
| #define HAVE_STRINGS_H 1
| #define HAVE_SYS_TYPES_H 1
| #define HAVE_SYS_STAT_H 1
| #define HAVE_SYS_SELECT_H 1
| #define HAVE_INET_PTON 1
| #define HAVE_DECL_STRNLEN 1
| #define HAVE_DECL_LE32TOH 0
| #define HAVE_DECL_LE64TOH 0
| #define HAVE_DECL_HTOLE32 0
| #define HAVE_DECL_HTOLE64 0
| #define HAVE_DECL_BE32TOH 0
| #define HAVE_DECL_BE64TOH 0
| #define HAVE_DECL_HTOBE32 0
| #define HAVE_DECL_HTOBE64 0
| #define HAVE_VISIBILITY_ATTRIBUTE 1
| #define HAVE_MINIUPNPC_MINIWGET_H 1
| #define HAVE_MINIUPNPC_MINIUPNPC_H 1
| #define HAVE_MINIUPNPC_UPNPCOMMANDS_H 1
| #define HAVE_MINIUPNPC_UPNPERRORS_H 1
| #define HAVE_QT5 1
| #define HAVE_BOOST /**/
| #define HAVE_BOOST_SYSTEM /**/
| #define HAVE_BOOST_FILESYSTEM /**/
| #define HAVE_BOOST_PROGRAM_OPTIONS /**/
| #define HAVE_BOOST_THREAD /**/
| #define HAVE_BOOST_CHRONO /**/
| /* end confdefs.h.  */
| 
| int
| main ()
| {
| 
|   ;
|   return 0;
| }
configure:27473: result: no
configure:27523: checking whether the Boost::Unit_Test_Framework library is available
configure:27546: g++ -std=c++11 -c -g -O2 -Wall -Wextra -Wformat -Wformat-security -Wno-unused-parameter  -Wstack-protector -fstack-protector-all -fPIC -fvisibility=hidden  -DBOOST_SPIRIT_THREADSAFE -DHAVE_BUILD_INFO -D__STDC_FORMAT_MACROS -isystem /opt/local/include -I/opt/local/include/db48 -I/usr/local/opt/berkeley-db@4/include -DMAC_OSX  -U_FORTIFY_SOURCE -D_FORTIFY_SOURCE=2 -DHAVE_QT5 -pthread -I/opt/local/include conftest.cpp >&5
conftest.cpp:61:21: warning: unused variable 'test' [-Wunused-variable]
                                                         test_suite* test= BOOST_TEST_SUITE( "Unit test example 1" ); return 0;
                                                                     ^
1 warning generated.
configure:27546: $? = 0
configure:27560: result: yes
configure:27672: checking for dynamic linked boost test
configure:27687: g++ -std=c++11 -o conftest -g -O2 -Wall -Wextra -Wformat -Wformat-security -Wno-unused-parameter  -Wstack-protector -fstack-protector-all -fPIC -fvisibility=hidden  -DBOOST_SPIRIT_THREADSAFE -DHAVE_BUILD_INFO -D__STDC_FORMAT_MACROS -isystem /opt/local/include -I/opt/local/include/db48 -I/usr/local/opt/berkeley-db@4/include -DMAC_OSX  -U_FORTIFY_SOURCE -D_FORTIFY_SOURCE=2 -DHAVE_QT5 -pthread -I/opt/local/include  -Wl,-headerpad_max_install_names  -Wl,-dead_strip conftest.cpp  -L/opt/local/lib -L/opt/local/lib/db48 -L/usr/local/opt/berkeley-db@4/lib -L/opt/local/lib -lboost_unit_test_framework-mt >&5
configure:27687: $? = 0
configure:27688: result: yes
configure:27732: g++ -std=c++11 -o conftest -g -O2 -Wall -Wextra -Wformat -Wformat-security -Wno-unused-parameter  -Wstack-protector -fstack-protector-all -fPIC -fvisibility=hidden  -DBOOST_SPIRIT_THREADSAFE -DHAVE_BUILD_INFO -D__STDC_FORMAT_MACROS -isystem /opt/local/include -I/opt/local/include/db48 -I/usr/local/opt/berkeley-db@4/include -DMAC_OSX  -U_FORTIFY_SOURCE -D_FORTIFY_SOURCE=2 -DHAVE_QT5 -pthread -I/opt/local/include  -Wl,-headerpad_max_install_names  -Wl,-dead_strip conftest.cpp -L/opt/local/lib -lboost_system-mt -lboost_filesystem-mt -lboost_program_options-mt -lboost_thread-mt -lboost_chrono-mt  -L/opt/local/lib -L/opt/local/lib/db48 -L/usr/local/opt/berkeley-db@4/lib >&5
configure:27732: $? = 0
configure:27801: checking for SSL
configure:27808: $PKG_CONFIG --exists --print-errors "libssl"
configure:27811: $? = 0
configure:27825: $PKG_CONFIG --exists --print-errors "libssl"
configure:27828: $? = 0
configure:27866: result: yes
configure:27872: checking for CRYPTO
configure:27879: $PKG_CONFIG --exists --print-errors "libcrypto"
configure:27882: $? = 0
configure:27896: $PKG_CONFIG --exists --print-errors "libcrypto"
configure:27899: $? = 0
configure:27937: result: yes
configure:27946: checking for PROTOBUF
configure:27953: $PKG_CONFIG --exists --print-errors "protobuf"
configure:27956: $? = 0
configure:27970: $PKG_CONFIG --exists --print-errors "protobuf"
configure:27973: $? = 0
configure:28033: result: yes
configure:28048: checking for QR
configure:28055: $PKG_CONFIG --exists --print-errors "libqrencode"
configure:28058: $? = 0
configure:28072: $PKG_CONFIG --exists --print-errors "libqrencode"
configure:28075: $? = 0
configure:28113: result: yes
configure:28127: checking for ZMQ
configure:28134: $PKG_CONFIG --exists --print-errors "libzmq >= 4"
Package libzmq was not found in the pkg-config search path.
Perhaps you should add the directory containing `libzmq.pc'
to the PKG_CONFIG_PATH environment variable
No package 'libzmq' found
configure:28137: $? = 1
configure:28151: $PKG_CONFIG --exists --print-errors "libzmq >= 4"
Package libzmq was not found in the pkg-config search path.
Perhaps you should add the directory containing `libzmq.pc'
to the PKG_CONFIG_PATH environment variable
No package 'libzmq' found
configure:28154: $? = 1
configure:28168: result: no
No package 'libzmq' found
configure:28187: WARNING: libzmq version 4.x or greater not found, disabling
configure:28501: checking for RAND_egd in -lcrypto
configure:28526: g++ -std=c++11 -o conftest -g -O2 -Wall -Wextra -Wformat -Wformat-security -Wno-unused-parameter  -Wstack-protector -fstack-protector-all -fPIC -fvisibility=hidden  -DBOOST_SPIRIT_THREADSAFE -DHAVE_BUILD_INFO -D__STDC_FORMAT_MACROS -isystem /opt/local/include -I/opt/local/include/db48 -I/usr/local/opt/berkeley-db@4/include -DMAC_OSX  -U_FORTIFY_SOURCE -D_FORTIFY_SOURCE=2 -DHAVE_QT5  -Wl,-headerpad_max_install_names  -Wl,-dead_strip conftest.cpp -lcrypto   -L/opt/local/lib -L/opt/local/lib/db48 -L/usr/local/opt/berkeley-db@4/lib >&5
configure:28526: $? = 0
configure:28535: result: yes
configure:28564: checking openssl/ec.h usability
configure:28564: g++ -std=c++11 -c -g -O2 -Wall -Wextra -Wformat -Wformat-security -Wno-unused-parameter  -Wstack-protector -fstack-protector-all -fPIC -fvisibility=hidden  -DBOOST_SPIRIT_THREADSAFE -DHAVE_BUILD_INFO -D__STDC_FORMAT_MACROS -isystem /opt/local/include -I/opt/local/include/db48 -I/usr/local/opt/berkeley-db@4/include -DMAC_OSX  -U_FORTIFY_SOURCE -D_FORTIFY_SOURCE=2 -DHAVE_QT5 conftest.cpp >&5
configure:28564: $? = 0
configure:28564: result: yes
configure:28564: checking openssl/ec.h presence
configure:28564: g++ -std=c++11 -E  -DBOOST_SPIRIT_THREADSAFE -DHAVE_BUILD_INFO -D__STDC_FORMAT_MACROS -isystem /opt/local/include -I/opt/local/include/db48 -I/usr/local/opt/berkeley-db@4/include -DMAC_OSX  -U_FORTIFY_SOURCE -D_FORTIFY_SOURCE=2 -DHAVE_QT5 conftest.cpp
configure:28564: $? = 0
configure:28564: result: yes
configure:28564: checking for openssl/ec.h
configure:28564: result: yes
configure:28631: checking for protoc
configure:28649: found /usr/local/bin/protoc
configure:28661: result: /usr/local/bin/protoc
configure:28695: checking whether to build innoketd
configure:28705: result: yes
configure:28708: checking whether to build utils (innoket-cli innoket-tx)
configure:28718: result: yes
configure:28721: checking whether to build libraries
configure:28736: result: yes
configure:28747: checking if ccache should be used
configure:28760: result: no
configure:28801: checking if wallet should be enabled
configure:28804: result: yes
configure:28817: checking whether to build with support for UPnP
configure:28827: result: yes
configure:28829: checking whether to build with UPnP enabled by default
configure:28837: result: no
configure:28855: checking whether to build GUI with support for D-Bus
configure:28862: result: yes
configure:28865: checking whether to build GUI with support for QR codes
configure:28875: result: yes
configure:28892: checking whether to build test_innoket-qt
configure:28895: result: yes
configure:28913: checking whether to build test_innoket
configure:28916: result: yes
configure:28924: checking whether to reduce exports
configure:28927: result: yes
configure:29238: checking that generated files are newer than configure
configure:29244: result: done
configure:29356: creating ./config.status

## ---------------------- ##
## Running config.status. ##
## ---------------------- ##

This file was extended by Innoket Core config.status 2.1.0, which was
generated by GNU Autoconf 2.69.  Invocation command line was

  CONFIG_FILES    = 
  CONFIG_HEADERS  = 
  CONFIG_LINKS    = 
  CONFIG_COMMANDS = 
  $ ./config.status 

on Akshays-MacBook-Pro.local

config.status:1359: creating Makefile
config.status:1359: creating src/Makefile
config.status:1359: creating share/setup.nsi
config.status:1359: creating share/qt/Info.plist
config.status:1359: creating src/test/buildenv.py
config.status:1359: creating qa/pull-tester/run-bitcoind-for-test.sh
config.status:1359: creating qa/pull-tester/tests-config.sh
config.status:1359: creating contrib/devtools/split-debug.sh
config.status:1359: creating src/config/innoket-config.h
config.status:1588: executing depfiles commands
config.status:1665: cd src       && sed -e '/# am--include-marker/d' Makefile         | make -f - am--depfiles
make: Nothing to be done for `am--depfiles'.
config.status:1670: $? = 0
config.status:1588: executing libtool commands
configure:31841: === configuring in src/secp256k1 (/Users/akshay/Documents/innoket/src/secp256k1)
configure:31904: running /bin/sh ./configure --disable-option-checking '--prefix=/usr/local'  '--disable-shared' '--with-pic' --cache-file=/dev/null --srcdir=.

## ---------------- ##
## Cache variables. ##
## ---------------- ##

ac_cv_build=x86_64-apple-darwin17.3.0
ac_cv_c_bigendian=no
ac_cv_c_compiler_gnu=yes
ac_cv_cxx_compiler_gnu=yes
ac_cv_env_CCC_set=
ac_cv_env_CCC_value=
ac_cv_env_CC_set=
ac_cv_env_CC_value=
ac_cv_env_CFLAGS_set=
ac_cv_env_CFLAGS_value=
ac_cv_env_CPPFLAGS_set=
ac_cv_env_CPPFLAGS_value=
ac_cv_env_CPP_set=
ac_cv_env_CPP_value=
ac_cv_env_CRYPTO_CFLAGS_set=
ac_cv_env_CRYPTO_CFLAGS_value=
ac_cv_env_CRYPTO_LIBS_set=
ac_cv_env_CRYPTO_LIBS_value=
ac_cv_env_CXXCPP_set=
ac_cv_env_CXXCPP_value=
ac_cv_env_CXXFLAGS_set=
ac_cv_env_CXXFLAGS_value=
ac_cv_env_CXX_set=
ac_cv_env_CXX_value=
ac_cv_env_LDFLAGS_set=
ac_cv_env_LDFLAGS_value=
ac_cv_env_LIBS_set=
ac_cv_env_LIBS_value=
ac_cv_env_LT_SYS_LIBRARY_PATH_set=
ac_cv_env_LT_SYS_LIBRARY_PATH_value=
ac_cv_env_OBJCXXFLAGS_set=
ac_cv_env_OBJCXXFLAGS_value=
ac_cv_env_OBJCXX_set=
ac_cv_env_OBJCXX_value=
ac_cv_env_PKG_CONFIG_LIBDIR_set=
ac_cv_env_PKG_CONFIG_LIBDIR_value=
ac_cv_env_PKG_CONFIG_PATH_set=
ac_cv_env_PKG_CONFIG_PATH_value=
ac_cv_env_PKG_CONFIG_set=
ac_cv_env_PKG_CONFIG_value=
ac_cv_env_PROTOBUF_CFLAGS_set=
ac_cv_env_PROTOBUF_CFLAGS_value=
ac_cv_env_PROTOBUF_LIBS_set=
ac_cv_env_PROTOBUF_LIBS_value=
ac_cv_env_PYTHONPATH_set=
ac_cv_env_PYTHONPATH_value=
ac_cv_env_QR_CFLAGS_set=
ac_cv_env_QR_CFLAGS_value=
ac_cv_env_QR_LIBS_set=
ac_cv_env_QR_LIBS_value=
ac_cv_env_QTPLATFORM_CFLAGS_set=
ac_cv_env_QTPLATFORM_CFLAGS_value=
ac_cv_env_QTPLATFORM_LIBS_set=
ac_cv_env_QTPLATFORM_LIBS_value=
ac_cv_env_QTPRINT_CFLAGS_set=
ac_cv_env_QTPRINT_CFLAGS_value=
ac_cv_env_QTPRINT_LIBS_set=
ac_cv_env_QTPRINT_LIBS_value=
ac_cv_env_QTXCBQPA_CFLAGS_set=
ac_cv_env_QTXCBQPA_CFLAGS_value=
ac_cv_env_QTXCBQPA_LIBS_set=
ac_cv_env_QTXCBQPA_LIBS_value=
ac_cv_env_QT_CFLAGS_set=
ac_cv_env_QT_CFLAGS_value=
ac_cv_env_QT_DBUS_CFLAGS_set=
ac_cv_env_QT_DBUS_CFLAGS_value=
ac_cv_env_QT_DBUS_LIBS_set=
ac_cv_env_QT_DBUS_LIBS_value=
ac_cv_env_QT_LIBS_set=
ac_cv_env_QT_LIBS_value=
ac_cv_env_QT_TEST_CFLAGS_set=
ac_cv_env_QT_TEST_CFLAGS_value=
ac_cv_env_QT_TEST_LIBS_set=
ac_cv_env_QT_TEST_LIBS_value=
ac_cv_env_SSL_CFLAGS_set=
ac_cv_env_SSL_CFLAGS_value=
ac_cv_env_SSL_LIBS_set=
ac_cv_env_SSL_LIBS_value=
ac_cv_env_X11XCB_CFLAGS_set=
ac_cv_env_X11XCB_CFLAGS_value=
ac_cv_env_X11XCB_LIBS_set=
ac_cv_env_X11XCB_LIBS_value=
ac_cv_env_ZMQ_CFLAGS_set=
ac_cv_env_ZMQ_CFLAGS_value=
ac_cv_env_ZMQ_LIBS_set=
ac_cv_env_ZMQ_LIBS_value=
ac_cv_env_build_alias_set=
ac_cv_env_build_alias_value=
ac_cv_env_host_alias_set=
ac_cv_env_host_alias_value=
ac_cv_env_target_alias_set=
ac_cv_env_target_alias_value=
ac_cv_func_strerror_r=yes
ac_cv_func_strerror_r_char_p=no
ac_cv_have_decl_be32toh=no
ac_cv_have_decl_be64toh=no
ac_cv_have_decl_htobe32=no
ac_cv_have_decl_htobe64=no
ac_cv_have_decl_htole32=no
ac_cv_have_decl_htole64=no
ac_cv_have_decl_le32toh=no
ac_cv_have_decl_le64toh=no
ac_cv_have_decl_strerror_r=yes
ac_cv_have_decl_strnlen=yes
ac_cv_header_dlfcn_h=yes
ac_cv_header_endian_h=no
ac_cv_header_inttypes_h=yes
ac_cv_header_memory_h=yes
ac_cv_header_miniupnpc_miniupnpc_h=yes
ac_cv_header_miniupnpc_miniwget_h=yes
ac_cv_header_miniupnpc_upnpcommands_h=yes
ac_cv_header_miniupnpc_upnperrors_h=yes
ac_cv_header_openssl_ec_h=yes
ac_cv_header_stdc=yes
ac_cv_header_stdint_h=yes
ac_cv_header_stdio_h=yes
ac_cv_header_stdlib_h=yes
ac_cv_header_string_h=yes
ac_cv_header_strings_h=yes
ac_cv_header_sys_prctl_h=no
ac_cv_header_sys_select_h=yes
ac_cv_header_sys_stat_h=yes
ac_cv_header_sys_types_h=yes
ac_cv_header_unistd_h=yes
ac_cv_host=x86_64-apple-darwin17.3.0
ac_cv_lib_boost_chrono_mt___exit=yes
ac_cv_lib_boost_filesystem_mt___exit=yes
ac_cv_lib_boost_program_options_mt___exit=yes
ac_cv_lib_boost_system_mt___exit=yes
ac_cv_lib_boost_thread_mt___exit=yes
ac_cv_lib_crypto_RAND_egd=yes
ac_cv_lib_db_cxx_4_8___main=yes
ac_cv_lib_miniupnpc_main=yes
ac_cv_objcxx_compiler_gnu=yes
ac_cv_objext=o
ac_cv_path_EGREP='/usr/bin/grep -E'
ac_cv_path_FGREP='/usr/bin/grep -F'
ac_cv_path_GIT=/usr/bin/git
ac_cv_path_GREP=/usr/bin/grep
ac_cv_path_HEXDUMP=/usr/bin/hexdump
ac_cv_path_JAVA=/usr/bin/java
ac_cv_path_LRELEASE=/usr/local/Cellar/qt@5.5/5.5.1_1/bin/lrelease
ac_cv_path_LUPDATE=/usr/local/Cellar/qt@5.5/5.5.1_1/bin/lupdate
ac_cv_path_MOC=/usr/local/Cellar/qt@5.5/5.5.1_1/bin/moc
ac_cv_path_PROTOC=/usr/local/bin/protoc
ac_cv_path_PYTHON=/usr/local/bin/python3
ac_cv_path_RCC=/usr/local/Cellar/qt@5.5/5.5.1_1/bin/rcc
ac_cv_path_RSVG_CONVERT=/usr/local/bin/rsvg-convert
ac_cv_path_SED=/usr/bin/sed
ac_cv_path_UIC=/usr/local/Cellar/qt@5.5/5.5.1_1/bin/uic
ac_cv_path_XGETTEXT=/opt/local/bin/xgettext
ac_cv_path_ac_pt_AR=/usr/bin/ar
ac_cv_path_ac_pt_CPPFILT=/usr/bin/c++filt
ac_cv_path_ac_pt_GCOV=/usr/bin/gcov
ac_cv_path_ac_pt_PKG_CONFIG=/usr/local/bin/pkg-config
ac_cv_path_ac_pt_RANLIB=/usr/bin/ranlib
ac_cv_path_ac_pt_STRIP=/usr/bin/strip
ac_cv_path_install='/usr/bin/install -c'
ac_cv_path_lt_DD=/bin/dd
ac_cv_prog_AWK=awk
ac_cv_prog_BREW=brew
ac_cv_prog_CPP='gcc -E'
ac_cv_prog_CXXCPP='g++ -std=c++11 -E'
ac_cv_prog_PORT=port
ac_cv_prog_ac_ct_AR=ar
ac_cv_prog_ac_ct_CC=gcc
ac_cv_prog_ac_ct_CXX=g++
ac_cv_prog_ac_ct_DSYMUTIL=dsymutil
ac_cv_prog_ac_ct_LIPO=lipo
ac_cv_prog_ac_ct_NMEDIT=nmedit
ac_cv_prog_ac_ct_OBJDUMP=objdump
ac_cv_prog_ac_ct_OTOOL=otool
ac_cv_prog_ac_ct_RANLIB=ranlib
ac_cv_prog_ac_ct_STRIP=strip
ac_cv_prog_cc_c89=
ac_cv_prog_cc_g=yes
ac_cv_prog_cxx_g=yes
ac_cv_prog_make_make_set=yes
ac_cv_prog_objcxx_g=yes
ac_cv_search_clock_gettime='none required'
ac_cv_search_getaddrinfo_a=no
ac_cv_search_inet_pton='none required'
ac_cv_sys_file_offset_bits=no
ac_cv_sys_largefile_CC=no
am_cv_CC_dependencies_compiler_type=gcc3
am_cv_CXX_dependencies_compiler_type=gcc3
am_cv_OBJCXX_dependencies_compiler_type=gcc3
am_cv_make_support_nested_variables=yes
am_cv_prog_cc_c_o=yes
ax_cv_PTHREAD_PRIO_INHERIT=yes
ax_cv_boost_chrono=yes
ax_cv_boost_filesystem=yes
ax_cv_boost_program_options=yes
ax_cv_boost_system=yes
ax_cv_boost_thread=yes
ax_cv_boost_unit_test_framework=yes
ax_cv_check_cxxcppflags___D_FORTIFY_SOURCE_2=yes
ax_cv_check_cxxcppflags___U_FORTIFY_SOURCE=yes
ax_cv_check_cxxflags___Wstack_protector=yes
ax_cv_check_cxxflags___fPIC=yes
ax_cv_check_cxxflags___fstack_protector_all=yes
ax_cv_check_cxxflags___fvisibility_hidden=yes
ax_cv_check_ldflags___Wl___dynamicbase=no
ax_cv_check_ldflags___Wl___exclude_libs_ALL=no
ax_cv_check_ldflags___Wl___large_address_aware=no
ax_cv_check_ldflags___Wl___nxcompat=no
ax_cv_check_ldflags___Wl__dead_strip=yes
ax_cv_check_ldflags___Wl__headerpad_max_install_names=yes
ax_cv_check_ldflags___Wl__z_now=no
ax_cv_check_ldflags___Wl__z_relro=no
ax_cv_check_ldflags___framework_Foundation__framework_ApplicationServices__framework_AppKit=yes
ax_cv_check_ldflags___pic=no
ax_cv_cxx_compile_cxx11=no
ax_cv_cxx_compile_cxx11__std_cpp11=yes
ax_cv_have_func_attribute_dllexport=no
ax_cv_have_func_attribute_dllimport=no
ax_cv_have_func_attribute_visibility=yes
bitcoin_cv_static_qt=no
lt_cv_apple_cc_single_mod=yes
lt_cv_ar_at_file=no
lt_cv_deplibs_check_method=pass_all
lt_cv_file_magic_cmd='$MAGIC_CMD'
lt_cv_file_magic_test_file=
lt_cv_ld_exported_symbols_list=yes
lt_cv_ld_force_load=yes
lt_cv_ld_reload_flag=-r
lt_cv_nm_interface='BSD nm'
lt_cv_objdir=.libs
lt_cv_path_LD=/Applications/Xcode.app/Contents/Developer/Toolchains/XcodeDefault.xctoolchain/usr/bin/ld
lt_cv_path_LDCXX=/Applications/Xcode.app/Contents/Developer/Toolchains/XcodeDefault.xctoolchain/usr/bin/ld
lt_cv_path_NM='/usr/bin/nm -B'
lt_cv_path_mainfest_tool=no
lt_cv_prog_compiler_c_o=yes
lt_cv_prog_compiler_c_o_CXX=yes
lt_cv_prog_compiler_pic='-fno-common -DPIC'
lt_cv_prog_compiler_pic_CXX='-fno-common -DPIC'
lt_cv_prog_compiler_pic_works=yes
lt_cv_prog_compiler_pic_works_CXX=yes
lt_cv_prog_compiler_rtti_exceptions=yes
lt_cv_prog_compiler_static_works=no
lt_cv_prog_compiler_static_works_CXX=no
lt_cv_prog_gnu_ld=no
lt_cv_prog_gnu_ldcxx=no
lt_cv_sharedlib_from_linklib_cmd='printf %s\n'
lt_cv_sys_global_symbol_pipe='sed -n -e '\''s/^.*[	 ]\([BCDEGRST][BCDEGRST]*\)[	 ][	 ]*_\([_A-Za-z][_A-Za-z0-9]*\)$/\1 _\2 \2/p'\'' | sed '\''/ __gnu_lto/d'\'''
lt_cv_sys_global_symbol_to_c_name_address='sed -n -e '\''s/^: \(.*\) .*$/  {"\1", (void *) 0},/p'\'' -e '\''s/^[BCDEGRST][BCDEGRST]* .* \(.*\)$/  {"\1", (void *) \&\1},/p'\'''
lt_cv_sys_global_symbol_to_c_name_address_lib_prefix='sed -n -e '\''s/^: \(.*\) .*$/  {"\1", (void *) 0},/p'\'' -e '\''s/^[BCDEGRST][BCDEGRST]* .* \(lib.*\)$/  {"\1", (void *) \&\1},/p'\'' -e '\''s/^[BCDEGRST][BCDEGRST]* .* \(.*\)$/  {"lib\1", (void *) \&\1},/p'\'''
lt_cv_sys_global_symbol_to_cdecl='sed -n -e '\''s/^T .* \(.*\)$/extern int \1();/p'\'' -e '\''s/^[BCDEGRST][BCDEGRST]* .* \(.*\)$/extern char \1;/p'\'''
lt_cv_sys_global_symbol_to_import=
lt_cv_sys_max_cmd_len=196608
lt_cv_to_host_file_cmd=func_convert_file_noop
lt_cv_to_tool_file_cmd=func_convert_file_noop
lt_cv_truncate_bin='/bin/dd bs=4096 count=1'
pkg_cv_CRYPTO_CFLAGS=-I/usr/local/Cellar/openssl/1.0.2n/include
pkg_cv_CRYPTO_LIBS='-L/usr/local/Cellar/openssl/1.0.2n/lib -lcrypto'
pkg_cv_PROTOBUF_CFLAGS='-D_THREAD_SAFE -I/usr/local/Cellar/protobuf/3.5.1/include'
pkg_cv_PROTOBUF_LIBS='-L/usr/local/Cellar/protobuf/3.5.1/lib -lprotobuf -D_THREAD_SAFE'
pkg_cv_QR_CFLAGS=-I/usr/local/Cellar/qrencode/4.0.0/include
pkg_cv_QR_LIBS='-L/usr/local/Cellar/qrencode/4.0.0/lib -lqrencode'
pkg_cv_QT_CFLAGS='-I/usr/local/Cellar/qt@5.5/5.5.1_1/include/QtNetwork -I/usr/local/Cellar/qt@5.5/5.5.1_1/include -I/usr/local/Cellar/qt@5.5/5.5.1_1/include/QtWidgets -I/usr/local/Cellar/qt@5.5/5.5.1_1/include -I/usr/local/Cellar/qt@5.5/5.5.1_1/include/QtGui -I/usr/local/Cellar/qt@5.5/5.5.1_1/include -I/usr/local/Cellar/qt@5.5/5.5.1_1/include/QtCore -I/usr/local/Cellar/qt@5.5/5.5.1_1/include'
pkg_cv_QT_DBUS_CFLAGS='-I/usr/local/Cellar/qt@5.5/5.5.1_1/include/QtDBus -I/usr/local/Cellar/qt@5.5/5.5.1_1/include -I/usr/local/Cellar/qt@5.5/5.5.1_1/include/QtCore -I/usr/local/Cellar/qt@5.5/5.5.1_1/include'
pkg_cv_QT_DBUS_LIBS='-F/usr/local/Cellar/qt@5.5/5.5.1_1/lib -framework QtDBus -F/usr/local/Cellar/qt@5.5/5.5.1_1/lib -framework QtCore'
pkg_cv_QT_LIBS='-F/usr/local/Cellar/qt@5.5/5.5.1_1/lib -framework QtNetwork -F/usr/local/Cellar/qt@5.5/5.5.1_1/lib -framework QtWidgets -F/usr/local/Cellar/qt@5.5/5.5.1_1/lib -framework QtGui -F/usr/local/Cellar/qt@5.5/5.5.1_1/lib -framework QtCore'
pkg_cv_QT_TEST_CFLAGS='-I/usr/local/Cellar/qt@5.5/5.5.1_1/include/QtTest -I/usr/local/Cellar/qt@5.5/5.5.1_1/include -I/usr/local/Cellar/qt@5.5/5.5.1_1/include/QtCore -I/usr/local/Cellar/qt@5.5/5.5.1_1/include'
pkg_cv_QT_TEST_LIBS='-F/usr/local/Cellar/qt@5.5/5.5.1_1/lib -framework QtTest -F/usr/local/Cellar/qt@5.5/5.5.1_1/lib -framework QtCore'
pkg_cv_SSL_CFLAGS=-I/usr/local/Cellar/openssl/1.0.2n/include
pkg_cv_SSL_LIBS='-L/usr/local/Cellar/openssl/1.0.2n/lib -lssl'

## ----------------- ##
## Output variables. ##
## ----------------- ##

ACLOCAL='${SHELL} /Users/akshay/Documents/innoket/build-aux/missing aclocal-1.16'
AMDEPBACKSLASH='\'
AMDEP_FALSE='#'
AMDEP_TRUE=''
AMTAR='$${TAR-tar}'
AM_BACKSLASH='\'
AM_DEFAULT_V='$(AM_DEFAULT_VERBOSITY)'
AM_DEFAULT_VERBOSITY='0'
AM_V='$(V)'
AR='/usr/bin/ar'
AUTOCONF='${SHELL} /Users/akshay/Documents/innoket/build-aux/missing autoconf'
AUTOHEADER='${SHELL} /Users/akshay/Documents/innoket/build-aux/missing autoheader'
AUTOMAKE='${SHELL} /Users/akshay/Documents/innoket/build-aux/missing automake-1.16'
AWK='awk'
BDB_CPPFLAGS=' -I/opt/local/include/db48/'
BDB_LIBS='-ldb_cxx-4.8'
BOOST_CHRONO_LIB='-lboost_chrono-mt'
BOOST_CPPFLAGS='-pthread -I/opt/local/include'
BOOST_FILESYSTEM_LIB='-lboost_filesystem-mt'
BOOST_LDFLAGS='-L/opt/local/lib'
BOOST_LIBS='-L/opt/local/lib -lboost_system-mt -lboost_filesystem-mt -lboost_program_options-mt -lboost_thread-mt -lboost_chrono-mt'
BOOST_PROGRAM_OPTIONS_LIB='-lboost_program_options-mt'
BOOST_SYSTEM_LIB='-lboost_system-mt'
BOOST_THREAD_LIB='-lboost_thread-mt'
BOOST_UNIT_TEST_FRAMEWORK_LIB='-lboost_unit_test_framework-mt'
BREW='brew'
BUILD_BITCOIND_FALSE='#'
BUILD_BITCOIND_TRUE=''
BUILD_BITCOIN_LIBS_FALSE='#'
BUILD_BITCOIN_LIBS_TRUE=''
BUILD_BITCOIN_UTILS_FALSE='#'
BUILD_BITCOIN_UTILS_TRUE=''
BUILD_DARWIN_FALSE='#'
BUILD_DARWIN_TRUE=''
BUILD_QT='qt'
BUILD_TEST='test'
BUILD_TEST_QT='test'
CC='gcc'
CCACHE=''
CCDEPMODE='depmode=gcc3'
CFLAGS='-g -O2'
CLIENT_VERSION_BUILD='1'
CLIENT_VERSION_IS_RELEASE='true'
CLIENT_VERSION_MAJOR='2'
CLIENT_VERSION_MINOR='1'
CLIENT_VERSION_REVISION='0'
COMPARISON_TOOL_REORG_TESTS='0'
COPYRIGHT_YEAR='2018'
CPP='gcc -E'
CPPFILT='/usr/bin/c++filt'
CPPFLAGS=' -DBOOST_SPIRIT_THREADSAFE -DHAVE_BUILD_INFO -D__STDC_FORMAT_MACROS -isystem /opt/local/include -I/opt/local/include/db48 -I/usr/local/opt/berkeley-db@4/include -DMAC_OSX  -U_FORTIFY_SOURCE -D_FORTIFY_SOURCE=2 -DHAVE_QT5'
CRYPTO_CFLAGS='-I/usr/local/Cellar/openssl/1.0.2n/include'
CRYPTO_LIBS='-L/usr/local/Cellar/openssl/1.0.2n/lib -lcrypto'
CXX='g++ -std=c++11'
CXXCPP='g++ -std=c++11 -E'
CXXDEPMODE='depmode=gcc3'
CXXFLAGS='-g -O2 -Wall -Wextra -Wformat -Wformat-security -Wno-unused-parameter  -Wstack-protector -fstack-protector-all -fPIC -fvisibility=hidden'
CYGPATH_W='echo'
DEFS='-DHAVE_CONFIG_H'
DEPDIR='.deps'
DLLTOOL='false'
DSYMUTIL='dsymutil'
DUMPBIN=''
ECHO_C='\c'
ECHO_N=''
ECHO_T=''
EGREP='/usr/bin/grep -E'
EMBEDDED_LEVELDB_FALSE='#'
EMBEDDED_LEVELDB_TRUE=''
ENABLE_QT_FALSE='#'
ENABLE_QT_TESTS_FALSE='#'
ENABLE_QT_TESTS_TRUE=''
ENABLE_QT_TRUE=''
ENABLE_TESTS_FALSE='#'
ENABLE_TESTS_TRUE=''
ENABLE_WALLET_FALSE='#'
ENABLE_WALLET_TRUE=''
ENABLE_ZMQ_FALSE=''
ENABLE_ZMQ_TRUE='#'
EXEEXT=''
FGREP='/usr/bin/grep -F'
GCOV='/usr/bin/gcov'
GENHTML=''
GENISOIMAGE=''
GIT='/usr/bin/git'
GLIBC_BACK_COMPAT_FALSE=''
GLIBC_BACK_COMPAT_TRUE='#'
GREP='/usr/bin/grep'
HAVE_CXX11='1'
HAVE_QT5_FALSE='#'
HAVE_QT5_TRUE=''
HEXDUMP='/usr/bin/hexdump'
IMAGEMAGICK_CONVERT=''
INSTALLNAMETOOL=''
INSTALL_DATA='${INSTALL} -m 644'
INSTALL_PROGRAM='${INSTALL}'
INSTALL_SCRIPT='${INSTALL}'
INSTALL_STRIP_PROGRAM='$(install_sh) -c -s'
JAVA='/usr/bin/java'
JAVA_COMPARISON_TOOL=''
LCOV=''
LD='/Applications/Xcode.app/Contents/Developer/Toolchains/XcodeDefault.xctoolchain/usr/bin/ld'
LDFLAGS=' -Wl,-headerpad_max_install_names  -Wl,-dead_strip'
LEVELDB_CPPFLAGS=''
LEVELDB_TARGET_FLAGS='TARGET_OS=Darwin'
LIBLEVELDB=''
LIBMEMENV=''
LIBOBJS=''
LIBS='-lcrypto  -L/opt/local/lib -L/opt/local/lib/db48 -L/usr/local/opt/berkeley-db@4/lib'
LIBTOOL='$(SHELL) $(top_builddir)/libtool'
LIBTOOL_APP_LDFLAGS=''
LIPO='lipo'
LN_S='ln -s'
LRELEASE='/usr/local/Cellar/qt@5.5/5.5.1_1/bin/lrelease'
LTLIBOBJS=''
LT_SYS_LIBRARY_PATH=''
LUPDATE='/usr/local/Cellar/qt@5.5/5.5.1_1/bin/lupdate'
MAINT=''
MAINTAINER_MODE_FALSE='#'
MAINTAINER_MODE_TRUE=''
MAKEINFO='${SHELL} /Users/akshay/Documents/innoket/build-aux/missing makeinfo'
MAKENSIS=''
MANIFEST_TOOL=':'
MINIUPNPC_CPPFLAGS=''
MINIUPNPC_LIBS='-lminiupnpc'
MKDIR_P='build-aux/install-sh -c -d'
MOC='/usr/local/Cellar/qt@5.5/5.5.1_1/bin/moc'
MOC_DEFS='-DHAVE_CONFIG_H -I$(srcdir) -DQ_OS_MAC'
NM='/usr/bin/nm -B'
NMEDIT='nmedit'
OBJCOPY=''
OBJCXX='g++ -std=c++11'
OBJCXXDEPMODE='depmode=gcc3'
OBJCXXFLAGS='-g -O2 -Wall -Wextra -Wformat -Wformat-security -Wno-unused-parameter  -Wstack-protector -fstack-protector-all -fPIC'
OBJDUMP='objdump'
OBJEXT='o'
OTOOL64=':'
OTOOL='otool'
PACKAGE='innoket'
PACKAGE_BUGREPORT='http://bit.innokets'
PACKAGE_NAME='Innoket Core'
PACKAGE_STRING='Innoket Core 2.1.0'
PACKAGE_TARNAME='innoket'
PACKAGE_URL=''
PACKAGE_VERSION='2.1.0'
PATH_SEPARATOR=':'
PKG_CONFIG='/usr/local/bin/pkg-config'
PKG_CONFIG_LIBDIR=''
PKG_CONFIG_PATH='/usr/local/Cellar/qt/5.10.1/lib/pkgconfig:/usr/local/opt/openssl/lib/pkgconfig:'
PORT='port'
PROTOBUF_CFLAGS='-D_THREAD_SAFE -I/usr/local/Cellar/protobuf/3.5.1/include'
PROTOBUF_LIBS='-L/usr/local/Cellar/protobuf/3.5.1/lib -lprotobuf -D_THREAD_SAFE'
PROTOC='/usr/local/bin/protoc'
PTHREAD_CC='gcc'
PTHREAD_CFLAGS='-D_THREAD_SAFE -pthread'
PTHREAD_LIBS=''
PYTHON='/usr/local/bin/python3'
PYTHONPATH=''
QR_CFLAGS='-I/usr/local/Cellar/qrencode/4.0.0/include'
QR_LIBS='-L/usr/local/Cellar/qrencode/4.0.0/lib -lqrencode'
QTPLATFORM_CFLAGS=''
QTPLATFORM_LIBS=''
QTPRINT_CFLAGS=''
QTPRINT_LIBS=''
QTXCBQPA_CFLAGS=''
QTXCBQPA_LIBS=''
QT_CFLAGS='-I/usr/local/Cellar/qt@5.5/5.5.1_1/include/QtNetwork -I/usr/local/Cellar/qt@5.5/5.5.1_1/include -I/usr/local/Cellar/qt@5.5/5.5.1_1/include/QtWidgets -I/usr/local/Cellar/qt@5.5/5.5.1_1/include -I/usr/local/Cellar/qt@5.5/5.5.1_1/include/QtGui -I/usr/local/Cellar/qt@5.5/5.5.1_1/include -I/usr/local/Cellar/qt@5.5/5.5.1_1/include/QtCore -I/usr/local/Cellar/qt@5.5/5.5.1_1/include'
QT_DBUS_CFLAGS='-I/usr/local/Cellar/qt@5.5/5.5.1_1/include/QtDBus -I/usr/local/Cellar/qt@5.5/5.5.1_1/include -I/usr/local/Cellar/qt@5.5/5.5.1_1/include/QtCore -I/usr/local/Cellar/qt@5.5/5.5.1_1/include'
QT_DBUS_INCLUDES='-I/usr/local/Cellar/qt@5.5/5.5.1_1/include/QtDBus -I/usr/local/Cellar/qt@5.5/5.5.1_1/include -I/usr/local/Cellar/qt@5.5/5.5.1_1/include/QtCore -I/usr/local/Cellar/qt@5.5/5.5.1_1/include'
QT_DBUS_LIBS='-F/usr/local/Cellar/qt@5.5/5.5.1_1/lib -framework QtDBus -F/usr/local/Cellar/qt@5.5/5.5.1_1/lib -framework QtCore'
QT_INCLUDES='-I/usr/local/Cellar/qt@5.5/5.5.1_1/include/QtNetwork -I/usr/local/Cellar/qt@5.5/5.5.1_1/include -I/usr/local/Cellar/qt@5.5/5.5.1_1/include/QtWidgets -I/usr/local/Cellar/qt@5.5/5.5.1_1/include -I/usr/local/Cellar/qt@5.5/5.5.1_1/include/QtGui -I/usr/local/Cellar/qt@5.5/5.5.1_1/include -I/usr/local/Cellar/qt@5.5/5.5.1_1/include/QtCore -I/usr/local/Cellar/qt@5.5/5.5.1_1/include'
QT_LDFLAGS=''
QT_LIBS='-F/usr/local/Cellar/qt@5.5/5.5.1_1/lib -framework QtNetwork -F/usr/local/Cellar/qt@5.5/5.5.1_1/lib -framework QtWidgets -F/usr/local/Cellar/qt@5.5/5.5.1_1/lib -framework QtGui -F/usr/local/Cellar/qt@5.5/5.5.1_1/lib -framework QtCore -framework Foundation -framework ApplicationServices -framework AppKit'
QT_PIE_FLAGS=''
QT_SELECT='qt5'
QT_TEST_CFLAGS='-I/usr/local/Cellar/qt@5.5/5.5.1_1/include/QtTest -I/usr/local/Cellar/qt@5.5/5.5.1_1/include -I/usr/local/Cellar/qt@5.5/5.5.1_1/include/QtCore -I/usr/local/Cellar/qt@5.5/5.5.1_1/include'
QT_TEST_INCLUDES='-I/usr/local/Cellar/qt@5.5/5.5.1_1/include/QtTest -I/usr/local/Cellar/qt@5.5/5.5.1_1/include -I/usr/local/Cellar/qt@5.5/5.5.1_1/include/QtCore -I/usr/local/Cellar/qt@5.5/5.5.1_1/include'
QT_TEST_LIBS='-F/usr/local/Cellar/qt@5.5/5.5.1_1/lib -framework QtTest -F/usr/local/Cellar/qt@5.5/5.5.1_1/lib -framework QtCore'
QT_TRANSLATION_DIR=''
RANLIB='/usr/bin/ranlib'
RCC='/usr/local/Cellar/qt@5.5/5.5.1_1/bin/rcc'
READELF=''
RELDFLAGS=''
RSVG_CONVERT='/usr/local/bin/rsvg-convert'
SED='/usr/bin/sed'
SET_MAKE=''
SHELL='/bin/sh'
SSL_CFLAGS='-I/usr/local/Cellar/openssl/1.0.2n/include'
SSL_LIBS='-L/usr/local/Cellar/openssl/1.0.2n/lib -lssl'
STRIP='/usr/bin/strip'
TARGET_DARWIN_FALSE='#'
TARGET_DARWIN_TRUE=''
TARGET_WINDOWS_FALSE=''
TARGET_WINDOWS_TRUE='#'
TESTDEFS=' -DBOOST_TEST_DYN_LINK'
TIFFCP=''
UIC='/usr/local/Cellar/qt@5.5/5.5.1_1/bin/uic'
USE_COMPARISON_TOOL_FALSE=''
USE_COMPARISON_TOOL_REORG_TESTS_FALSE='#'
USE_COMPARISON_TOOL_REORG_TESTS_TRUE=''
USE_COMPARISON_TOOL_TRUE='#'
USE_LCOV_FALSE=''
USE_LCOV_TRUE='#'
USE_LIBSECP256K1_FALSE=''
USE_LIBSECP256K1_TRUE='#'
USE_QRCODE=''
USE_QRCODE_FALSE='#'
USE_QRCODE_TRUE=''
USE_UPNP=''
VERSION='2.1.0'
WINDOWS_BITS=''
WINDRES=''
X11XCB_CFLAGS=''
X11XCB_LIBS=''
XGETTEXT='/opt/local/bin/xgettext'
ZMQ_CFLAGS=''
ZMQ_LIBS=''
ac_ct_AR='ar'
ac_ct_CC='gcc'
ac_ct_CXX='g++'
ac_ct_DUMPBIN=''
ac_ct_OBJCXX=''
am__EXEEXT_FALSE=''
am__EXEEXT_TRUE='#'
am__fastdepCC_FALSE='#'
am__fastdepCC_TRUE=''
am__fastdepCXX_FALSE='#'
am__fastdepCXX_TRUE=''
am__fastdepOBJCXX_FALSE='#'
am__fastdepOBJCXX_TRUE=''
am__include='include'
am__isrc=''
am__leading_dot='.'
am__nodep='_no'
am__quote=''
am__tar='$${TAR-tar} chof - "$$tardir"'
am__untar='$${TAR-tar} xf -'
ax_pthread_config=''
bindir='${exec_prefix}/bin'
build='x86_64-apple-darwin17.3.0'
build_alias=''
build_cpu='x86_64'
build_os='darwin17.3.0'
build_vendor='apple'
datadir='${datarootdir}'
datarootdir='${prefix}/share'
docdir='${datarootdir}/doc/${PACKAGE_TARNAME}'
dvidir='${docdir}'
exec_prefix='${prefix}'
host='x86_64-apple-darwin17.3.0'
host_alias=''
host_cpu='x86_64'
host_os='darwin17.3.0'
host_vendor='apple'
htmldir='${docdir}'
includedir='${prefix}/include'
infodir='${datarootdir}/info'
install_sh='${SHELL} /Users/akshay/Documents/innoket/build-aux/install-sh'
libdir='${exec_prefix}/lib'
libexecdir='${exec_prefix}/libexec'
localedir='${datarootdir}/locale'
localstatedir='${prefix}/var'
mandir='${datarootdir}/man'
mkdir_p='$(MKDIR_P)'
oldincludedir='/usr/include'
pdfdir='${docdir}'
prefix='/usr/local'
program_transform_name='s,x,x,'
psdir='${docdir}'
sbindir='${exec_prefix}/sbin'
sharedstatedir='${prefix}/com'
subdirs=' src/secp256k1'
sysconfdir='${prefix}/etc'
target_alias=''

## ----------- ##
## confdefs.h. ##
## ----------- ##

/* confdefs.h */
#define PACKAGE_NAME "Innoket Core"
#define PACKAGE_TARNAME "innoket"
#define PACKAGE_VERSION "2.1.0"
#define PACKAGE_STRING "Innoket Core 2.1.0"
#define PACKAGE_BUGREPORT "http://bit.innokets"
#define PACKAGE_URL ""
#define HAVE_CXX11 1
#define STDC_HEADERS 1
#define HAVE_SYS_TYPES_H 1
#define HAVE_SYS_STAT_H 1
#define HAVE_STDLIB_H 1
#define HAVE_STRING_H 1
#define HAVE_MEMORY_H 1
#define HAVE_STRINGS_H 1
#define HAVE_INTTYPES_H 1
#define HAVE_STDINT_H 1
#define HAVE_UNISTD_H 1
#define HAVE_DLFCN_H 1
#define LT_OBJDIR ".libs/"
#define HAVE_PTHREAD_PRIO_INHERIT 1
#define HAVE_PTHREAD 1
#define HAVE_DECL_STRERROR_R 1
#define HAVE_STRERROR_R 1
#define HAVE_FUNC_ATTRIBUTE_VISIBILITY 1
#define HAVE_STDIO_H 1
#define HAVE_STDLIB_H 1
#define HAVE_UNISTD_H 1
#define HAVE_STRINGS_H 1
#define HAVE_SYS_TYPES_H 1
#define HAVE_SYS_STAT_H 1
#define HAVE_SYS_SELECT_H 1
#define HAVE_INET_PTON 1
#define HAVE_DECL_STRNLEN 1
#define HAVE_DECL_LE32TOH 0
#define HAVE_DECL_LE64TOH 0
#define HAVE_DECL_HTOLE32 0
#define HAVE_DECL_HTOLE64 0
#define HAVE_DECL_BE32TOH 0
#define HAVE_DECL_BE64TOH 0
#define HAVE_DECL_HTOBE32 0
#define HAVE_DECL_HTOBE64 0
#define HAVE_VISIBILITY_ATTRIBUTE 1
#define HAVE_MINIUPNPC_MINIWGET_H 1
#define HAVE_MINIUPNPC_MINIUPNPC_H 1
#define HAVE_MINIUPNPC_UPNPCOMMANDS_H 1
#define HAVE_MINIUPNPC_UPNPERRORS_H 1
#define HAVE_QT5 1
#define HAVE_BOOST /**/
#define HAVE_BOOST_SYSTEM /**/
#define HAVE_BOOST_FILESYSTEM /**/
#define HAVE_BOOST_PROGRAM_OPTIONS /**/
#define HAVE_BOOST_THREAD /**/
#define HAVE_BOOST_CHRONO /**/
#define HAVE_BOOST_UNIT_TEST_FRAMEWORK /**/
#define HAVE_WORKING_BOOST_SLEEP_FOR 1
#define ENABLE_ZMQ 0
#define HAVE_LIBCRYPTO 1
#define HAVE_CONSENSUS_LIB 1
#define ENABLE_WALLET 1
#define USE_UPNP 0
#define USE_DBUS 1
#define USE_QRCODE 1
#define CLIENT_VERSION_MAJOR 2
#define CLIENT_VERSION_MINOR 1
#define CLIENT_VERSION_REVISION 0
#define CLIENT_VERSION_BUILD 1
#define CLIENT_VERSION_IS_RELEASE true
#define COPYRIGHT_YEAR 2018

configure: exit 0
